2018-01-12 11:47:57,789 - INFO - webService.py - istext - 183 - 用户上传文本: 楚易收到她鼓励的信息，吻更加狂乱的落在她的身上，点燃一簇又一簇的欲火熊熊燃烧。伸手轻易解开她的衣带，褪下她的衣裳，大掌颤抖的抚上她的柔软。七年了，他终于再次如愿以偿！在她娇嫩的肌肤上留下一处又一处的印迹，他狂霸的想要把她据为己有，整日膜拜。此生有她，夫复何求！

“楚易……”语湘媚眼如丝，娇吟出声。他的手所经之处带起一波波的电流，叫她抽息狂乱，不知所措。虽然已经有了孩子，她的经验也不过七年前那一次，难免生涩。除了回应他，她也不知道要怎么做，只等他带领她冲上高潮。

感受她的生涩，楚易也有些惊讶。她本是有丈夫的妇人，为何这么没有经验？听说新婚不久，她的丈夫便去从军了，然后再也没有回来。如果是这样她没什么经验也合情合理。想到这里，楚易心里很是高兴。说明她的丈夫走后她也没有其他的男人，而他将是她的最后一个男人！

楚易吹熄蜡烛，只剩床头的一根照亮他们疯狂的夜晚。他将她横陈在床上，放下帘帐。吻不断的落在她的身上，手也四处撩拨点火，让她忍不住弓起身子，却找不到发泄的出口。她觉得浑身好空虚、好难受。当楚易的指尖划过她的大腿内壁，电流窜过她的身子，她倒抽一口气，紧紧抱住他钢铁一般的身子，仿若抓住海面上的一块浮木，在那一刻生死浮沉。

第五章　 马背激情(一)
猛地低下头，薄唇压在她的红唇上，空出一只手抚上她胸前的丰满，找到那颗粉嫩的乳尖狠心一捏，趁着她疼痛惊呼的瞬间撬开她的贝齿，缠住她的丁香小舌。

不消一刻，语湘便被吻得分不清天南地北，举旗投降，只剩下媚眼如丝，任由他上下其手，随意宰割。楚易满意的看着月光下她娇媚的模样，一边亲吻她敏感的肌肤一边撩起她的裙子，将手探到她的裙底，寻找神秘的森林腹地。

语湘尚留的一丝清明在楚易碰到她下面的柔软时惊醒，伸手止住他的动作，娇喘吁吁的说道：“不要在这里，楚易。”

“现在说太迟了。”箭在弦上不得不发，楚易已经没有办法控制自己了。他眸色一黯，轻易便将她的手反锁在后面，仍旧朝她的圣地去膜拜。胸前的吻让敏感的她一阵阵颤抖，身下更激起她千万层波浪翻涌。嘴里无法抑制的娇吟，只能让楚易更加的兴奋、张狂。最后，他低吼一声，将自己的昂扬刺入她温暖的世界。几乎不用使力，马背上的颠簸令她的身体自动的便上下起落，成就一段段销魂。楚易控住马缰，轻轻一拉便使马儿加快脚步，缠着他脖颈的那副娇软身躯于是幅度更大速度更快的起落，快感自四面八方阵阵袭来。

“快说，你爱我！”在这个时候，楚易仍不忘要严刑逼供。

语湘摇摇头，似泣非泣的娇喘着说道：“我不爱你。”

“你说谎！”他不喜欢听见这样的结果，一控马缰，马儿更快的奔跑起来。快速的上下起落让两人结合的地方传来更强烈的电流，烫得她无法言语。
2018-01-12 11:47:57,920 - INFO - webService.py - istext - 185 - 分词之后长度: 327
2018-01-12 11:47:58,051 - INFO - webService.py - getDocSexProba - 104 - 色情分类概率是：0.999757, 模型分类结果：1, 分词结果：楚易 收到 鼓励 信息 吻 狂乱 落 身上 点燃 一簇 一簇 欲火 熊熊燃烧 伸手 轻易 解开 衣带 褪下 衣裳 大掌 颤抖 抚上 柔软 七年 终于 如愿以偿 娇嫩 肌肤 留下 一处 一处 印迹 狂霸 想要 据为己有 整日 膜拜 此生 夫 复 何求 楚易 语湘 媚眼 如丝 娇吟 出声 手所 之处 带起 波波 电流 抽息 狂乱 不知所措 孩子 经验 七年 前 难免 生涩 回应 做 带领 高潮 感受 生涩 楚易 惊讶 本是 丈夫 妇人 经验 听说 新婚 丈夫 便 从军 再也 回来 没什么 经验 合情合理 想到 楚易 丈夫 走 男人 男人 楚易 吹熄 蜡烛 剩 床头 一根 照亮 疯狂 夜晚 横陈 床上 放下 帘帐 吻 落 身上 手 四处 撩拨 点火 忍不住 弓起 身子 找 不到 发泄 出口 浑身 空虚 难受 楚易 指尖 划过 大腿 内壁 电流 窜 身子 倒 抽 一口气 紧紧 抱住 钢铁 身子 仿若 抓住 海面 一块 浮木 那一刻 生死 浮沉 第五章 马背 激情 猛地 低下头 薄唇 压 红唇 空 出 一只 手抚 胸前 丰满 找到 颗 粉嫩 乳尖 狠心 捏 疼痛 惊呼 瞬间 撬开 贝齿 缠住 丁香 小舌 一刻 语 湘 便 吻 分不清 天南地北 举旗 投降 剩下 媚眼 如丝 任由 上下其手 随意 宰割 楚易 满意 看着 月光 娇媚 模样 亲吻 敏感 肌肤 撩起 裙子 将手 探到 裙底 寻找 神秘 森林 腹地 语湘尚 留 一丝 清明 楚易 碰到 柔软 时 惊醒 伸手 止住 动作 娇 喘吁吁 说道 楚易 说 太 迟 箭在弦上 发 楚易 办法 控制 眸色 黯 轻易 便 手 反锁 圣地 膜拜 胸前 吻让 敏感 一阵阵 颤抖 身下 更 激起 千万 层 波浪 翻涌 嘴里 抑制 娇吟 只能 楚易 兴奋 张狂 低 吼 一声 昂扬 刺入 温暖 世界 不用 使力 马背上 颠簸 令 身体 自动 便 起落 成就 一段段 销魂 楚易 控住 马 缰 轻轻 拉 便 马儿 加快脚步 缠 脖颈 副 娇软 身躯 幅度 更 速度 更快 起落 快感 四面八方 阵阵 袭 快 说 爱 楚易 忘 严刑 逼供 语湘 摇摇头 似泣非泣 娇喘 说道 爱 说谎 喜欢 听见 控马 缰 马儿 更快 奔跑 快速 起落 两人 地方 传来 更 电流 烫得 言语
2018-01-12 11:47:58,053 - INFO - webService.py - getParagraphList - 134 - 分段长度为：6
2018-01-12 11:47:58,093 - INFO - webService.py - getDocSexProba - 104 - 色情分类概率是：0.984844, 模型分类结果：1, 分词结果：楚易 收到 鼓励 信息 吻 狂乱 落 身上 点燃 一簇 一簇 欲火 熊熊燃烧 伸手 轻易 解开 衣带 褪下 衣裳 大掌 颤抖 抚上 柔软 七年 终于 如愿以偿 娇嫩 肌肤 留下 一处 一处 印迹 狂霸 想要 据为己有 整日 膜拜 此生 夫 复 何求 楚易 语湘 媚眼 如丝 娇吟 出声 手所 之处 带起 波波 电流 抽息 狂乱 不知所措 孩子 经验 七年 前 难免 生涩
2018-01-12 11:47:58,147 - INFO - webService.py - getDocSexProba - 104 - 色情分类概率是：0.876219, 模型分类结果：1, 分词结果：回应 做 带领 高潮 感受 生涩 楚易 惊讶 本是 丈夫 妇人 经验 听说 新婚 丈夫 便 从军 再也 回来 没什么 经验 合情合理 想到 楚易 丈夫 走 男人 男人 楚易 吹熄 蜡烛 剩 床头 一根 照亮 疯狂 夜晚 横陈 床上 放下 帘帐 吻 落 身上 手 四处 撩拨 点火 忍不住 弓起 身子 找 不到 发泄 出口
2018-01-12 11:47:58,173 - INFO - webService.py - getDocSexProba - 104 - 色情分类概率是：0.996182, 模型分类结果：1, 分词结果：浑身 空虚 难受 楚易 指尖 划过 大腿 内壁 电流 窜 身子 倒 抽 一口气 紧紧 抱住 钢铁 身子 仿若 抓住 海面 一块 浮木 那一刻 生死 浮沉 第五章 马背 激情 猛地 低下头 薄唇 压 红唇 空 出 一只 手抚 胸前 丰满 找到 颗 粉嫩 乳尖 狠心 捏 疼痛 惊呼 瞬间 撬开 贝齿 缠住 丁香 小舌 一刻 语 湘 便 吻 分不清 天南地北 举旗 投降 剩下 媚眼 如丝 任由 上下其手 随意 宰割
2018-01-12 11:47:58,201 - INFO - webService.py - getDocSexProba - 104 - 色情分类概率是：0.990369, 模型分类结果：1, 分词结果：楚易 满意 看着 月光 娇媚 模样 亲吻 敏感 肌肤 撩起 裙子 将手 探到 裙底 寻找 神秘 森林 腹地 语湘尚 留 一丝 清明 楚易 碰到 柔软 时 惊醒 伸手 止住 动作 娇 喘吁吁 说道 楚易 说 太 迟 箭在弦上 发 楚易 办法 控制 眸色 黯 轻易 便 手 反锁 圣地 膜拜 胸前 吻让 敏感 一阵阵 颤抖 身下 更 激起 千万 层 波浪 翻涌
2018-01-12 11:47:58,241 - INFO - webService.py - getDocSexProba - 104 - 色情分类概率是：0.963361, 模型分类结果：1, 分词结果：嘴里 抑制 娇吟 只能 楚易 兴奋 张狂 低 吼 一声 昂扬 刺入 温暖 世界 不用 使力 马背上 颠簸 令 身体 自动 便 起落 成就 一段段 销魂 楚易 控住 马 缰 轻轻 拉 便 马儿 加快脚步 缠 脖颈 副 娇软 身躯 幅度 更 速度 更快 起落 快感 四面八方 阵阵 袭 快 说 爱 楚易 忘 严刑 逼供 语湘 摇摇头 似泣非泣 娇喘 说道 爱 说谎
2018-01-12 11:47:58,256 - INFO - webService.py - getDocSexProba - 104 - 色情分类概率是：0.785215, 模型分类结果：1, 分词结果：喜欢 听见 控马 缰 马儿 更快 奔跑 快速 起落 两人 地方 传来 更 电流 烫得 言语
