2018-03-22 22:13:16,275 - INFO - webService.py - istext - 194 - 用户上传文本: 尽犯小人了。
　　“需要调查一下，不过以前真没听说过齐微还会刺绣。”说着，盛世华皱了皱眉，显然已经陷入了思考。
　　“就算不是齐微，也有可能是她的亲人，长相那么相似的两个人，总不能因为是巧合？”
　　说实话，这么久过去，我跟盛世华都要快把齐微这个人给忘记了。
　　“当初齐微背后的人到底是谁？”
　　当初查到的消息幕后之人是盛景云，可是现在看来，也许并没有那么简单。
　　说实话，盛景云虽然跟盛世华当初不对付，但是心思并没有特别坏，反而就像是一个闹别扭的小孩一样。
　　如果说，他用齐微来给盛世华添堵的话，倒是还有可能，而想想齐微当初做的事情，显然没有那么简单。
　　盛世华听到我的话，摇摇头一脸无奈。
　　“现在想想，当初针对我们的，应该跟司徒欢脱不了关系，她的嫌疑最大，而且能帮助齐微逃跑，很可能就是她的手笔。”
　　说到这，盛世华的脸色不太好。
　　司徒欢的手段颇多，哪怕是上一次在比武的时候，也能够悄悄易容，混了进去，要不是发现及时的话，还不知道会发生什么不可挽回的损失呢！
　　但就算是那样，都被司徒欢给逃走了，可见她的狡猾之处。
　　“你说，这个厉薇薇会是齐微吗？”
　　说实话，这两者相比，相差还不少，要知道，这厉薇薇现在可是国际上有名的设计师。
　　而这齐微也不过离开才一年时间罢了，这短短的一年时间，总不可能有这么大的变化。
　　若是以前，我跟盛世华也不会在这个事情上太深究，可是现在接二连三的被人算计，便不得不打起精神来对付。
　　不管是为了肚子里的孩子，还是婚礼的顺利举行，这件事必须要调查清楚。
　　盛世华只来得及吩咐人把事情调查一下后，便在第二天，便跟着考古人员一块飞到了南省。
　　盛世华一走，便觉得家里空荡荡的没有一丝。
　　因为有了养魂石的原因，轻言的魂魄不但比以前凝实了，甚至还摸索出了一套鬼修的法子，不过这方法比较正派，倒不是那墓主人那样，靠着吞噬别人的魂魄来壮大自身的。
　　这样的话，有时候不用借助犀角香，轻言在晚上也能够显形，这样导致的结果就是，李心瑶跟轻言更加黏糊，一人一魂魄，便不时的在家撒狗粮。
###第373章：李心瑶的事业心
　　盛世华走的第三天，厉薇薇便上门来送礼服。
　　本来还想着要不要她进来，但是想到这里是司徒家，想来她也是不会在这里做出什么事情的，况且现在又没有搞明白厉薇薇是不是齐微，这样把一个有名的设计师拒在门外的话，对司徒家的名声也不好听。
　　想到这，我点点头，直接让管家把人带进来了。
　　她手中提着两个大袋子，走进来后，先笑盈盈的跟我打了声招呼，而后，便把袋子里的盒子拿了出来。
　　“这些已经修改好了，腰身这一块，因为有两层拉链，哪怕到时候再变胖一点也能穿进去。
　　说着，她把礼服打开，这礼服一拿出来，便让司徒微微跟李心瑶看的移不开眼。
　　不得不说，这礼服设计跟制作的特别让人惊艳。
　　“真好看。”
　　司徒微微忍不住上手摸了摸这礼服，眼里尽是赞叹。
　　李心瑶最是擅长刺绣，这刺绣虽然没办法跟皇宫里的那些绣娘相比，但是在现代来说，这秀技却是不错的，尤其是这花样要比古代的时候漂亮，也新颖，看起来倒是美轮美奂。
　　“这西式的礼服不错，不过这中式的礼服在这里稍微修改一下更好。”
　　李心瑶本身就是古人，对古代的新娘礼服自然是熟悉的，再加上，她曾经是王妃，所穿的嫁衣更是精致，看了看，便找出几处细微的瑕疵之处。
　　听到李心瑶的指点，厉薇薇眼睛一亮。
　　“没想到你对这中式的礼服有这样的心得，你的建议真的很好，我怎么就没想到呢！”厉薇薇一脸感激的看向；李心瑶。
　　而后，又把这礼服装起来，迫不及待道：“我这就拿回去再修一下，保证这次更加漂亮。”
　　说完，便有急匆匆的走了。
　　她这迫不及待的模样，倒是让人觉得有些好笑。
　　“我倒是忘记了，这中式的礼服有哪个能比你更精通，早知道，让你设计一款嫁衣好了。”我朝李心瑶说道。
　　李心瑶抿唇笑道：“现在这礼服跟以前的嫁衣可不一样，尤其是这流行几年一变，每个朝代的款式都不一样，审美也不一样，现在的礼服结合了几个朝代的优点，做出来的更加漂亮，不说别的，就是现在看那些古装剧，我都心动，这衣服可比我们以前穿的漂亮多了，不仅款式好看，料子也更丰富。”
　　李心瑶的话却是不错，这电视剧上的古装还有发型首饰，为了电视效果，做的都是美轮美奂，自然是比古代的漂亮多了。
　　“要不是这样的话，我也不会不帮你做嫁衣了，不过，我这刺绣倒是比现在的刺绣好多了，本来我心里就有一个想法，那就是专门开一家秀坊，可是一直没有主意，刚才见到厉薇薇，我这心思便又活跃了起来。”
　　李心瑶看着我说道。
　　对于李心瑶的想法，我倒是挺赞成的。
　　之前我之所以没提出这些，是觉得李心瑶是古代的女人，怕是不会喜欢抛头露面，便也没提过。
　　似乎是看出我的想法，李心瑶接着说道：“这还是轻言鼓励我做的，现在这个社会男女平等，女人也可以做出一番事业，我天天在家里呆着无所事事也无聊，现在做一个秀坊也能解闷。”
　　“可是只有你一个人做的话，也太累了，我想想，我们不如做一个高级定制，限量版的，你看，那个厉薇薇就是走的高端路线，一年也就做几件衣服而已，但是赚的钱可不少。”我朝李心瑶建议道。
　　李心瑶点点头，同时说道：“另外，我也可以找点刺绣天赋好的当学徒，蕊蕊，你看看有没有对这方面有兴趣人品好的，我愿意收徒。”
　　我没想到李心瑶还有这样的想法。
　　不过这个我倒是支持，以前讲究师承，不少人敝帚自珍，导致不少手艺都灭绝在历史的长河之中。
　　“好，我帮你找。”
　　确定了这件事后，李心瑶便想着在哪里开了铺子，然后跟司徒微微开始商讨怎么做。
　　司徒微微虽然没了记忆，但毕竟经商多年，哪怕是潜意识里，也知道该怎么做。
　　有她出手指点，李心瑶几乎不用操心太多。
　　最后决定最好是租一间上下三层的房子，下面做展示，第二层则是工作室，第三层就布置成宿舍的模样。
　　因为要当秀坊用，面积也不能太小。
　　这倒是不麻烦，有司徒家在，这铺子好找的很。
　　当即我就吩咐秘书帮忙找一间，不到下午，便在司徒家的商场附近找到了这么一间，这里的人流量还不少，关键是，这附近都是卖奢侈品的，来这里的人，都是上层社会的人，消费观念比较强。
　　而找人的话，为了能够尽快上手，最好找一些有基础的。
　　这些人虽然不多，但是在江南那一块还是能找到一些的。
　　现在做手工的人少了，但是能够从长辈那里学一些刺绣手艺的，都是真心喜欢这一行的。
　　江南那边有司徒的分公司，我只让人寻了几家。
　　有几家祖上有传承，这样的人家自己有做这方面的生意，倒是不能强把拉人拉来。
　　不过最后还是找到了几家，这几家的女孩子都有些刺绣的手艺，但也就是最简单的，比较粗糙，也是跟长辈学的，但因为没有传承，也就是一般的手艺，不过这些姑娘比较喜欢刺绣，平时经常买一些十字绣来绣。
　　让人打听了一下人品后，又让人事部的亲自面试后，便问了下这几个人是否愿意来京城这边工作。
　　这几个女孩子年纪不大，十七八岁，因为家庭条件不好，学习也一般，有的念到初中毕业，有的高中毕业，本来在服装厂工作，不过因为休闲的时候绣十字绣卖钱，便正好被招收学徒工的人给发觉了。
　　因为待遇好，还能够学到真正的刺绣，便欣然答应。
　　本来家里人还不乐意，害怕遇到骗子，不过司徒家的企业比较知名，在看到几个人的工作证后，便同意了。
　　第二天，便带着几个孩子来到了京城跟李心瑶见面。
###第374章：打算
　　人事部看人的眼光不错，李心瑶看到几个孩子后倒也满意。
　　不过为了教导几个人刺绣，这几个人先被安排在了司徒家旁边的别墅。
　　这几个孩子家境不算好，猛一下来到司徒家这样一个富丽堂皇的地方，显得很是拘谨，手脚都不知道往哪里放。
　　整个人尴尬的，就连说话都不自在。
　　不过好在李心瑶就想着在这里找几个徒弟，对人倒也是很慈爱，看起来给人一种亲近温柔的感觉，不觉间，便让几个孩子稍微放松了下来。
　　一共三个孩子，有一对是姐妹俩，相差一岁，一个叫顾招娣，一个叫顾来娣，顾招娣是姐姐，稳重一些，顾来娣看起来活泼一些，另外一个姑娘看起来很文静，气质柔柔的，笑起来有些腼腆，叫李静然。
　　三个孩子，先被安排在了客房内，而工作室那边正在装修。
　　第一天，先让三个孩子去休息后，第二天，李心瑶便弄了不少绣线跟绣棚，还有一些花样。
　　然后手把手的教三个孩子针法跟绣法。
　　几个孩子，李静然学的最快，基础也比另外的姐妹好一些。
　　剩下的就是顾招娣这个姐姐，而顾来娣因为性子活泼一些，不能长时间集中精神，绣的一般。
　　一天下来，李心瑶便了解了三个人的天分。
　　我因为要养胎的原因，李心瑶在教导三个的时候，我也在一旁看着。
　　偶尔来兴趣了，自己也学几下。
　　不过到底是怀孕的原因，不能劳累，做一会，便觉得腰疼。
　　顾来娣倒是有眼色，看我不舒服，便连忙拿了抱枕给我垫在腰后面。
　　端茶送水也很有颜色。
　　不过看她的样子，对刺绣的心思不是很浓郁，一双眼睛滴溜溜转，不知道在想什么。
　　“來娣，你不喜欢刺绣吗？”我忍不住问她。
　　听到我的话，顾来娣有些紧张，但还是回答：“我喜欢，学到了刺绣能赚钱。”
　　“可我觉得你心思并不在这上面，如果不喜欢的话，不用勉强。”
　　这刺绣不好学，必须要静得下心来，又是一个仔细不容出错的工作，要是只因为赚钱而没有兴趣的话，做起来很痛苦的。
　　“我……”顾来娣紧张的正襟危坐，手不自觉的交缠在一起。
　　“蕊姐，我妹妹她……”顾招娣连忙出口解释。
　　“没关系，我让她自己说，你们也不用紧张，要想赚钱，也不是只有学刺绣这一条路子可以走的，每个人都有自己的长处，可以选择适合自己的。”
　　听到我的话，顾来娣脸一红，低着头说道：“绣十字绣是因为能赚钱我才做的。”
　　说到这，她又抬起头一脸祈求的看着我：“求求你别赶我走，我一定会认真努力学的。”
　　说完，她大气都不敢喘的看着我。
　　“不是你认真努力的事情，而是你喜不喜欢？”
　　我看向顾来娣问道。
　　“我……”顾来娣不知道该怎么说。
　　听到我跟顾来娣的对话，李心瑶叹了一口气，朝顾来娣说道：“你要是不喜欢的话，我也没人逼你，这秀坊又不是只要绣娘，还需要裁剪的，我听说你们之前都在服装厂工作，这裁剪对你们来说应该不难。”
　　听到李心瑶的话，顾来娣眼睛一亮，而后接着说道：“其实我很喜欢服装，而且我很喜欢设计。”
　　说到这，她有些不好意思：“就是刺绣上不太感兴趣。”
　　听到顾来娣的话，我也算是明白了。
　　不过这样也好。
　　也不是我多管闲事，而是李心瑶以前是王妃，后来就算不是王妃后，手下的丫鬟仆人也不少，又被轻言放在手心上宠爱，在这方面确实不太行，她是我师娘长辈，我替她长眼帮忙一下。
　　不过这最后是否收徒，收谁，这就看她自己了。
　　毕竟这在古代，师徒关系可是很亲近的关系，有句话不是，师徒如父子。
　　而我跟盛世华拜了轻言为师，李心瑶便是我们师娘，那么师娘的徒弟，便是我们俩的师妹。
　　这关系很亲近了，可以说，如果被李心瑶收徒的话，便有了我跟盛世华做靠山。
　　不过这收徒也不是随便收的，别可现在几个孩子被李心瑶教导，但是教导归教导，跟收徒可没有关系。
　　再说，李心瑶现在还年轻，可以收一个年纪小的，灵性比较好的。
　　这样以后，也能够当晚辈一样孝敬李心瑶，倒是一个不错的主意。
　　毕竟李心瑶跟轻言现在人鬼殊途，李心瑶这辈子也不会有孩子，要是有一个可心的徒弟也不错。
　　“我们工作室是主要做手工定制，走的中华风，你要是喜欢设计的话，可以多看一下，关于古代的一些衣服，另外，你有绘画基础没有？”我看向顾来娣问道。
　　听到我的话，顾来娣有些不好意思：“我只会一些简单的绘画，但是并没有学过。”
　　顾招娣也接着说道：“我妹妹画画很好。”
　　“我可以帮你报一个服装设计的夜校，你可以学学这方面。”
　　我并不是多好心的人，但这个孩子既然来了，总不能直接把人赶走吧！另外，如果她有天分的话，专门培养一下也不错，不过若是有天赋，能学出东西的话，倒是可以让她跟李心瑶的工作室签署几年的合同，只希望这孩子不是白眼狼。
　　听到我的话，顾来娣跟顾招娣很惊喜，忍不住喜形于色，到底还年轻，人也单纯，心里想什么脸上也瞒不住。
　　而李静然看起来很文静，一心一意的跟着李心瑶学习刺绣，看起来很认真。
　　而李心瑶看李静然的目光也很是满意。
　　两人不但姓氏相同，就连性子上看起来也有些相似，倒是有些投缘。
　　因为第一天学习的原因，三个人练习的只是简单的花草的刺绣。
　　用的是平绣，起落针都必须是绣在纹饰边缘 绣线做平行紧密的填补绣，针脚排列整齐均匀。也是基础针法，用来绣小花小草的，不适合大型图案，学起来也比较简单。
　　而我一时兴起，便给盛世华绣了个荷包，上面是一朵兰花加上盛世华的名字，因为图案简单，样式也倒是过得去。
###第375章：试探
　　第二天一早，厉薇薇便带着已经修改好的中式礼服过来了。
　　这一次比起之前的看起来更加漂亮，看起来很完美。
　　试穿后，顿时惊艳了众人，连顾招娣几人也忍不住赞叹出声，看着这华丽的礼服双眼冒光。
　　“以前只觉得婚纱很漂亮，但没想到这中式的嫁衣也能做的这么漂亮。”
　　几个少女星星眼的看着这礼服，尤其是上面精美的刺绣，更是让几人赞叹不已。
　　“这还是多谢李女士的指点，不然的话效果也不会这么好。”
　　礼服已经试穿完毕，几乎找不到任何瑕疵，现在离婚礼还有一周的时间，而盛世华也马上就要回来了，一切都开始准备就绪。
　　“没想到厉小姐刺绣的水平这么好，不知道厉小姐师承何处？”
　　把礼服收起来后，我拉着厉薇薇唠家常。
　　主要还是想要探听一下，她跟齐微是否有关联。
　　“我姥姥是江南厉家的人，我跟我姥姥长大的，从小就跟着她学习刺绣。”厉薇薇轻笑道。
　　“厉家？可是刺绣世家的厉家？”我惊讶道。
　　厉薇薇点点头。
　　我没想到厉薇薇竟然是出自名门，这样的话，她应该就不是齐微了，毕竟要想把刺绣学到这个水平，不是一朝一夕就能够锻炼出来的。
　　况且，是不是真实的，只要让人调查一番就好了。
　　而刺绣世家的厉家，名声也不小，要想调查的话也很容易。
　　只是，长相这么相似，会不会是姐妹？
　　“厉小姐姓厉是随母姓？”我看向厉薇薇笑眯眯的问道。
　　“跟司徒小姐一样都是随母姓。”
　　听到厉薇薇的话，我也不好再问下去了。
　　“只是觉得厉小姐手艺很好，而且厉小姐长的面善，让人一见如故。”我轻笑着看向厉薇薇说道。
　　厉薇薇勾了勾唇，而后便提出告退。
　　等人走了后，李心瑶一脸奇怪的看向我：“她是不是有地方不妥？”
　　“她跟一个人长的很相似，等我调查一下再看看。”
　　查不到真相，对这人便一刻不能放弃警惕。
　　“那这衣服要不要让叶老看看。”李心瑶一脸担忧的问我。
　　“衣服？”我一脸惊讶的看向李心瑶。
　　李心瑶白了我一眼，无奈道：“你啊！还是不够谨慎，要是她真的有歹心的话，可能会在这衣服上做文章。”
　　“可这衣服并没有不妥啊？”
　　李心瑶摇摇头：“这衣服上能做的文章多了，比如说，这衣服上浸一些对身体有害的药材，或者是用一些对身体有害的熏香熏衣服……”
　　听李心瑶讲完这些，我脸色都白了，没想到这手法竟然层出不穷，简直是让人防不胜防。
　　“就不说这些，就是现在的甲醛，对身体也不好，这些在以前都是后宅隐私，在那皇宫大院这种手段更是多如牛毛，只有你想不到的，没有人做不到的。”
　　李心瑶说起古代的事情，眼神带着怀念，又带着叹息跟悲哀。
　　听到李心瑶的话，我也不敢大意，正好今天便是叶爷爷给我把平安脉顺便针灸药浴的时间。
　　下午的时候，叶爷爷刚过来，我便拿来衣服给叶爷爷看。
　　叶爷爷用鼻子闻了闻这衣服：“这上面确实是有熏香，但是这味道……”
　　“怎么了？有问题吗？”我的心一下子提了起来。
　　叶爷爷又深吸了一口气，最后才摇摇头：“没什么问题，这应该是半月香。”
　　“半月香？”
　　“这是一种香料，有安神的效果，用作衣服上的熏香。”
　　听到叶爷爷的话，我才放心下来。
　　“真是人逢喜事精神爽，你这段时间的气色真是越来越好了。”叶爷爷看着我打趣道。
　　叶爷爷的打趣让我害羞的恨不得把变成鹌鹑一样把脑袋藏起来。
　　不过就算是这样，想到马上就要跟盛世华结婚，从此变成盛太太，心里还是幸福的。
　　盼着盛世华回来的心也越来越急切起来。
　　这一次祛毒的过程依旧很痛苦，不过这也算是最后一次，我只能强忍着。
　　感受着身体内的毒素从毛孔里往外一点点渗出来。
　　黑色的带着血迹一点点染黑了浴桶里面的水。
　　等换了几次水后，等里面的水变成透明色后，才算是好了，因为是最后一次的原因，这次并不像之前那么污浊，身上的皮肤也比之前白嫩了一些，不像之前因为中毒的时候，白色的皮肤下泛着淡淡的乌青。
　　不过就算是身体上的毒素都干净了，但腹中的孩子身上的毒素还没有清楚干净，唯一的希望，只是希望这孩子坚强一些，然后等他出生后，养两年再祛毒。
　　但是这祛毒的过程跟我一样，并不好受，想到这孩子将来要受这样的罪，便对着幕后之人恨得牙痒痒。
　　不管是天涯海角，我一定要把这些人都给揪出来。
　　“好了，剩下的药膳继续吃着就可以了，丫头，心里别有太大的负担，以后都会好起来的。”叶爷爷朝我轻声安慰道。
　　因为一场祛毒，我整个人像是虚脱了一样，整个人都软绵绵的没有力气。
　　刘嫂把炖好的药膳给我端过来，吃了一碗后，才觉得自己稍微恢复了一些。
　　“丫头为了孩子好好照顾自己，我还等着看重孙子出生呢！”
　　说完这些后，他又把自己找来的一些药材留了下来。
　　因为那有毒的何首乌的原因，现在药材的提供者变成了叶爷爷。
　　虽然有些麻烦叶爷爷，但是为了安全起见，我跟盛世华便厚着脸皮接受了叶爷爷的帮忙。
　　不过叶爷爷倒是无所谓，他自己本身就经常收集药材，这些对他来说，不过是举手之劳罢了。
　　在盛世华回来的前一天，李心瑶的工作室便已经装修好了。
　　因为本来装修就不错，这几天不过是专注室内软装罢了，所以速度很快，里面的装修是按照李心瑶喜欢的风格，古香古色，给人一种穿越时空的感觉。
　　不过也结合了一些现代的一些设计，看起来反而就像是一个古代版的大家闺秀的衣帽间一样。
###第376章：情蛊
　　不得不说，哪怕李心瑶是个古代人，但是身为王妃，多年的养尊处优的生活，造就的审美观不是一般人能够比拟的。
　　装修好了以后，三个女孩也搬了过去住宿。
　　李心瑶本来也想要过去，不过因为轻言的特殊性，最后还是待在了司徒家。
　　不过为了工作上的方便，李心瑶主动要求住在了另一栋别墅，那别墅是待客用的，平常来客人的时候住在那里，不过倒也清净，为此还专门整理出来一层来作为李心瑶工作的地方，里面的摆设也都是一些古香古色的家具，倒是很符合李心瑶的审美。
　　因为我跟盛世华都是轻言的徒弟，也算是等同于父子的关系，所以李心瑶住在司徒家，算是合情合理，也不会有寄人篱下的感觉。
　　现在开始，李心瑶已经开始着手设计古装礼服，只等着我跟盛世华婚礼过后，便开始逐渐营业。
　　我满心期待的等着盛世华回来，却没想到等来一个让我不敢置信的消息。
　　看着客厅内，跟阿朵你侬我侬的两个人，我整个人有种被雷劈了的感觉。
　　听着盛世华面无表情的看着我，说要取消婚礼的时候，我简直怀疑自己是不是幻听了。
　　“你说什么？”我站起身子，不敢置信的看着盛世华。
　　我不是没有面对过这种情况，实际上，从我跟盛世华在一起以来，因为种种误会跟原因，我们之间也曾分分合合几次。
　　但从来没有哪一次像今天这样，他看着我的目光里没有一丝一毫的情意，仿佛就像是在看一个陌生人。
　　不过才短短半个月的时间，难道真的能够忘却了那段刻骨铭心的感情？
　　我不相信。
　　“对不起，我现在爱上了阿朵，我们接触婚约吧！”盛世华看着我声音冷淡。
　　“你说的是真的？”
　　震惊过后，我反而冷静了下来。
　　我仔细观察着盛世华的一举一动，想要找到盛世华迫不得已的原因。
　　可不管我怎么说服自己，但是在盛世华那没有丝毫感情的目光下，最后还是败下了阵来。
　　“为什么你会喜欢上她？”
　　我看向盛世华问。
　　其实到现在，我整个人脑袋都是懵的，我们之间一起携手走过了那么多困难，难道真的要在婚礼前夕分道扬镳？
　　不……盛世华不可能这么对我，我们之间的感情也不可能作假。
　　一定是有什么不得已的原因。
　　“婚礼我会延后。”
　　“盛世华，我说过，不管你做什么决定，我都会支持你。”我深深地看了眼盛世华。
　　“司徒小姐，对不起，虽然我知道我这样做对你不公平，但是我跟盛世华之间是真心相爱的，你不知道，在古墓这段时间，我们彼此扶持，互相帮助，盛盟主更是三番两次涉险救我，我们之间是生死之间历练出来的感情，希望你能够成全我们。”阿朵搂着盛世华的胳膊朝我炫耀道。
　　她嘴里说着抱歉，但那语气跟眼神，无一不在说明她在朝我挑衅。
　　“这也是你的意思？”我看向盛世华问。
　　“阿朵的意思就是我的意思。”盛世华扭头看着阿朵，一脸的深情。
　　那目光我很熟悉，就是盛世华以前看待我的目光。
　　我不禁有些怀疑，难道爱情真的能够在这么短时间就能够转移到另一个人身上。
　　不可能，盛世华不是这样的人。
　　我恍恍惚惚的送走了盛世华跟阿朵。
　　整个人失魂落魄的坐在客厅内，脑袋里一片乱糟糟的。
　　“盛世华这个混蛋，竟然敢在这时候悔婚。”司徒微微一脸气愤的插着腰在客厅内直接骂起了盛世华。
　　“蕊蕊，你别太难过了，也许这中间有我们所不知道的事情。”李心瑶轻声劝慰着我。
　　我茫然的抬头，看向李心瑶，最后再把目光看向轻言。
　　“你们说，他是不是有什么不得已的苦衷？”我一脸祈求的看着轻言，祈求从他这里得到一个答案。
　　轻言蹙眉，想了一会，说道：“传言，苗族有种蛊，名叫情蛊。”
　　听到轻言的话，我的心里就像是被点燃了希望一般，看向轻言问道：“你是说，盛世华中了蛊？”
　　“应该是这样的，不然的话，没办法解释盛世华这样的人能够这么快就移情别恋，谁都能看出来，他之前对你的感情有多深。”轻言看着我说道。
　　听到轻言的话，我的心里更加坚定了。
　　是啊！我不该怀疑盛世华对我的感情。
　　“情蛊是怎么回事？”我看向轻言问道。
　　“传言，曾经苗族的圣女爱上一个外族的男人，求而不得，最后便研制出了一种情蛊，把情蛊的母蛊喂对方吃下，便能够爱上吃了雄蛊的人，从此永不分离，不过这种方法也有弊端，那就是这两人的寿命会缩短，因为情蛊的寿命只有短短十年，而作为他们的宿主便也只有十年。”
　　听到轻言的话，我心里一紧。
　　“那么说，盛世华中了情蛊的话，便只剩下十年的寿命？这阿朵也太疯狂了。“
　　我现在不禁有些后悔，明知道阿朵喜欢盛世华，但却还是任由她跟盛世华接触下去。
　　没想到最后竟然造成了这样的局面。
　　“有什么办法能够解掉盛世华体内的情蛊？”我看向轻言问道。
　　“这个只能找苗族的人，而且能够解这种情蛊的人很少，如果我猜的没错的话，这阿朵应该就是苗族这一代的圣女，这情蛊只是掌握在每一代的圣女手中，而且只有圣女可解。”
　　听到轻言的话，我的心沉了下来。
　　这些圣女可真够疯狂的，为了爱而不得的人，竟然能够研制出这样的蛊术。
　　“难道就没有别的办法了吗？”我一脸苦笑的看向轻言。
　　如果让阿朵自己解开情蛊的话，肯定是难上加难，没想到阿朵竟然这么疯狂。
　　不过就算是再难，我也要一试。
　　要知道，这情蛊还会影响盛世华的寿命的，就单单这一点，我就不可能让这情蛊留在盛世华的体内。
　　“这情蛊是越早解除约好，因为凡是蛊，都会吸收人身体内的养分为养料。”轻言提醒道。
###第377章：真心相爱？
　　听到轻言的解释，我越发紧张起来。
　　看来只有我亲自见一见阿朵了。
　　因为这件事，明天的婚礼便不得不取消了，请帖已经送出去了，最后只好挨个打电话通知，顺便道歉。
　　可以说，这件事，把司徒家跟盛家的面子都给折进去了，而且悔婚的事情，不管是在以前还是现在，对女方的名声都不太好。
　　不过好在对外说的是延期，但哪怕是这样，猜测也不少。
　　尤其是这阿朵并不想掩饰自己跟盛世华的关系，所以这消息在武林中很快就散了出去。
　　我把阿朵约在了一处咖啡厅，看着对面笑容明媚的少女，我心思复杂，以前只觉得这个少女直率，但没
2018-03-22 22:13:17,209 - INFO - webService.py - istext - 196 - 分词之后长度: 2362
2018-03-22 22:13:17,227 - INFO - webService.py - getDocSexProba - 107 - 色情分类概率是：0.000431, 模型分类结果：0, 分词结果：尽犯 小人 调查 真 没听说过 齐微 刺绣 说 盛世 华 皱 皱眉 陷入 思考 齐微 亲人 长相 两个 总 巧合 说实话 这么久 盛世 华 快 齐微 忘记 当初 齐微 背后 的人 当初 查到 消息 幕后 之人 盛景 云 也许 简单 说实话 盛景 云 盛世 华 当初 对付 心思 特别 坏 像是 闹别扭 小孩 如果说 齐微 盛世 华 添堵 倒 想想 齐微 当初 做 事情 简单 盛世 华 听到 摇摇头 一脸 无奈 想想 当初 司徒 欢 脱不了 关系 嫌疑 齐微 逃跑 手笔 说 盛世 华 脸色 不太好 司徒 欢 手段 颇 比武 悄悄 易容 混 发现 发生 挽回 损失 司徒 欢给 逃走 狡猾 处 说 厉 薇 薇 齐微 说实话 相比 相差 厉 薇 薇 国际 有名 设计师 齐微 离开 一年 时间 短短的 一年 时间 总 变化 盛世 华 事情 太 深究 接二连三 被人 算计 便 打起精神 对付 肚子 里 孩子 婚礼 顺利 这件 事 调查 盛世 华 吩咐 事情 调查 便 第二天 便 跟着 考古 人员 一块 飞到 南省 盛世 华 走 便 家里 空荡荡 一丝 养魂石 原因 轻言 魂魄 凝实 摸索 出 一套 鬼 修 法子 方法 正派 倒 墓 主人 靠着 吞噬 魂魄 壮大 这样的话 有时候 不用 借助 犀角 香 轻言 晚上 显形 导致 李心瑶 轻言 黏糊 魂魄 便 在家 撒 狗 粮 ### 章 李心瑶 事业心 盛世 华 走 第三天 厉 薇 薇 便 上门来 送 礼服 本来 想着 想到 司徒 家 想来 做出 事情 搞 明白 厉 薇 薇 齐微 有名 设计师 拒 门外 司徒 家 名声 不好 听 想到 点点头 管家 带进来 手中 提 两个 袋子 走进 来后 先 笑盈盈 声 招呼 便 袋子 里 盒子 修改 腰身 一块 两层 拉链 到时候 再变 胖 一点 穿 说 礼服 打开 礼服 便 司徒 微微 李心瑶 移不 开眼 说 礼服 设计 制作 特别 让人 惊艳 真 好看 司徒 微微 忍不住 手 摸了摸 礼服 眼里 赞叹 李心瑶 擅长 刺绣 刺绣 没 办法 皇宫 里 绣娘 相比 秀 技 却是 不错 花样 古代 漂亮 新颖 倒 美轮美奂 西式 礼服 不错 中式 礼服 稍微 修改 更好 李心瑶 古人 古代 新娘 礼服 自然 熟悉 王妃 所穿 嫁衣 更是 精致 便 找出 几处 细微 瑕疵 处 听到 李心瑶 指点 厉 薇 薇 眼睛 亮 没想到 中式 礼服 心得 建议 真的 没想到 厉 薇 薇 一脸 感激 看向 李心瑶 礼 服装 迫不及待 道 拿回去 修 保证 漂亮 说完 便 走 迫不及待 模样 倒 让人 好笑 倒 忘记 中式 礼服 能比 更 精通 早 让你 设计 一款 嫁衣 李心瑶 说道 李心瑶 抿 唇 笑 道 礼服 嫁衣 可不 流行 几年 变 朝代 款式 审美 礼服 几个 朝代 优点 做 漂亮 说 古装剧 心动 衣服 可比 穿 漂亮 款式 好看 料子 更 李心瑶 却是 不错 电视剧 古装 发型 首饰 电视 效果 做 美轮美奂 自然 古代 漂亮 这样的话 帮 做 嫁衣 刺绣 倒 刺绣 好多 本来 想法 开 一家 秀 坊 主意 见到 厉 薇 薇 心思 便 活跃 李心瑶 看着 说道 李心瑶 想法 倒 挺 赞成 没 提出 李心瑶 古代 女人 怕 喜欢 抛头露面 便 没 提过 想法 李心瑶 说道 轻言 鼓励 做 社会 男女平等 女人 做出 事业 天天 家里 呆 无所事事 无聊 做 秀 坊 解闷 一个人 做 太 累 想想 做 高级 定制 限量版 厉 薇 薇 走 高端 路线 一年 做 几件 衣服 赚 钱 李心瑶 建议 道 李心瑶 点点头 说道 找 点 刺绣 天赋 当学徒 蕊 蕊 有没有 这方面 兴趣 人品 收徒 没想到 李心瑶 想法 倒 支持 讲究 师承 敝帚自珍 导致 手艺 灭绝 历史 长河 之中 帮 找 这件 事后 李心瑶 便 想着 开 铺子 司徒 微微 商讨 做 司徒 微微 没 记忆 经商 多年 潜意识 里 做 出手 指点 李心瑶 不用 操心 太 租 一间 三层 房子 做 展示 第二层 工作室 第三层 布置 成 宿舍 模样 秀 坊 面积 太小 倒 麻烦 司徒 家 铺子 好找 吩咐 秘书 帮忙 找 一间 不到 下午 便 司徒 家 商场 找到 一间 人流量 关键 卖 奢侈品 的人 上层社会 的人 消费观念 强 找 手 找 基础 江南 一块 找到 做 手工 的人 少 长辈 学 刺绣 手艺 真心 喜欢 一行 江南 司徒 分公司 让人 寻 几家 几家 祖上 传承 做 这方面 生意 倒 强 拉人 拉来 找到 几家 几家 女孩子 刺绣 手艺 简单 粗糙 长辈 学 传承 手艺 姑娘 喜欢 刺绣 平时 买 十字绣 绣 让人 打听 人品 人事部 面试 便 问 几个 京城 工作 几个 女孩子 年纪 十七八岁 家庭 条件 不好 学习 念到 初中 毕业 高中毕业 本来 服装厂 工作 休闲 绣 十字绣 卖钱 便 正好 招收 学徒工 的人 发觉 待遇 学到 刺绣 便 欣然 答应 本来 家里人 不乐意 害怕 骗子 司徒 家 企业 知名 几个 工作证 便 同意 第二天 便 带着 几个 孩子 来到 京城 李心瑶 见面 ### 章 打算 人事部 眼光 不错 李心瑶 几个 孩子 倒 满意 教导 几个 刺绣 几个 先 安排 司徒 家 旁边 别墅 几个 孩子 家境 不算 猛 来到 司徒 家 富丽堂皇 地方 显得 拘谨 手脚 放 尴尬 说话 不自在 李心瑶 想着 找 几个 徒弟 倒 慈爱 一种 亲近 温柔 感觉 不觉 间 便 几个 孩子 稍微 放松 一共 三个 孩子 一对 姐妹俩 相差 一岁 顾招娣 顾来娣 顾招娣 姐姐 稳重 顾来娣 活泼 姑娘 文静 气质 柔柔的 笑 腼腆 李静然 三个 孩子 先 安排 客房 工作室 装修 第一天 先 三个 孩子 休息 第二天 李心瑶 便 弄 绣线 绣棚 花样 手把手 教 三个 孩子 针法 绣法 几个 孩子 李静然 学 最快 基础 姐妹 剩下 顾招娣 姐姐 顾来娣 性子 活泼 长时间 精神 绣 李心瑶 便 三个 天分 养胎 原因 李心瑶 教导 三个 一旁 看着 兴趣 学 几下 怀孕 原因 劳累 做 一会 便 腰疼 顾来娣 倒 眼色 舒服 便 连忙 抱 枕 垫 腰 端茶 送 水 颜色 样子 刺绣 心思 浓郁 一双 眼睛 滴溜溜转 想 來 娣 喜欢 刺绣 忍不住 问 听到 顾来娣 紧张 回答 喜欢 学到 刺绣 赚钱 心思 在这 喜欢 不用 勉强 刺绣 不好 学 静 下心 是一个 仔细 不容 出错 工作 赚钱 兴趣 做 痛苦 顾来娣 紧张 正襟危坐 手 自觉 交缠 在一起 蕊 姐 妹妹 顾招娣 连忙 出口 解释 没关系 说 不用 紧张 想 赚钱 学 刺绣 一条 路子 走 长处 选择 适合 听到 顾来娣 脸 红 低着头 说道 绣 十字绣 是因为 赚钱 做 说 抬起 头 一脸 祈求 看着 求求 走 努力 学 说完 大气 喘 看着 努力 事情 喜不喜欢 顾来娣 问道 顾来娣 说 听到 顾来娣 对话 李心瑶 叹 一口气 顾来娣 说道 喜欢 没 逼 秀 坊 绣娘 裁剪 听说 服装厂 工作 裁剪 不难 听到 李心瑶 顾来娣 眼睛 亮 说道 喜欢 服装 喜欢 设计 说 不好意思 刺绣 太 感兴趣 听到 顾来娣 算是 明白 多管闲事 李心瑶 王妃 王妃 手下 丫鬟 仆人 轻言 放在 手心 宠爱 这方面 确实 太行 师娘 长辈 长眼 帮忙 收徒 收 古代 师徒关系 亲近 关系 句 话 师徒 父子 盛世 华 拜 轻言 师 李心瑶 便是 师娘 师娘 徒弟 便是 俩 师妹 关系 亲近 说 李心瑶 收徒 便 盛世 华 做 靠山 收徒 随便 收 几个 孩子 李心瑶 教导 教导 教导 收徒 关系 李心瑶 年轻 收 年纪 灵性 晚辈 孝敬 李心瑶 倒 是一个 不错 主意 李心瑶 轻言 鬼 殊途 李心瑶 这辈子 孩子 可心 徒弟 不错 工作室 做 手工 定制 走 中华 风 喜欢 设计 古代 衣服 绘画 基础 顾来娣 问道 听到 顾来娣 不好意思 简单 绘画 学 顾招娣 说道 妹妹 画画 帮 你报 服装设计 夜校 学学 这方面 好心 的人 孩子 总 赶走 天分 培养 不错 天赋 能学 出 东西 倒 李心瑶 工作室 签署 几年 合同 希望 孩子 白眼狼 听到 顾来娣 顾招娣 惊喜 忍不住 喜形于色 年轻 想 脸上 瞒不住 李静然 文静 一心一意 跟着 李心瑶 学习 刺绣 李心瑶 李静然 目光 满意 两人 姓氏 性子 倒 投缘 第一天 学习 原因 三个 简单 花草 刺绣 平绣 起落 针 绣 纹饰 边缘 绣线 做 平行 紧密 填补 绣 针脚 排列 整齐 均匀 基础 针法 绣 小花 小草 适合 大型 图案 学 比较简单 兴起 便 盛世 华 绣 荷包 一朵 兰花 盛世 华 名字 图案 简单 样式 倒 过得去 ### 章 试探 第二天 一早 厉 薇 薇 便 带着 修改 中式 礼服 漂亮 完美 试穿 惊艳 众人 连顾 招娣 忍不住 赞叹 出 声 看着 华丽 礼服 双眼 光 婚纱 很漂亮 没想到 中式 嫁衣 做 漂亮 几个 少女 星星 眼 看着 礼服 精美 刺绣 更是 赞叹不已 多谢 李女士 指点 效果 礼服 试穿 完毕 找 不到 瑕疵 婚礼 一周 时间 盛世 华 回来 准备就绪 没想到 厉 小姐 刺绣 水平 厉 小姐 师承 礼服 收 拉 厉 薇 薇 唠 家常 想要 探听 齐微 关联 姥姥 江南 厉家 的人 姥姥 长大 跟着 学习 刺绣 厉 薇 薇 轻 笑 道 厉家 刺绣 世家 厉家 惊讶 道 厉 薇 薇 点点头 没想到 厉 薇 薇 出自 名门 这样的话 齐微 想 刺绣 学到 水平 一朝一夕 锻炼 真实 让人 调查 刺绣 世家 厉家 名声 不小 想 调查 长相 姐妹 厉 小姐 姓 厉是 随母姓 厉 薇 薇 笑眯眯 问道 司徒 小姐 随母姓 听到 厉 薇 薇 不好 问 厉 小姐 手艺 厉 小姐 长 面善 让人 一见如故 轻 笑 厉 薇 薇 说道 厉 薇 薇 勾 勾唇 便 提出 告退 走 李心瑶 一脸 奇怪 的看 地方 不妥 一个人 长 调查 查不到 真相 这人 便 一刻 放弃 警惕 衣服 叶老 李心瑶 一脸 担忧 问 衣服 一脸 惊讶 的看 李心瑶 李心瑶 白 一眼 无奈 道 谨慎 真的 歹心 可能会 在这 衣服 做文章 衣服 不妥 李心瑶 摇摇头 衣服 上能 做 文章 衣服 上浸 身体 有害 药材 或者是 身体 有害 熏 香熏 衣服 听 李心瑶 讲完 脸色 白 没想到 手法 层出不穷 让人 防不胜防 说 甲醛 身体 不好 后宅 隐私 皇宫 大院 手段 更是 多如牛毛 想不到 做 不到 李心瑶 说起 古代 事情 眼神 带着 怀念 带着 叹息 悲哀 听到 李心瑶 大意 正好 便是 叶 爷爷 平安 脉 顺便 针灸 药浴 时间 下午 叶 爷爷 刚过来 便 拿来 衣服 叶 爷爷 叶 爷爷 鼻子 闻 闻 衣服 确实 熏香 味道 心 一下子 提 叶 爷爷 深吸 一口气 摇摇头 没什么 半月 香 半月 香 是一种 香料 安神 效果 用作 衣服 熏香 听到 叶 爷爷 放心 人逢喜事精神爽 段时间 气色 越来越 叶 爷爷 看着 打趣 道 叶 爷爷 打趣 害羞 恨不得 鹌鹑 脑袋 藏 想到 盛世 华 结婚 盛 太太 幸福 盼 盛世 华 回来 心 越来越 急切 祛毒 过程 依旧 痛苦 算是 只能 强忍 感受 身体 毒素 毛孔 里 外 一点点 渗出来 黑色 带着 血迹 一点点 染黑 了浴 桶 水 等换 几次 水 水 透明 色 算是 原因 污浊 身上 皮肤 白嫩 中毒 白色 皮肤 泛 淡淡的 乌青 身体 毒素 干净 腹中 孩子 身上 毒素 干净 唯一 希望 希望 孩子 坚强 出生 养 两年 祛毒 祛毒 过程 不好受 想到 孩子 将来 要受 罪 便 对着 幕后 之人 恨 牙痒痒 天涯海角 一定要 揪出来 剩下 药膳 吃 丫头 太 负担 叶 爷爷 轻声 安慰 道 一场 祛毒 像是 虚脱 软绵绵 力气 刘嫂 炖 药膳 端过来 吃 一碗 稍微 恢复 丫头 孩子 好好 照顾 重孙子 出生 说完 找来 药材 留 有毒 何首乌 原因 药材 提供者 叶 爷爷 麻烦 叶 爷爷 见 盛世 华 便 厚着脸皮 接受 叶 爷爷 帮忙 叶 爷爷 倒 无所谓 收集 药材 举手之劳 盛世 华 回来 前一天 李心瑶 工作室 便 装修 本来 装修 不错 这几天 专注 室内 软装 速度 很快 装修 李心瑶 喜欢 风格 古香古色 一种 穿越时空 感觉 设计 像是 古代 版 大家闺秀 衣帽间 ### 章 情 蛊 说 李心瑶 是个 古代人 身为 王妃 多年 养尊处优 生活 造就 审美观 比拟 装修 三个 女孩 搬 住宿 李心瑶 本来 想要 轻言 特殊性 司徒 家 工作 李心瑶 主动 住 一栋 别墅 别墅 待客 平常 客人 住 倒 清净 整理出来 一层 李心瑶 工作 地方 摆设 古香古色 家具 倒 符合 李心瑶 审美 盛世 华 轻言 徒弟 算是 等同于 父子 关系 李心瑶 住 司徒 家 算是 合情合理 寄人篱下 感觉 李心瑶 着手 设计 古装 礼服 盛世 华 婚礼 过后 便 营业 满心 期待 盛世 华 回来 没想到 等来 置信 消息 看着 客厅 阿朵 侬 侬 两个 有种 雷劈 感觉 听 盛世 华面 无表情 看着 说 取消 婚礼 怀疑 幻听 说 站起 身子 置信 看着 盛世 华 面对 情况 实际上 盛世 华 在一起 种种 误会 原因 之间 分分合合 几次 看着 目光 里 一丝一毫 情意 仿佛 像是 陌生人 短短 半个 月 时间 真的 忘却 那段 刻骨铭心 感情 对不起 爱 阿朵 接触 婚约 盛世 华 看着 声音 冷淡 说 真的 震惊 过后 冷静 仔细观察 盛世 华 一举一动 想要 找到 盛世 华 迫不得已 原因 说服 盛世 华那 丝毫 感情 目光 败下 阵来 喜欢 盛世 华问 脑袋 懵 之间 携手 走过 困难 真的 婚礼 前夕 分道扬镳 盛世 华 之间 感情 作假 有什么 原因 婚礼 我会 延后 盛世 华 说 做 支持 深深地 眼 盛世 华 司徒 小姐 对不起 做 公平 盛世 华 之间 真心 相爱 古墓 段时间 扶持 互相帮助 盛 盟主 更是 涉险 救 之间 生死 之间 历练 感情 希望 成全 阿朵 搂 盛世 华 胳膊 炫耀 道 嘴里 说 抱歉 语气 眼神 无一不 挑衅 盛世 华问 阿朵 盛世 华 扭头 看着 阿朵 一脸 深情 目光 熟悉 盛世 华 看待 目光 不禁 怀疑 爱情 真的 短时间 转移 一个人 身上 盛世 华 的人 恍恍惚惚 送走 盛世 华 阿朵 失魂落魄 坐在 客厅 脑袋 里 乱糟糟 盛世 华 混蛋 敢 这时候 悔婚 司徒 微微 一脸 气愤 插 腰 客厅 骂 盛世 华 蕊 蕊 太 难过 也许 所不 事情 李心瑶 轻声 劝慰 茫然 抬头 李心瑶 目光 轻言 说 有什么 苦衷 一脸 祈求 看着 轻言 祈求 答案 轻言 蹙眉 想 一会 说道 传言 苗族 有种 蛊 名叫 情 蛊 听到 轻言 像是 点燃 希望 轻言 问道 说 盛世 华中 蛊 没 办法 解释 盛世 华 的人 快 移情别恋 感情 有多深 轻言 看着 说道 听到 轻言 坚定 不该 怀疑 盛世 华 感情 情 蛊是 怎么回事 轻言 问道 传言 苗族 圣女 爱 外族 男人 求 便 研制 出 一种 情 蛊 情 蛊的 母 蛊喂 吃 便 爱 吃 雄 蛊 的人 永不分离 方法 弊端 两人 寿命 缩短 情 蛊的 寿命 短短 十年 宿主 便 十年 听到 轻言 紧 说 盛世 华中 了情 蛊 便 剩下 十年 寿命 阿朵 太 疯狂 不禁 后悔 明 阿朵 喜欢 盛世 华 任由 盛世 华 接触 没想到 局面 有什么 办法 解掉 盛世 华 体内 情 蛊 轻言 问道 只能 找 苗族 的人 解 情 蛊 的人 猜 没错 阿朵 苗族 一代 圣女 这情 蛊 一代 圣女 手中 圣女 可解 听到 轻言 心沉 圣女 真够 疯狂 爱 的人 研制 出 蛊术 办法 一脸 苦笑 看向 轻言 阿朵 解开 情 蛊 肯定 难上加难 没想到 阿朵 疯狂 难 试 这情 蛊还会 影响 盛世 华 寿命 一点 这情 蛊 留在 盛世 华 体内 情 蛊是 越早 解除 约 蛊 吸收 人身 体内 养分 养料 轻言 提醒 道 ### 章 真心 相爱 听到 轻言 解释 越发 紧张 见 见 阿朵 这件 事 明天 婚礼 便 取消 请帖 送出去 只好 打电话 通知 顺便 道歉 说 这件 事 司徒 家 盛家 面子 折进去 悔婚 事情 女方 名声 不太好 对外 说 延期 猜测 阿朵 不想 掩饰 盛世 华 关系 消息 武林中 很快 散 阿朵 约 一处 咖啡厅 看着 对面 笑容 明媚 少女 心思 少女 直率 没
2018-03-22 22:13:17,229 - INFO - webService.py - getParagraphList - 137 - 分段长度为：46
2018-03-22 22:13:17,261 - INFO - webService.py - getDocSexProba - 107 - 色情分类概率是：0.028860, 模型分类结果：0, 分词结果：尽犯 小人 调查 真 没听说过 齐微 刺绣 说 盛世 华 皱 皱眉 陷入 思考 齐微 亲人 长相 两个 总 巧合 说实话 这么久 盛世 华 快 齐微 忘记 当初 齐微 背后 的人 当初 查到 消息 幕后 之人 盛景 云 也许 简单 说实话 盛景 云 盛世 华 当初 对付 心思 特别 坏 像是 闹别扭 小孩
2018-03-22 22:13:17,291 - INFO - webService.py - getDocSexProba - 107 - 色情分类概率是：0.009267, 模型分类结果：0, 分词结果：如果说 齐微 盛世 华 添堵 倒 想想 齐微 当初 做 事情 简单 盛世 华 听到 摇摇头 一脸 无奈 想想 当初 司徒 欢 脱不了 关系 嫌疑 齐微 逃跑 手笔 说 盛世 华 脸色 不太好 司徒 欢 手段 颇 比武 悄悄 易容 混 发现 发生 挽回 损失
2018-03-22 22:13:17,319 - INFO - webService.py - getDocSexProba - 107 - 色情分类概率是：0.054311, 模型分类结果：0, 分词结果：司徒 欢给 逃走 狡猾 处 说 厉 薇 薇 齐微 说实话 相比 相差 厉 薇 薇 国际 有名 设计师 齐微 离开 一年 时间 短短的 一年 时间 总 变化 盛世 华 事情 太 深究 接二连三 被人 算计 便 打起精神 对付 肚子 里 孩子 婚礼 顺利 这件 事 调查
2018-03-22 22:13:17,358 - INFO - webService.py - getDocSexProba - 107 - 色情分类概率是：0.045670, 模型分类结果：0, 分词结果：盛世 华 吩咐 事情 调查 便 第二天 便 跟着 考古 人员 一块 飞到 南省 盛世 华 走 便 家里 空荡荡 一丝 养魂石 原因 轻言 魂魄 凝实 摸索 出 一套 鬼 修 法子 方法 正派 倒 墓 主人 靠着 吞噬 魂魄 壮大 这样的话 有时候 不用 借助 犀角 香 轻言 晚上 显形 导致 李心瑶 轻言 黏糊 魂魄 便 在家 撒 狗 粮
2018-03-22 22:13:17,384 - INFO - webService.py - getDocSexProba - 107 - 色情分类概率是：0.034280, 模型分类结果：0, 分词结果：### 章 李心瑶 事业心 盛世 华 走 第三天 厉 薇 薇 便 上门来 送 礼服 本来 想着 想到 司徒 家 想来 做出 事情 搞 明白 厉 薇 薇 齐微 有名 设计师 拒 门外 司徒 家 名声 不好 听 想到 点点头 管家 带进来 手中 提 两个 袋子 走进 来后 先 笑盈盈 声 招呼 便 袋子 里 盒子
2018-03-22 22:13:17,411 - INFO - webService.py - getDocSexProba - 107 - 色情分类概率是：0.168561, 模型分类结果：0, 分词结果：修改 腰身 一块 两层 拉链 到时候 再变 胖 一点 穿 说 礼服 打开 礼服 便 司徒 微微 李心瑶 移不 开眼 说 礼服 设计 制作 特别 让人 惊艳 真 好看 司徒 微微 忍不住 手 摸了摸 礼服 眼里 赞叹 李心瑶 擅长 刺绣 刺绣 没 办法 皇宫 里 绣娘 相比 秀 技 却是 不错 花样 古代 漂亮 新颖 倒 美轮美奂
2018-03-22 22:13:17,432 - INFO - webService.py - getDocSexProba - 107 - 色情分类概率是：0.223913, 模型分类结果：0, 分词结果：西式 礼服 不错 中式 礼服 稍微 修改 更好 李心瑶 古人 古代 新娘 礼服 自然 熟悉 王妃 所穿 嫁衣 更是 精致 便 找出 几处 细微 瑕疵 处 听到 李心瑶 指点 厉 薇 薇 眼睛 亮 没想到 中式 礼服 心得 建议 真的 没想到 厉 薇 薇 一脸 感激 看向 李心瑶 礼 服装 迫不及待 道 拿回去 修 保证 漂亮
2018-03-22 22:13:17,461 - INFO - webService.py - getDocSexProba - 107 - 色情分类概率是：0.121360, 模型分类结果：0, 分词结果：说完 便 走 迫不及待 模样 倒 让人 好笑 倒 忘记 中式 礼服 能比 更 精通 早 让你 设计 一款 嫁衣 李心瑶 说道 李心瑶 抿 唇 笑 道 礼服 嫁衣 可不 流行 几年 变 朝代 款式 审美 礼服 几个 朝代 优点 做 漂亮 说 古装剧 心动 衣服 可比 穿 漂亮 款式 好看 料子 更
2018-03-22 22:13:17,493 - INFO - webService.py - getDocSexProba - 107 - 色情分类概率是：0.115351, 模型分类结果：0, 分词结果：李心瑶 却是 不错 电视剧 古装 发型 首饰 电视 效果 做 美轮美奂 自然 古代 漂亮 这样的话 帮 做 嫁衣 刺绣 倒 刺绣 好多 本来 想法 开 一家 秀 坊 主意 见到 厉 薇 薇 心思 便 活跃 李心瑶 看着 说道 李心瑶 想法 倒 挺 赞成 没 提出 李心瑶 古代 女人 怕 喜欢 抛头露面 便 没 提过
2018-03-22 22:13:17,520 - INFO - webService.py - getDocSexProba - 107 - 色情分类概率是：0.068730, 模型分类结果：0, 分词结果：想法 李心瑶 说道 轻言 鼓励 做 社会 男女平等 女人 做出 事业 天天 家里 呆 无所事事 无聊 做 秀 坊 解闷 一个人 做 太 累 想想 做 高级 定制 限量版 厉 薇 薇 走 高端 路线 一年 做 几件 衣服 赚 钱 李心瑶 建议 道 李心瑶 点点头 说道 找 点 刺绣 天赋 当学徒 蕊 蕊 有没有 这方面 兴趣 人品 收徒
2018-03-22 22:13:17,537 - INFO - webService.py - getDocSexProba - 107 - 色情分类概率是：0.016492, 模型分类结果：0, 分词结果：没想到 李心瑶 想法 倒 支持 讲究 师承 敝帚自珍 导致 手艺 灭绝 历史 长河 之中 帮 找 这件 事后 李心瑶 便 想着 开 铺子 司徒 微微 商讨 做 司徒 微微 没 记忆 经商 多年 潜意识 里 做 出手 指点 李心瑶 不用 操心 太 租 一间 三层 房子 做 展示 第二层 工作室 第三层 布置 成 宿舍 模样
2018-03-22 22:13:17,561 - INFO - webService.py - getDocSexProba - 107 - 色情分类概率是：0.011383, 模型分类结果：0, 分词结果：秀 坊 面积 太小 倒 麻烦 司徒 家 铺子 好找 吩咐 秘书 帮忙 找 一间 不到 下午 便 司徒 家 商场 找到 一间 人流量 关键 卖 奢侈品 的人 上层社会 的人 消费观念 强 找 手 找 基础 江南 一块 找到 做 手工 的人 少 长辈 学 刺绣 手艺 真心 喜欢 一行
2018-03-22 22:13:17,586 - INFO - webService.py - getDocSexProba - 107 - 色情分类概率是：0.048030, 模型分类结果：0, 分词结果：江南 司徒 分公司 让人 寻 几家 几家 祖上 传承 做 这方面 生意 倒 强 拉人 拉来 找到 几家 几家 女孩子 刺绣 手艺 简单 粗糙 长辈 学 传承 手艺 姑娘 喜欢 刺绣 平时 买 十字绣 绣 让人 打听 人品 人事部 面试 便 问 几个 京城 工作
2018-03-22 22:13:17,603 - INFO - webService.py - getDocSexProba - 107 - 色情分类概率是：0.052097, 模型分类结果：0, 分词结果：几个 女孩子 年纪 十七八岁 家庭 条件 不好 学习 念到 初中 毕业 高中毕业 本来 服装厂 工作 休闲 绣 十字绣 卖钱 便 正好 招收 学徒工 的人 发觉 待遇 学到 刺绣 便 欣然 答应 本来 家里人 不乐意 害怕 骗子 司徒 家 企业 知名 几个 工作证 便 同意 第二天 便 带着 几个 孩子 来到 京城 李心瑶 见面 ### 章 打算
2018-03-22 22:13:17,641 - INFO - webService.py - getDocSexProba - 107 - 色情分类概率是：0.153725, 模型分类结果：0, 分词结果：人事部 眼光 不错 李心瑶 几个 孩子 倒 满意 教导 几个 刺绣 几个 先 安排 司徒 家 旁边 别墅 几个 孩子 家境 不算 猛 来到 司徒 家 富丽堂皇 地方 显得 拘谨 手脚 放 尴尬 说话 不自在 李心瑶 想着 找 几个 徒弟 倒 慈爱 一种 亲近 温柔 感觉 不觉 间 便 几个 孩子 稍微 放松 一共 三个 孩子 一对 姐妹俩 相差 一岁 顾招娣 顾来娣 顾招娣 姐姐 稳重 顾来娣 活泼 姑娘 文静 气质 柔柔的 笑 腼腆 李静然
2018-03-22 22:13:17,674 - INFO - webService.py - getDocSexProba - 107 - 色情分类概率是：0.067608, 模型分类结果：0, 分词结果：三个 孩子 先 安排 客房 工作室 装修 第一天 先 三个 孩子 休息 第二天 李心瑶 便 弄 绣线 绣棚 花样 手把手 教 三个 孩子 针法 绣法 几个 孩子 李静然 学 最快 基础 姐妹 剩下 顾招娣 姐姐 顾来娣 性子 活泼 长时间 精神 绣 李心瑶 便 三个 天分 养胎 原因 李心瑶 教导 三个 一旁 看着
2018-03-22 22:13:17,699 - INFO - webService.py - getDocSexProba - 107 - 色情分类概率是：0.276571, 模型分类结果：0, 分词结果：兴趣 学 几下 怀孕 原因 劳累 做 一会 便 腰疼 顾来娣 倒 眼色 舒服 便 连忙 抱 枕 垫 腰 端茶 送 水 颜色 样子 刺绣 心思 浓郁 一双 眼睛 滴溜溜转 想 來 娣 喜欢 刺绣 忍不住 问 听到 顾来娣 紧张 回答 喜欢 学到 刺绣 赚钱 心思 在这 喜欢 不用 勉强
2018-03-22 22:13:17,731 - INFO - webService.py - getDocSexProba - 107 - 色情分类概率是：0.186273, 模型分类结果：0, 分词结果：刺绣 不好 学 静 下心 是一个 仔细 不容 出错 工作 赚钱 兴趣 做 痛苦 顾来娣 紧张 正襟危坐 手 自觉 交缠 在一起 蕊 姐 妹妹 顾招娣 连忙 出口 解释 没关系 说 不用 紧张 想 赚钱 学 刺绣 一条 路子 走 长处 选择 适合 听到 顾来娣 脸 红 低着头 说道 绣 十字绣 是因为 赚钱 做
2018-03-22 22:13:17,759 - INFO - webService.py - getDocSexProba - 107 - 色情分类概率是：0.361784, 模型分类结果：0, 分词结果：说 抬起 头 一脸 祈求 看着 求求 走 努力 学 说完 大气 喘 看着 努力 事情 喜不喜欢 顾来娣 问道 顾来娣 说 听到 顾来娣 对话 李心瑶 叹 一口气 顾来娣 说道 喜欢 没 逼 秀 坊 绣娘 裁剪 听说 服装厂 工作 裁剪 不难
2018-03-22 22:13:17,783 - INFO - webService.py - getDocSexProba - 107 - 色情分类概率是：0.059877, 模型分类结果：0, 分词结果：听到 李心瑶 顾来娣 眼睛 亮 说道 喜欢 服装 喜欢 设计 说 不好意思 刺绣 太 感兴趣 听到 顾来娣 算是 明白 多管闲事 李心瑶 王妃 王妃 手下 丫鬟 仆人 轻言 放在 手心 宠爱 这方面 确实 太行 师娘 长辈 长眼 帮忙 收徒 收
2018-03-22 22:13:17,815 - INFO - webService.py - getDocSexProba - 107 - 色情分类概率是：0.027621, 模型分类结果：0, 分词结果：古代 师徒关系 亲近 关系 句 话 师徒 父子 盛世 华 拜 轻言 师 李心瑶 便是 师娘 师娘 徒弟 便是 俩 师妹 关系 亲近 说 李心瑶 收徒 便 盛世 华 做 靠山 收徒 随便 收 几个 孩子 李心瑶 教导 教导 教导 收徒 关系 李心瑶 年轻 收 年纪 灵性 晚辈 孝敬 李心瑶 倒 是一个 不错 主意
2018-03-22 22:13:17,843 - INFO - webService.py - getDocSexProba - 107 - 色情分类概率是：0.118259, 模型分类结果：0, 分词结果：李心瑶 轻言 鬼 殊途 李心瑶 这辈子 孩子 可心 徒弟 不错 工作室 做 手工 定制 走 中华 风 喜欢 设计 古代 衣服 绘画 基础 顾来娣 问道 听到 顾来娣 不好意思 简单 绘画 学 顾招娣 说道 妹妹 画画 帮 你报 服装设计 夜校 学学 这方面
2018-03-22 22:13:17,875 - INFO - webService.py - getDocSexProba - 107 - 色情分类概率是：0.065848, 模型分类结果：0, 分词结果：好心 的人 孩子 总 赶走 天分 培养 不错 天赋 能学 出 东西 倒 李心瑶 工作室 签署 几年 合同 希望 孩子 白眼狼 听到 顾来娣 顾招娣 惊喜 忍不住 喜形于色 年轻 想 脸上 瞒不住 李静然 文静 一心一意 跟着 李心瑶 学习 刺绣 李心瑶 李静然 目光 满意
2018-03-22 22:13:17,898 - INFO - webService.py - getDocSexProba - 107 - 色情分类概率是：0.255806, 模型分类结果：0, 分词结果：两人 姓氏 性子 倒 投缘 第一天 学习 原因 三个 简单 花草 刺绣 平绣 起落 针 绣 纹饰 边缘 绣线 做 平行 紧密 填补 绣 针脚 排列 整齐 均匀 基础 针法 绣 小花 小草 适合 大型 图案 学 比较简单 兴起 便 盛世 华 绣 荷包 一朵 兰花 盛世 华 名字 图案 简单 样式 倒 过得去 ### 章 试探
2018-03-22 22:13:17,917 - INFO - webService.py - getDocSexProba - 107 - 色情分类概率是：0.162129, 模型分类结果：0, 分词结果：第二天 一早 厉 薇 薇 便 带着 修改 中式 礼服 漂亮 完美 试穿 惊艳 众人 连顾 招娣 忍不住 赞叹 出 声 看着 华丽 礼服 双眼 光 婚纱 很漂亮 没想到 中式 嫁衣 做 漂亮 几个 少女 星星 眼 看着 礼服 精美 刺绣 更是 赞叹不已 多谢 李女士 指点 效果
2018-03-22 22:13:17,936 - INFO - webService.py - getDocSexProba - 107 - 色情分类概率是：0.041219, 模型分类结果：0, 分词结果：礼服 试穿 完毕 找 不到 瑕疵 婚礼 一周 时间 盛世 华 回来 准备就绪 没想到 厉 小姐 刺绣 水平 厉 小姐 师承 礼服 收 拉 厉 薇 薇 唠 家常 想要 探听 齐微 关联 姥姥 江南 厉家 的人 姥姥 长大 跟着 学习 刺绣 厉 薇 薇 轻 笑 道 厉家 刺绣 世家 厉家 惊讶 道 厉 薇 薇 点点头
2018-03-22 22:13:17,959 - INFO - webService.py - getDocSexProba - 107 - 色情分类概率是：0.081617, 模型分类结果：0, 分词结果：没想到 厉 薇 薇 出自 名门 这样的话 齐微 想 刺绣 学到 水平 一朝一夕 锻炼 真实 让人 调查 刺绣 世家 厉家 名声 不小 想 调查 长相 姐妹 厉 小姐 姓 厉是 随母姓 厉 薇 薇 笑眯眯 问道 司徒 小姐 随母姓 听到 厉 薇 薇 不好 问
2018-03-22 22:13:17,998 - INFO - webService.py - getDocSexProba - 107 - 色情分类概率是：0.006229, 模型分类结果：0, 分词结果：厉 小姐 手艺 厉 小姐 长 面善 让人 一见如故 轻 笑 厉 薇 薇 说道 厉 薇 薇 勾 勾唇 便 提出 告退 走 李心瑶 一脸 奇怪 的看 地方 不妥 一个人 长 调查 查不到 真相 这人 便 一刻 放弃 警惕 衣服 叶老 李心瑶 一脸 担忧 问 衣服 一脸 惊讶 的看 李心瑶 李心瑶 白 一眼 无奈 道
2018-03-22 22:13:18,027 - INFO - webService.py - getDocSexProba - 107 - 色情分类概率是：0.077888, 模型分类结果：0, 分词结果：谨慎 真的 歹心 可能会 在这 衣服 做文章 衣服 不妥 李心瑶 摇摇头 衣服 上能 做 文章 衣服 上浸 身体 有害 药材 或者是 身体 有害 熏 香熏 衣服 听 李心瑶 讲完 脸色 白 没想到 手法 层出不穷 让人 防不胜防 说 甲醛 身体 不好 后宅 隐私 皇宫 大院 手段 更是 多如牛毛 想不到 做 不到
2018-03-22 22:13:18,048 - INFO - webService.py - getDocSexProba - 107 - 色情分类概率是：0.047021, 模型分类结果：0, 分词结果：李心瑶 说起 古代 事情 眼神 带着 怀念 带着 叹息 悲哀 听到 李心瑶 大意 正好 便是 叶 爷爷 平安 脉 顺便 针灸 药浴 时间 下午 叶 爷爷 刚过来 便 拿来 衣服 叶 爷爷 叶 爷爷 鼻子 闻 闻 衣服 确实 熏香 味道 心 一下子 提 叶 爷爷 深吸 一口气 摇摇头 没什么 半月 香 半月 香
2018-03-22 22:13:18,064 - INFO - webService.py - getDocSexProba - 107 - 色情分类概率是：0.036565, 模型分类结果：0, 分词结果：是一种 香料 安神 效果 用作 衣服 熏香 听到 叶 爷爷 放心 人逢喜事精神爽 段时间 气色 越来越 叶 爷爷 看着 打趣 道 叶 爷爷 打趣 害羞 恨不得 鹌鹑 脑袋 藏 想到 盛世 华 结婚 盛 太太 幸福 盼 盛世 华 回来 心 越来越 急切 祛毒 过程 依旧 痛苦 算是 只能 强忍
2018-03-22 22:13:18,095 - INFO - webService.py - getDocSexProba - 107 - 色情分类概率是：0.263179, 模型分类结果：0, 分词结果：感受 身体 毒素 毛孔 里 外 一点点 渗出来 黑色 带着 血迹 一点点 染黑 了浴 桶 水 等换 几次 水 水 透明 色 算是 原因 污浊 身上 皮肤 白嫩 中毒 白色 皮肤 泛 淡淡的 乌青 身体 毒素 干净 腹中 孩子 身上 毒素 干净 唯一 希望 希望 孩子 坚强 出生 养 两年 祛毒
2018-03-22 22:13:18,134 - INFO - webService.py - getDocSexProba - 107 - 色情分类概率是：0.043246, 模型分类结果：0, 分词结果：祛毒 过程 不好受 想到 孩子 将来 要受 罪 便 对着 幕后 之人 恨 牙痒痒 天涯海角 一定要 揪出来 剩下 药膳 吃 丫头 太 负担 叶 爷爷 轻声 安慰 道 一场 祛毒 像是 虚脱 软绵绵 力气 刘嫂 炖 药膳 端过来 吃 一碗 稍微 恢复 丫头 孩子 好好 照顾 重孙子 出生
2018-03-22 22:13:18,156 - INFO - webService.py - getDocSexProba - 107 - 色情分类概率是：0.033022, 模型分类结果：0, 分词结果：说完 找来 药材 留 有毒 何首乌 原因 药材 提供者 叶 爷爷 麻烦 叶 爷爷 见 盛世 华 便 厚着脸皮 接受 叶 爷爷 帮忙 叶 爷爷 倒 无所谓 收集 药材 举手之劳 盛世 华 回来 前一天 李心瑶 工作室 便 装修 本来 装修 不错 这几天 专注 室内 软装 速度 很快 装修 李心瑶 喜欢 风格 古香古色 一种 穿越时空 感觉
2018-03-22 22:13:18,185 - INFO - webService.py - getDocSexProba - 107 - 色情分类概率是：0.042175, 模型分类结果：0, 分词结果：设计 像是 古代 版 大家闺秀 衣帽间 ### 章 情 蛊 说 李心瑶 是个 古代人 身为 王妃 多年 养尊处优 生活 造就 审美观 比拟 装修 三个 女孩 搬 住宿 李心瑶 本来 想要 轻言 特殊性 司徒 家 工作 李心瑶 主动 住 一栋 别墅 别墅 待客 平常 客人 住 倒 清净 整理出来 一层 李心瑶 工作 地方 摆设 古香古色 家具 倒 符合 李心瑶 审美
2018-03-22 22:13:18,211 - INFO - webService.py - getDocSexProba - 107 - 色情分类概率是：0.015221, 模型分类结果：0, 分词结果：盛世 华 轻言 徒弟 算是 等同于 父子 关系 李心瑶 住 司徒 家 算是 合情合理 寄人篱下 感觉 李心瑶 着手 设计 古装 礼服 盛世 华 婚礼 过后 便 营业 满心 期待 盛世 华 回来 没想到 等来 置信 消息 看着 客厅 阿朵 侬 侬 两个 有种 雷劈 感觉 听 盛世 华面 无表情 看着 说 取消 婚礼 怀疑 幻听
2018-03-22 22:13:18,230 - INFO - webService.py - getDocSexProba - 107 - 色情分类概率是：0.114698, 模型分类结果：0, 分词结果：说 站起 身子 置信 看着 盛世 华 面对 情况 实际上 盛世 华 在一起 种种 误会 原因 之间 分分合合 几次 看着 目光 里 一丝一毫 情意 仿佛 像是 陌生人 短短 半个 月 时间 真的 忘却 那段 刻骨铭心 感情 对不起 爱 阿朵 接触 婚约 盛世 华 看着 声音 冷淡
2018-03-22 22:13:18,256 - INFO - webService.py - getDocSexProba - 107 - 色情分类概率是：0.085079, 模型分类结果：0, 分词结果：说 真的 震惊 过后 冷静 仔细观察 盛世 华 一举一动 想要 找到 盛世 华 迫不得已 原因 说服 盛世 华那 丝毫 感情 目光 败下 阵来 喜欢 盛世 华问 脑袋 懵 之间 携手 走过 困难 真的 婚礼 前夕 分道扬镳 盛世 华 之间 感情 作假
2018-03-22 22:13:18,284 - INFO - webService.py - getDocSexProba - 107 - 色情分类概率是：0.027426, 模型分类结果：0, 分词结果：有什么 原因 婚礼 我会 延后 盛世 华 说 做 支持 深深地 眼 盛世 华 司徒 小姐 对不起 做 公平 盛世 华 之间 真心 相爱 古墓 段时间 扶持 互相帮助 盛 盟主 更是 涉险 救 之间 生死 之间 历练 感情 希望 成全 阿朵 搂 盛世 华 胳膊 炫耀 道 嘴里 说 抱歉 语气 眼神 无一不 挑衅
2018-03-22 22:13:18,300 - INFO - webService.py - getDocSexProba - 107 - 色情分类概率是：0.132144, 模型分类结果：0, 分词结果：盛世 华问 阿朵 盛世 华 扭头 看着 阿朵 一脸 深情 目光 熟悉 盛世 华 看待 目光 不禁 怀疑 爱情 真的 短时间 转移 一个人 身上 盛世 华 的人 恍恍惚惚 送走 盛世 华 阿朵 失魂落魄 坐在 客厅 脑袋 里 乱糟糟 盛世 华 混蛋 敢 这时候 悔婚
2018-03-22 22:13:18,323 - INFO - webService.py - getDocSexProba - 107 - 色情分类概率是：0.111864, 模型分类结果：0, 分词结果：司徒 微微 一脸 气愤 插 腰 客厅 骂 盛世 华 蕊 蕊 太 难过 也许 所不 事情 李心瑶 轻声 劝慰 茫然 抬头 李心瑶 目光 轻言 说 有什么 苦衷 一脸 祈求 看着 轻言 祈求 答案 轻言 蹙眉 想 一会 说道 传言 苗族 有种 蛊 名叫 情 蛊 听到 轻言 像是 点燃 希望 轻言 问道 说 盛世 华中 蛊
2018-03-22 22:13:18,352 - INFO - webService.py - getDocSexProba - 107 - 色情分类概率是：0.045566, 模型分类结果：0, 分词结果：没 办法 解释 盛世 华 的人 快 移情别恋 感情 有多深 轻言 看着 说道 听到 轻言 坚定 不该 怀疑 盛世 华 感情 情 蛊是 怎么回事 轻言 问道 传言 苗族 圣女 爱 外族 男人 求 便 研制 出 一种 情 蛊 情 蛊的 母 蛊喂 吃 便 爱 吃 雄 蛊 的人 永不分离 方法 弊端 两人 寿命 缩短 情 蛊的 寿命 短短 十年 宿主 便 十年
2018-03-22 22:13:18,372 - INFO - webService.py - getDocSexProba - 107 - 色情分类概率是：0.170679, 模型分类结果：0, 分词结果：听到 轻言 紧 说 盛世 华中 了情 蛊 便 剩下 十年 寿命 阿朵 太 疯狂 不禁 后悔 明 阿朵 喜欢 盛世 华 任由 盛世 华 接触 没想到 局面 有什么 办法 解掉 盛世 华 体内 情 蛊 轻言 问道 只能 找 苗族 的人 解 情 蛊 的人 猜 没错 阿朵 苗族 一代 圣女 这情 蛊 一代 圣女 手中 圣女 可解
2018-03-22 22:13:18,400 - INFO - webService.py - getDocSexProba - 107 - 色情分类概率是：0.089278, 模型分类结果：0, 分词结果：听到 轻言 心沉 圣女 真够 疯狂 爱 的人 研制 出 蛊术 办法 一脸 苦笑 看向 轻言 阿朵 解开 情 蛊 肯定 难上加难 没想到 阿朵 疯狂 难 试 这情 蛊还会 影响 盛世 华 寿命 一点 这情 蛊 留在 盛世 华 体内 情 蛊是 越早 解除 约 蛊 吸收 人身 体内 养分 养料
2018-03-22 22:13:18,427 - INFO - webService.py - getDocSexProba - 107 - 色情分类概率是：0.030873, 模型分类结果：0, 分词结果：轻言 提醒 道 ### 章 真心 相爱 听到 轻言 解释 越发 紧张 见 见 阿朵 这件 事 明天 婚礼 便 取消 请帖 送出去 只好 打电话 通知 顺便 道歉 说 这件 事 司徒 家 盛家 面子 折进去 悔婚 事情 女方 名声 不太好 对外 说 延期 猜测 阿朵 不想 掩饰 盛世 华 关系 消息 武林中 很快 散
2018-03-22 22:13:18,437 - INFO - webService.py - getDocSexProba - 107 - 色情分类概率是：0.398219, 模型分类结果：0, 分词结果：阿朵 约 一处 咖啡厅 看着 对面 笑容 明媚 少女 心思 少女 直率 没
