2017-12-25 15:47:29,563 - INFO - webService.py - istext - 142 - 用户上传文本: 师傅“墨子”曾对他说过的一段话，“以恶制恶，以毒攻毒，金身破窍，皇形霸业，唯我墨也，千秋万代，浩气长存……”
　　想到这，龙刚突然盘膝而坐，运用神功行大周天之礼，再行三十六小周天之礼，一番调息打坐下来，已经进入了无我的境界。
　　黄凤英看着爱人弟弟突然盘膝而坐，不一会儿便见他头顶冉冉升起一股白烟，不由的惊叫一声，袁衣紫还沉浸在男人淫弄自己的幻想空间之时，听到她的尖叫声，以为男人又怎么了，回头一看，也是呆呆的傻立在哪。
　　只见龙刚头顶的白烟越来越浓，渐渐在他的半空之中形成了一个巨大的气袋，白烟不停的往气袋里冲去，越来越浓，到最后竟然形成了一个白色的气球，而且是实心的那种。
　　这一奇异现象，让玄火久田和长野幸一看在眼里，却是心惊肉跳，因为他们知道，此时的龙刚正在修练的神功正是黑着“墨子”的“冰光神功”这种武功是专为他体内的金光青龙修练的，因为那白色的气球打入那金光青龙体内，金光青龙便可变成最霸道的四神之首——东方青龙。
　　龙刚呼出一口气，龙吟一声，只见离他头顶十余米的巨大气球便快速的向天空中与那三只巨型火龟缠战的金光青龙飞去，金光青龙好象知道一样，闪身避过巨型火龟的裂火，张开龙口将那白色气球吸入肚内，一瞬间，就见风吹云动，金光青龙似乎涨大了一部，只见它口吐一股白光似的苍冰，遇风转化成冰之狂岚，以泰山压顶之势将那三只巨型火龟覆灭。
　　这一突然巨变，让所有人都呆立当场，仰天看着如梦如幻的景象，玄火久田一看，更是呆呆的不能动弹，他只听师傅说过，无论如何不能让那金光青龙吸食“冰光神功”的气球，不然只有死路一条，现在他最不想看到的一面就呈现在他面前，怎能叫他不呆若木鸡呢。
　　那金光青龙覆灭三只巨型火龟之后，仰头一声龙吟，以极快之速向龙刚俯身冲下，龙刚张开双臂好象在迎接它一样，然而金光青龙却转头扑向那巨大长蛇，又是一道白光苍冰转化成的冰之狂岚，巨大长蛇口吐黑云意欲反抗之际，被那冰之狂岚击中七寸之要害，一眨眼便烟消灰灭，而那五条黑色恶龙一看金光青龙，好象十分畏惧一样，率先刺入龙刚体内消失不见了，龙刚一阵难过，双膝跪地，双手撑地，那金光青龙一见便也尤如闪电一般刺入龙刚体内。
　　龙刚只觉得自己体内那金光青龙与五条黑色恶龙一番缠斗之后，总算被收服，自己又恢复了以前的绝佳状态。
　　龙刚慢慢站起身来，双眼闪出一道凌厉的剑光，玄火久田一看，仿佛被他刺中一样，手捂心脏，往后倒退三步，一口鲜血狂涌而出。长野幸一一看连忙扶住他，然后看着龙刚。
　　龙刚也盯着这个绝美的妇人，这个曾经在自己怀里娇媚淫呻，在自己身下娇欢转展的女人，会是一个蛇蝎心肠的女人，正与她的名字不谋而合，灵蛇是也。
　　龙刚一步步逼近两人，而那四个白衣忍者一看立刻飞身挡在龙刚身前，他们是玄火久田的徒弟，此刻师傅有难怎么会袖手旁观呢，他们虽然知道不是龙刚的对手，可是他们的精神还是值得表扬的。
　　长野幸一突然叫道：“龙刚，我知道你恨的是我，要杀你就杀我吧！”
　　龙刚仰天长笑一声，“杀你？哈哈哈！”
　　他的笑中带着极大的恨意，让人听在耳里实在不是那么好受，龙刚正欲说话，突然美女晴子拦在了他的面前，娇美的脸蛋上泪花连连，让人一看就禁不住产生怜香惜玉之情。
　　“刚，求求你了，饶了我母亲吧！”
　　福田晴子流着泪哀求着龙刚。
　　龙刚看着美女晴子哭泣的神情，心头也是一动，缓缓伸出手去轻轻擦拭着她娇嫩脸蛋上的连连泪花，轻声道：“好妹妹，放心，我不会杀你母亲的。”
　　福田晴子听了男人的话后，内心着实的兴奋，她转身看着母亲，叫道：“妈妈，你回来吧，”
　　长野幸一冷笑一声，说道：“龙刚，你别得意太早了，你父亲已经落到我们手里了，如何救他，就看你的了。”
　　说完便扶着玄火久田对那四个白衣忍者说道：“我们走！”
　　四个白衣忍者低头应道：“是！”
　　说完便从怀里掏出一样东西，往地上一砸，一团浓烟升起，等到烟消云散之后，便失去了玄武双灵和四个白衣忍者的身影，那些黑衣忍者和紫衣忍者也都悄悄的退出了五天家。他们在离开之时连那些尸体都一起带走了，真是训练有素。
　　福田晴子呆呆的站立在那，她不知道为什么母亲好象突然变了一个人似的，那些与她和男人在一起的画面，不停的在她脑海里翻腾着，为什么，为什么会变成这样？
　　龙刚来到美女晴子身边，揽住她的香肩，温柔的说道：“我相信你母亲一定会回来的。”
　　福田晴子再也控制不住自己的激动，扑入男人怀里痛哭起来。龙刚抚摸着美女晴子柔顺的秀发，极力的安慰着她，越是得到男人如此温柔的抚慰，美女晴子的哭声便越来越大，看来她是真的很伤心，毕竟让她在男人与母亲之间做一个抉择的话，她想自己会义无反顾的选择男人的，这就是女人。
　　此时的龙刚却在想着长野幸一临走之前说的那句话，父亲竟然落在他们手里了，那他们的目的又是什么呢，难道只是简单的要对付自己吗？这个理由很明显不充分，也搭不上边，那么他们的目的……龙刚突然想起母亲和他说过的一段话，猛然醒悟之间，他转头对袁衣紫说道：“衣紫姐姐，”
　　袁衣紫看着男人抱着美女晴子正在安慰她，心里却十分不舒服，心想自己为你担惊受怕，你怎么不来安慰安慰我呢，她正想着呢，却听到男人叫自己，于是就感觉到男人还是挂念着自己的，不由的粉脸一红，娇声道：“什么事？”
　　龙刚揽着美女晴子来到她面前，说道：“你刚才说三口组的人来了，你想想他们这次会派什么人来？”
　　袁衣紫一听，沉思了一下之后说道：“这个，我也猜不出，不过你可以去问问凉子呀，她应该会比我清楚一点。”
　　龙刚想了一想说道：“那好，我这就去问她，麻烦你，先照顾一下晴子吧！”
　　说完龙刚离开美女晴子朝大屋走去。
　　一场大战之后，稻川会的人伤亡也较惨重，五天信义的四个儿子都挂了彩，还好有帮手不然就非死不可，收拾战局也是他们的事，本来就人满为患的庭院，此刻稀稀松松的有躺着的有坐着的，受伤的人大多在呻吟着。
　　龙至忠和龙至贤他们紧随着自己的娇妻，生怕她们会离开自己一样，因为是她们先冲出去的，她们的第一反映竟然是龙刚，这让他们都在内心深处产生了一种莫名的感觉，一种说不出来的感觉。
　　丁柔看了一眼温小蝶，温小蝶也看了一眼丁柔，两个女人虽然都没有说话，可是她们彼此心里已经达成了默契，那就是互相保守秘密，因为，没有因为，所以，也没有所以了。
　　龙刚进入客厅之后，就看到绝美的表姐五天由美正瞪着大眼睛看着自己，她那美丽的眼睛里仿佛装的都是自己，这让他感觉好象身子开始飘起来了，然而一个人挡在他与五天由美的视线之中，正是那娇蛮可爱美艳动人的表妹五天丽奈。
　　“你是不是怪物？”
　　五天丽奈的第一句话就让龙刚哭笑不得。
　　“你说呢？”
　　龙刚不答反问道。
　　“我看你就是一头怪物。”
　　五天丽奈嘟着艳丽的樱桃小嘴，薄薄的红唇好象在挑逗男人一样，龙刚看在眼里真想一把搂过她来吻个够，可是客厅里有那么多的人，而且还包括自己的亲生母亲和亲妹妹在内，他可不想这样做，于是他强忍住体内的欲火，笑道：“你说是就是吧！”
　　说完从她身边走过，径直向母亲和姑妈走去。
（一百一十八）
　　坐在舒服的汽车后座上，龙劲秋看着左右两边美艳的妇人，笑道：“现在我已经是你们的阶下囚了，可以告诉我你们到底是什么人了吧！”
　　林荫妩媚之极的笑了笑，将自己成熟丰满的娇躯靠进男人，那双尽显淫媚风情的美目盯着男人英俊的脸庞，娇声道：“劲秋，等到了那儿，你想知道什么我都会告诉你的，现在你别急嘛”说完林荫伸出纤纤玉手按在男人宽厚的胸脯上轻柔的抚摸着，这很明显是一种引诱，一种挑逗，男人只觉得自己的胯下之物有点蠢蠢欲动了。
　　林兰仍旧是一副冷若冰霜的样子，她厌恶的叫道：“姐姐！”
　　林荫一听妹妹的叫声，再看她一眼，便坐正了身子。龙劲秋很是不解的看着美少妇，说道：“你怎么好象很讨厌男人似的，”
　　林兰尖叫道：“我就是讨厌男人，讨厌，讨厌，讨厌，”
　　林兰的表现让龙劲秋感到极其的意外，他强笑道：“那刚才在楼上，你为什么……”
　　林兰一听立刻凶狠的看着龙劲秋，冷冷的说道：“如果不是为了姐姐，我才不要碰你们这些臭男人呢，”
　　“哦，原来如此，”
　　龙劲秋好象明白什么一样，英俊的脸上充满了笑容。
　　“你笑什么？不准笑！”
　　林兰看着男人笑好象更厌恶一般，可是她也不明白为什么自己的脸会红起来。
　　龙劲秋笑得更欢了，突然他做了一个所有人都想不到的动作，林兰正在生气之时，龙劲秋突然便抱着她的螓着狠狠的吻住了她那娇润的樱桃小嘴，并且以极快的速度顶开了她紧咬的银牙，勾住那香润的丁信子狂吸一番。
　　林兰被男人的动作吓呆了，她娇美的脸蛋上红晕一片，呼吸困难是明显的反映，可芳心乱跳却是她自己一个人才知道的，特别是男人身上那股成熟阳刚的气味，直熏得她全身软弱无力，虽然纤纤玉手在做着毫无意义的反抗，可是这只能证明一点，她竟然是初次和一个男人接吻，这个发现让龙劲秋感到格外的兴奋，然而却没有那么多时间让她享受美少妇香得醉人的小香舌和那甜美的口水。
　　林荫看着男人强吻着自己的妹妹，开始也是愣住了，她实在想不到男人竟然会做这种事，而且竟然还是当着自己的面，这，这简直让她快疯掉了，在愣了片刻之后，她便抓住男人的头发往后一拉，林兰陶醉的倒在软座上，呼吸急促，粉脸通红，一双美目好象要喷出火来烧死男人一样，死死的盯着男人。
　　龙劲秋笑道：“你吃醋了！”
　　他这句话是对林荫说的，林荫美艳的脸蛋上泛起一股异样的神情，龙劲秋感觉不对，可还是迟了，林荫一掌切在他的咽喉部位，龙劲秋就闭上了眼倒入了林荫的怀里。
　　林兰看着姐姐，惊声道：“姐姐，你怎么把他杀了！”
　　林荫冷眼看着妹妹，“你是不是喜欢他了！”
　　林兰一听，粉脸更红了，怒嗔道：“姐姐，你说什么，你知道我爱的人是你！”
　　林荫再次冷眼看了看自己的妹妹，“我看你就是喜欢他了！”
　　说完便转过头去不再看她。
　　林兰愣住了，虽然她知道自己嘴上这么说，可是内心深处却升起一股莫名的感觉，男人的舌头真得好特别，那种滋味真得让人很难忘却，就是想忘也忘不了。
　　住吉会，总部。
　　西口茂的会客室里坐着四个人，除了西口茂之外，一个是三口组神户分会的会长浅野博，一个是地医山工制药株式会社的社长三井秋野，而另一个人却是一个女人，她黑色的秀发如瀑布一般直顺而下，披散在双肩，高挑的身材显出无限的诱人味道，浑身散发出一股成熟妇人特有的韵味，正是龙劲冬的女秘书广沫桐。
　　西口茂将煮好的茶水慢慢倒入小壶之内，开始了他的功夫茶修行，浅野博咳嗽一声之后说道：“不知三井社长对玄火先生有什么期盼？”
　　三井秋野眉头一皱，缓缓说道：“刚才我得到消息，玄火先生和长野夫人带着白衣社的四大刀客退出了五天家。”
　　浅野博笑了笑，“这在我的预料当中。”
　　因为他见识过龙刚的武功，虽然他不是很相信玄火和长野的妖法，但他认为对付龙刚这种人，不论用什么方法都是行不通的。
　　三井秋野一听看着浅野博，低下头去说道：“那就聆听浅野会长的教诲！请多多指教！”
　　西口茂倒了四杯功夫茶之后，逐一递给其他三人，当他把茶杯递到美女广沫桐的手中之时，他顿了一下，“小姐，请恕招待不周！”
　　广沫桐美丽的脸蛋上没有丝毫表情，接过功夫茶，一饮而尽。三井秋野并不认识广沫桐，但想到既然能够进入住吉会会长的会客室当然不会是外人，现在一看西口茂对她如此恭敬，也不由的对她产生了敬意。
　　浅野博眯着小眼睛，慢慢喝着功夫茶，赞叹道：“好茶，好茶，”
　　广沫桐看着浅野博，“说说你的计划吧！”
　　浅野博朝广沫桐弯了弯腰后，缓缓说道：“早在五年前，我们针对龙氏家族就做了安排，”
　　广沫桐转过脸去不看他们三个男人，却从怀里慢慢掏出一个银盒子，“丁”的一声打开盒子之后，里面竟然是香烟，女性香烟。广沫桐伸出纤纤玉手拈起一根香烟放入鲜红的樱唇之中，西口茂很适相的为她点着了火。
　　广沫桐深吸一口烟后，说道：“这个我知道，三井秀明在世的时候找到我们，为的就是要对付龙氏家族，从哪时起我们就布置了这个局。”
　　三井秋野一听广沫桐竟然说出自己父亲的名子，这下倒让他大感意外，他从未听父亲说过有这么一个女人，而且从她的话来看，好象还不只一人似的。
　　广沫桐转头看了一眼三井秋野，说道：“你父亲不可能告诉你的，因为我们只跟他单独联系，这是规矩。”
　　浅野博笑道：“如果我们知道小姐早做了安排，就不用我们多费一番手脚了。”
　　广沫桐一听笑道：“不能这么说，如果没有你们，我们怎么会隐藏的如此之深，应该谢谢叔叔才是。”
　　浅野博一听又对广沫桐弯了弯腰，说道：“能够为小姐服务，是我们三口组的荣幸。”
　　三井秋野不是黑社会人物，可是他却是仗着黑社会的力量，才能稳坐着日本第一制药公司的头把交椅，当然他对黑社会里的一些名人也是知道的，就好象三口组的若头浅野见，住吉会的会长西口茂，这两大帮会可谓是日本三大帮会的老大和老二，可今天看他们的样子却好象对这个美丽的女人敬畏三分，可他又不认识，看来这个女人的来历绝对不小，能够在三口组和住吉会的头号人物面前趾高气扬的，一定不是普通人，可是她究竟是什么人呢？
　　广沫桐好象看穿了三井秋野的心思一样，笑道：“你也算是我们的客人了，虽然你父亲去世了，可是我们做事的宗旨是，收了钱就要办完事，就算你父亲去世了，我们一样会替你铲除龙氏家族的。”
　　三井秋野一听立刻朝着广沫桐深深鞠了一躬，低着头说道：“那就麻烦小姐了。”
　　广沫桐把空的茶杯放在小茶几之上，站起身来说道：“现在龙劲秋应该到了吧，让我们出去迎接一下这个龙家头号人物吧！”
　　龙刚在母亲身边坐下后，黄淑兰看着儿子欣喜之极，“刚儿，你没事吧！”
　　龙刚笑道：“妈，你放心，儿子本事大着呢！对了，妈妈，我有件想问问你，”
　　黄淑兰笑道：“有什么事你问吧？”
　　龙刚说道：“记得上次在四叔家的时候，你说过哪个三井什么的地医山工要收购四叔的严也益，而你又和父亲在催成三知瑞和疼责制药的合并，是不是有这么一回事呀？”
　　黄淑兰一听说道：“是有这么一回事，怎么了？”
　　龙刚想了想说道：“我总觉得这里面有什么地方不对，当时我说这种做法是不符合逻辑也不符合常理的。”
　　黄淑兰不理解儿子为什么会这样问，便说道：“你当时是说了，可是现在事实摆在眼前呀，三口组和住吉会就是三井的后台，他想吞并你四叔的严也益公司，为的就是扩充自己在日本制药界的实力，这有什么不对吗？”
　　龙刚说道：“妈妈，你想想，为什么三井不对姑父的五天药业下手，也不对你的三知瑞和父亲的疼责制药下手，却非要对四叔的严也益下手呢？”
　　黄淑兰一听愣住了，这个她的确不知道该怎么回答。五天信雄在一边听了说道：“我想那是因为三井知道他还不具备实力收购我们五天药业，而你妈妈的三知瑞又是他生意场上的竞争对手，至于疼责制药嘛……这个我还想不通，”
　　龙刚一听姑父这么说，便说道：“那四叔的严也益也只是一个小公司，他三井就算收购成功了，也不可能母亲和姑父的公司构成威胁呀！”
　　五天信雄陷入了沉思，龙劲冬这时说道：“刚儿，我想可能是三井有必胜的把握能够收购我们，他是想先吃掉小的，再吃大的。”
　　龙刚摇摇头，“不对，四叔你要知道，虽然你的公司规模不是很大，可是一旦要收购，就必须拿出大量的现金，这样的话，他三井不是将自己陷入被动局面吗？我想他应该不会傻到这个地步把自己的弱点暴露给敌人吧！”
　　龙劲冬也无话可说了，不得不承认龙刚说得没有一点道理，毕竟现代生意场上讲究的是实力，就算你再多精明，没有实力就会被对方吃掉，可是一旦拿出现金去收购别家公司，自己的实力在短时间之内不但得不到扩充，反而会被对手乘机进行反收购，这种例子在现代商场上比比皆是，处处可见。
　　龙刚沉思了一会儿后，说道：“我想只有一个可能，那就是三井有充分的把握能够对会五天药业和三知瑞公司，他现在之所以这么做的目的就是想要让我们进行反收购，到时他真正的实力才会暴露出来，这样一来，我们付出的就不是想像中的那么多了。”
　　这的确是一个可怕的圈套，首先暴露自己的弱点，吸引敌人进攻，然后再来一个全面反击，没有相当头脑的人是不可能想出这种计谋来的，龙刚开始思索着为这所有一切在背后操纵的人来，这个人究竟是一个什么样的人？他处心积虑为的又是什么？还有那玄武双灵这种妖邪之徒也能听其号召，难道他就只是简单的想要摧毁龙氏家族吗？这一切一切的问题在龙刚的脑海里快速的翻腾着，还有一个更大的问量，那就是父亲现在到底怎么样了？
（一百一十九）
　　龙劲秋并没有死，等他睁开眼之时，自己已经躺在一张舒服的靠背椅上了，房间里充满了成熟女人特有的芳香，那个将他打晕过去的中年美妇林荫此刻正面带笑容的看着他。
　　“你醒了。”
　　她的声音是那么温柔，那么有雌性。
　　龙劲秋转动着自己的脖子，看着她笑道：“你舍不得杀我，是不是也喜欢我呀！”
　　林荫看着男人的笑脸，粉脸一抹红晕，娇声道：“秋郎，你真的不知道我是谁吗？”
　　龙劲秋一听“秋郎”便呆住了，在他的生命当中，只有一个女人会这么叫他，而他也最怕见到这个女人，因为他觉得自己实在对不起这个女人，这个女人的名字就叫——东方闻樱。
　　林荫娇柔的身躯一转，在男人面前转着圈，等到再次面对男人之时，她的脸竟然换成了另外一个人的脸，而且这张脸比她刚才的那张脸不知要美上几倍，真是如同天上的仙女一般，娇艳动人，诱人酥骨，龙劲秋看着她，仿佛时光回到了二十年前。
　　那是一个美丽的夏天，刚满二十岁的龙劲秋身负霍家绝学，为了霍家与日本三井家的恩怨，义无反顾的踏上寻仇之路，在南海的海边，龙劲秋遇到了只比他小二岁的绝世美女东方闻樱。
　　也许是少年郎的俊雅之风打动了十八岁美少女的春心，也许是少年人只知今天不想未来的性格，龙劲秋被美少女东方闻樱的美色所深深迷惑，然而在他离家之前他已经结婚了，妻子正是黄淑兰。
　　虽然娇妻也是一位美得不可方物的绝代佳人，但东方闻樱身上特有的娇媚之态正是吸引龙劲秋的地方，娇妻黄淑兰是那种气质高贵尤如寒雪梅花般的人物，而这东方闻樱却是那种尤如娇媚茉莉般的人物，两种不同性格不同风格的美女，让龙劲秋义无反顾的迷恋上了新鲜刺激的感觉。
　　在那每每娇淫喘息的夜晚，龙劲秋着实尝够了那绝美少女的新鲜玉体，也达到了他人生历程上前所未有的极致。可是新鲜过后，龙劲秋却发觉美少女竟然并非普通人，她竟然是“四大家族”东方一门的传人，而且她自小便与“四大家族”的北郭无敌订了娃娃亲，当他知道这一切之后，便决定离开东方闻樱，记得在与她分别的那个夜晚，东方闻樱恨恨的对他说道：“龙劲秋，我恨你，我会一辈子都恨你！”
　　此时此刻，龙劲秋真不知道该如何面对这个女人，他只能尴尬的勉强笑道：“闻儿，我……”
　　东方闻樱一听男人竟然叫自己“闻儿”浑身一颤，这是男人在与自己恩爱的时候，他才会唤自己的，想着以前两人无比缠绵的夜晚，她的心就开始痛起来。
　　“混蛋，谁是你的闻儿，我要杀了你！”
　　东方闻樱的泪水禁不住的夺眶而出，面对这个夺走自己处子之身玩完之后又抛弃自己的男人，她都分不清是爱还是恨了，可是此刻她却从怀中掏出了一把明晃晃的小刀，龙劲秋知道那把刀，正是东方一门特有的“鑫月刀”这种刀锋利无比，杀人之后血都不会沾到刀上，因为这种刀太快了，快得比血流的速度还要快。
　　龙劲秋知道自己对不起她，他本就是个负心人，现在要死在她的刀下，这也是命中注定，所以他闭上双眼等待着，其实他也很想尝尝那“鑫月刀”插进自己心脏的时候，是一种什么感觉，会不会很凉，会不会很痛，会不会什么都没有。
　　“住手！”
　　一个娇美的声音响起。
　　龙劲秋睁开眼，便看到一个绝美的女人，一身黑色制服，长长的秀发披散在双肩，丰满的身段完美的曲线，修长的玉腿，白色的高跟细带凉鞋下一双晶莹玉趾诱人之极，他不认识她，也不知道她为什么要救自己。
　　东方闻樱一听之后，那“鑫月刀”便瞬间消失在她的手里，转身朝着这个女人低下了头。
　　哪个女人正是广沫桐，她轻盈的步伐缓缓走到龙劲秋面前，突然她的心里一阵暗涌，这个人的脸上怎么会映出另一个男人的脸，想到在那个怀里的时刻，广沫桐发现自己有点失态了，她一摆手，对东方闻樱说道：“我知道你想杀他，可是现在不是时候，他现在对我们来说，起着极大的作用，”
　　“是的小姐，我错了，”
　　东方闻樱的态度让龙劲秋实在不解，看年纪这个女人也不过三十出头，而东方闻樱只比自己小二岁有四十多岁了，怎么会对这么一个美少妇如此恭敬，真是奇了怪了。
　　“龙劲秋，你不用猜，我可以告诉你我是谁，但是我要你配合我们。”
　　广沫桐的话让龙劲秋想反对都不能，他点点头，说道：“说吧，让我怎么配合你们。”
　　广沫桐在龙劲秋面前的软座上缓缓坐了下来，轻扬玉手，脸上一抹红晕，娇声道：“到时我会告诉你怎么做的，现在我就告诉你我是谁。”
　　龙刚正在思索当中，五天信义从外面进来了，刚才他去看了一下自己的四个儿子和女儿，女儿没受伤，可四个儿子全都挂了彩，直气得他哇哇大叫。
　　龙至清因为是护士，所以此刻她的作用极大，为受伤的人包扎成了她此时的工作，小精灵鬼龙至灵偎在母亲怀里，好象要睡着了似的，也是，这么一个晚上，一番大战，又是龙呀又是龟呀又是蛇的，什么乱七八糟的东西都出来了，她小小年纪虽然没有看到，可是外面的吵杂的声音也够她受的了，现在已快近午夜了，她不想睡才怪呢。
　　黄淑兰一看怀中的女儿真得快睡着了，便对龙劲夏说道：“二姐，我看大家都累了，这些事等明天再说吧，”
　　龙劲夏点点头，开始了安排住宿的事，这五天信雄当初建这庭院之时便考虑到住宿的事，所以他家的房子可以开一家高级酒店了，虽然只有三层楼高，可是占地面积确实吓人，几百人住下来那是一点都不在话下。
　　一楼住的都是稻川会的帮众，二楼住的是龙劲东一家和黄淑兰一家，五天信雄做为主人睡在三楼。东西走廊的建筑，一间挨着一间的客房，从东边走到西边都要十几分钟，可想而知这房子有多大了。
　　一人一间都还有多，何况还有这么多对小夫妻呢。黄淑兰让龙刚抱着妹妹上二楼去睡觉，并让其它三个儿子也都早点睡。龙劲夏安排了一下五天信义他们一大家的人后，来到二楼，看见龙刚从卧室里出来，便问道：“你妹妹睡着了。”
　　龙刚点点头，这时正好温小蝶走过来，龙劲夏一看她便说道：“小蝶呀，你和龙刚睡这一间吧！”
　　龙刚一听愣了一下，而温小蝶一听粉脸便红了，以前龙劲夏不知道温小蝶是龙至贤的妻子而以为她是龙刚的妻子，安排他们睡在了一个房间，现在龙至贤来了，她怎么还敢这样安排。
　　温小蝶一听红着脸说道：“姑妈，你搞错了，我和四弟他……”
　　她还想说什么，就看到丈夫龙至贤走过来了，他手上还端着一脸盆热水呢。
　　温小蝶羞红了脸不再说话，而是快速的进入了一间卧室，龙至贤并没有听到姑妈说什么，一看姑妈和龙刚都愣在那里，便笑道：“姑妈，四弟，你们怎么了？”
　　龙劲夏也是粉脸一热，笑道：“没什么，没什么，快休息吧！”
　　龙至贤笑着点点头进入了温小蝶的卧室，把门也关上了。
　　龙刚尴尬的朝姑妈笑了笑，说道：“姑妈，你也去休息吧！”
　　说完便进入了另一个无人的卧室。
　　龙劲夏不知道在想什么，她可真的不敢想什么了，那前天龙刚和温小蝶睡在一个房间是怎么回事？这，这简直乱了嘛！龙劲夏摇摇头不去想了，快步往三楼走去。
　　龙刚躺在卧室的双人床上，双手枕头，看着雪白的天花板，心里思绪万千，就在这时，有人敲门了。
　　龙刚懒懒的起身打开门一看，只见外面站着的人正是那绝美绝美的表姐五天由美，只见她一身白色的睡衣，乌黑的秀发披散在双肩，丰满坚挺的玉女峰在极低的睡衣下将那雪白如玉的股肤和那道深不见底的山谷暴露在男人眼下，柳腰因为睡裙的原因看不清楚，但那双修长的玉腿确实是要了男人的命。
　　龙刚呆呆的看着美艳如仙女般的表姐，不知道该做些什么，五天由美羞红着脸，伸出纤纤玉手将男人的身体推开，便进入了他的卧室。
　　龙刚呆呆的看着绝美的表姐从自己身边走过，她那充满无穷诱惑力的处子之香熏得他体内的欲火迅速的暴发出来，慢慢的关上了那道本应该打开的大门。
　　走廊的东边，黄凤英看着五天由美进入了自己爱人弟弟的房间，心里是说不出的滋味，就在她难过之时，袁衣紫揽住她的香肩，在她的耳边轻声说道：“老公不疼你，就让姐姐疼你吧！”
　　黄凤英一听粉脸羞红一片，低下头去不敢看她。袁衣紫娇笑着一手牵住黄凤英的纤纤玉手进入了自己的卧室。
　　龙刚看着坐在床边娇美无限的表姐五天由美，在这么多女人当中，她是最美
2017-12-25 15:47:30,825 - INFO - webService.py - istext - 144 - 分词之后长度: 2642
2017-12-25 15:47:30,940 - INFO - webService.py - getDocSexProba - 112 - 色情分类概率是：0.746450, 模型分类结果：1, 分词结果：师傅 墨子 说 一段话 恶制 恶 以毒攻毒 金身 破窍 皇形 霸业 唯 墨 千秋万代 浩气长存 想到 龙刚 盘膝而坐 神功 行大 周天之 礼 再行 三十六 小周天 礼 调息 打坐 境界 黄凤英 看着 爱人 弟弟 盘膝而坐 不一会儿 便 见 头顶 冉冉升起 一股 白烟 不由 惊叫 一声 袁衣紫 沉浸 男人 淫 弄 幻想 空间 时 听到 尖叫声 男人 回头一看 呆呆 傻立 只见 龙刚 头顶 白烟 越来越 浓 渐渐 半空 之中 气袋 白烟 不停 的往 气袋 里 冲去 越来越 浓 白色 气球 实心 那种 这一 奇异 现象 玄火久 田 长野 幸一 看在眼里 却是 心惊肉跳 龙 刚 修练 神功 黑 墨子 冰光 神功 武功 专 体内 金光 青龙 修练 白色 气球 打入 金光 青龙 体内 金光 青龙 便 霸道 四神 首 东方 青龙 龙刚 呼出 一口气 龙吟 一声 只见 头顶 十余米 气球 便 快速 天空 中 三只 巨型 火龟 缠战 金光 青龙 飞去 金光 青龙 闪身 避过 巨型 火龟 裂火 张开 龙口 白色 气球 吸入 肚内 一瞬间 见 风吹 云动 金光 青龙 涨 一部 只见 口吐 一股 白光 苍冰 遇风 转化成 冰之狂 岚 泰山压顶 势 三只 巨型 火龟 覆灭 这一 巨变 所有人 呆 立 仰天 看着 如梦如幻 景象 玄火久 田 一看 更是 呆呆 动弹 听 师傅 说 无论如何 金光 青龙 吸食 冰光 神功 气球 死路一条 不想 呈现 面前 呆若木鸡 金光 青龙 覆灭 三只 巨型 火龟 仰头 一声 龙吟 极快 速 向龙刚 俯身 龙刚 张开 双臂 迎接 金光 青龙 转头 扑 长蛇 一道 白光 苍冰 转化成 冰之狂 岚 长 蛇口 吐 黑云 意欲 反抗 之际 冰之狂 岚 击中 七寸 要害 一眨眼 便烟 消 灰灭 五条 黑色 恶龙 金光 青龙 畏惧 率先 刺入 龙刚 体内 消失 不见 龙刚 一阵 难过 双 膝 跪 双手 撑 金光 青龙 见 便 尤如 闪电 刺入 龙刚 体内 龙刚 体内 金光 青龙 五条 黑色 恶龙 缠斗 总算 收服 恢复 绝佳 状态 龙刚 慢慢 站 起身 双眼 闪 出 一道 凌厉 剑光 玄火久 田 一看 仿佛 刺中 手 捂 心脏 往后 倒退 三步 一口 鲜血 狂涌 出 长野 幸 连忙 扶住 看着 龙刚 龙刚 盯 绝 美的 妇人 怀里 娇媚 淫 呻 身下 娇欢 转展 女人 是一个 蛇蝎心肠 女人 正 名字 不谋而合 灵蛇 龙刚 一步步 逼近 两人 四个 白衣 忍者 飞身 挡 龙刚 身前 玄火久 田 徒弟 此刻 师傅 难 袖手旁观 龙刚 对手 精神 值得 表扬 长野 幸一 道 龙刚 恨 杀 杀 龙刚 仰天 长 笑 一声 杀 哈哈哈 笑 中 带着 恨意 让人 听 耳里 实在 好受 龙 刚正 欲 说话 美女 晴子 拦在 面前 娇美 脸蛋 泪花 让人 一看 禁不住 怜香惜玉 情 刚 求求 饶 母亲 福田 晴子 流着泪 哀求 龙刚 龙刚 看着 美女 晴子 哭泣 神情 心头 一动 缓缓 伸出手 轻轻 擦拭 娇嫩 脸蛋 泪花 轻声道 妹妹 放心 杀 母亲 福田 晴子 听 男人 内心 着实 兴奋 转身 看着 母亲 道 妈妈 回来 长野 幸一 冷笑 一声 说道 龙刚 得意 太 早 父亲 落到 手里 救 说完 便 扶 玄火久 田 四个 白衣 忍者 说道 走 四个 白衣 忍者 低头 应道 说完 便 怀里 掏出 东西 地上 砸 一团 浓烟 升起 烟消云散 便 玄武 双灵 四个 白衣 忍者 身影 黑衣 忍者 紫衣 忍者 悄悄的 退出 五天 家 离开 之时 尸体 带走 训练有素 福田 晴子 呆呆 站立 母亲 变 一个人 男人 在一起 画面 不停 脑海 里 翻腾 龙刚 来到 美女 晴子 身边 揽住 香 肩 温柔 说道 母亲 回来 福田 晴子 再也 控制 不住 激动 扑入 男人 怀里 痛哭 龙刚 抚摸 美女 晴子 柔顺 秀发 安慰 男人 温柔 抚慰 美女 晴子 哭声 便 越来越 真的 伤心 男人 母亲 之间 做 抉择 想 义无反顾 选择 男人 女人 龙 刚 想着 长野 幸一 临走 说 那句话 父亲 落 手里 目的 简单 对付 理由 搭 上边 目的 龙刚 想起 母亲 说 一段话 醒悟 之间 转头 袁衣紫 说道 衣紫 姐姐 袁衣紫 看着 男人 抱 美女 晴子 安慰 舒服 心想 担惊受怕 安慰 安慰 正 想着 听到 男人 感觉 男人 挂念 不由 粉脸 红 娇声道 事 龙刚 揽 美女 晴子 来到 面前 说道 说 三口 组 的人 想想 会派 袁衣紫 听 沉思 说道 猜 不出 问问 凉子 一点 龙刚 想 想 说道 问 麻烦 先 照顾 晴子 说完 龙刚 离开 美女 晴子 大屋 走 一场 大战 稻川 的人 伤亡 惨重 五天 信义 四个 儿子 挂 彩 还好 帮手 非死不可 收拾 战局 事 本来 人满为患 庭院 此刻 稀稀 松松 躺 坐 受伤 人大 呻吟 龙至忠 龙至贤 紧 娇妻 生怕 离开 先 冲出去 第一 龙刚 内心深处 一种 莫名 感觉 一种 说不出来 感觉 丁柔 一眼 温小蝶 温小蝶 一眼 丁柔 两个 女人 说话 达成 默契 保守 秘密 龙刚 客厅 绝 美的 表姐 五天 美 正 瞪 眼睛 看着 美丽 眼睛 里 仿佛 装 感觉 身子 飘起来 一个人 挡 五天 美的 视线 之中 娇蛮 可爱 美艳 动人 表妹 五天 丽奈 怪物 五天 丽奈 第一句 话 就让 龙刚 哭笑不得 说 龙刚 不答 反 问道 一头 怪物 五天 丽 奈 嘟 艳丽 樱桃小嘴 薄薄的 红唇 挑逗 男人 龙刚 看在眼里 真 想 一把 搂 吻 够 客厅 里 的人 包括 亲生 母亲 和亲 妹妹 在内 不想 做 强忍 住 体内 欲火 笑 道 说 说完 身边 走过 径直 母亲 姑妈 走 一百一十 八 坐在 舒服 汽车 后座 龙劲秋 看着 两边 美艳 妇人 笑 道 阶下囚 告诉 林荫 妩媚 之极 笑了笑 成熟 丰满 娇躯 进 男人 那双 尽显 淫媚 风情 美目 盯 男人 英俊 脸庞 娇声道 劲秋 想 告诉 别急 说完 林荫 伸出 纤纤玉手 男人 宽厚 胸脯 轻柔 抚摸 是一种 引诱 一种 挑逗 男人 胯下 之物 蠢蠢欲动 林兰 一副 冷若冰霜 样子 厌恶 叫道 姐姐 林荫 听 妹妹 叫声 一眼 便 坐正 身子 龙劲秋 不解 看着 美少妇 说道 讨厌 男人 林兰 尖叫 道 讨厌 男人 讨厌 讨厌 讨厌 林兰 表现 龙劲秋 感到 意外 强笑道 楼上 林兰 听 凶狠 看着 龙劲秋 冷冷的 说道 姐姐 碰 臭男人 原来如此 龙劲秋 明白 英俊 脸上 充满 笑容 笑 不准 笑 林兰 看着 男人 笑 更 厌恶 明白 脸会 红 龙劲秋 笑 更 欢 做 所有人 想不到 动作 林兰 生气 时 龙劲秋 便 抱 螓着 狠狠 吻住 娇润 樱桃小嘴 极快 速度 顶开 紧咬 银牙 勾住 香润 丁信子 狂 吸 林兰 男人 动作 吓呆了 娇美 脸蛋 红晕 呼吸困难 芳心 乱 跳 却是 人才 特别 男人 身上 股 成熟 阳刚 气味 直 熏得 全身 软弱无力 纤纤玉手 做 毫无意义 反抗 只能 证明 一点 初次 男人 接吻 发现 龙劲秋 感到 兴奋 时间 享受 美少妇 香 醉人 香舌 甜美 口水 林荫 看着 男人 强 吻 妹妹 愣住 实在 想不到 男人 做 事 面 快 疯 掉 愣 片刻 便 抓住 男人 头发 往后 拉 林兰 陶醉 倒 软座 呼吸 急促 粉脸 通红 一双 美目 喷出 火 烧死 男人 死死的 盯 男人 龙劲秋 笑 道 吃醋 这句话 林荫 说 林荫 美艳 脸蛋 泛起 一股 异样 神情 龙劲秋 感觉 迟 林荫 掌切 咽喉 部位 龙劲秋 闭上 眼 倒入 林荫 怀里 林兰 看着 姐姐 惊 声道 姐姐 他杀 林荫 冷眼 看着 妹妹 喜欢 林兰 听 粉脸 更 红 怒嗔道 姐姐 说 爱 的人 林荫 冷 眼看 了看 妹妹 喜欢 说完 便 转过 头 林兰 愣住 嘴 说 内心深处 升起 一股 莫名 感觉 男人 舌头 真得好 特别 那种 滋味 真 让人 难忘 想 忘 忘不了 住 吉会 总部 西口 茂 会客室 里 坐 四个 西口 茂 之外 三口 组 神户 分会 会长 浅野博 地医 山工 制药 株式会社 社长 三井 秋野 一个人 却是 女人 黑色 秀发 瀑布 直顺 披散 双肩 高挑 身材 显出 无限 诱人 味道 浑身 散发出 一股 成熟 妇人 特有 韵味 龙劲冬 女秘书 广沫桐 西口 茂 煮 茶水 慢慢 倒入 小壶 之内 功夫茶 修行 浅野博 咳嗽 一声 说道 不知 三井 社长 玄火 有什么 期盼 三井 秋野 眉头一皱 缓缓 说道 消息 玄火 长野 夫人 带着 白衣 社 四大 刀客 退出 五天 家 浅野博 笑了笑 预料 见识 过龙刚 武功 玄火 长野 妖法 对付 龙刚 方法 行不通 三井 秋野 听 看着 浅野博 低下头去 说道 聆听 浅 野 会长 教诲 请 多多指教 西口 茂 倒 四杯 功夫茶 逐一 递给 三 茶杯 递到 美女 广沫桐 手中 时 顿 小姐 请 恕 招待不周 广沫桐 美丽 脸蛋 丝毫 表情 接过 功夫茶 一饮而尽 三井 秋野 广沫桐 想到 住 吉会 会长 会客室 外人 西口 茂 恭敬 不由 敬意 浅野博 眯着 眼睛 慢慢 喝 功夫茶 赞叹 道 茶 茶 广沫桐 看着 浅野博 说 说 计划 浅野博 广沫桐 弯 弯腰 缓缓 说道 早 五年 前 龙氏 家族 做 安排 广沫桐 转过 脸 三个 男人 怀里 慢慢 掏出 银 盒子 丁 一声 打开 盒子 香烟 女性 香烟 广沫桐 伸出 纤纤玉手 拈起 一根 香烟 放入 鲜红 樱唇 之中 西口 茂 很适 相的 点着 火 广沫桐 深吸 一口 烟 说道 三井 秀明 在世 找到 对付 龙氏 家族 哪时 布置 局 三井 秋野 听 广沫桐 说出 父亲 名子 下倒 大感 意外 听 父亲 说 女人 广沫桐 转头 一眼 三井 秋野 说道 父亲 告诉 单独 这是 规矩 浅野博 笑 道 小姐 早 做 安排 不用 费 手脚 广沫桐 听 笑 道 说 隐藏 深 谢谢 叔叔 浅野博 听 广沫桐 弯 弯腰 说道 小姐 服务 三口 组 荣幸 三井 秋野 黑社会 人物 却是 仗 黑社会 力量 稳 坐 日本 第一 制药 公司 头把交椅 黑社会 里 名人 三口 组 若头 浅 野见 住 吉会 会长 西口 茂 两大 帮会 可谓 日本 三大 帮会 老大 老二 样子 美丽 女人 敬畏 三分 女人 来历 不小 三口 组 住 吉会 头号人物 面前 趾高气扬 普通人 广沫桐 看穿 三井 秋野 心思 笑 道 算是 客人 父亲 去世 做事 宗旨 收 钱 办完 事 父亲 去世 铲除 龙氏 家族 三井 秋野 听 广沫桐 深深 鞠了一躬 低着头 说道 麻烦 小姐 广沫桐 空 茶杯 放在 茶几 之上 站 起身 说道 龙劲秋 迎接 龙 家 头号人物 龙刚 母亲 身边 坐下 黄淑兰 看着 儿子 欣喜 极 刚儿 没事 龙刚 笑 道 妈 放心 儿子 本事 妈妈 件 想 问问 黄淑兰 笑 道 有什么 事 问 龙刚 说道 记得 上次 四叔 家 说 三井 地医 山工 收购 四叔 严 也益 父亲 催成 三 知 瑞 疼责 制药 合并 回事 黄淑兰 听 说道 回事 龙刚 想 想 说道 总 有什么 地方 说 做法 符合 逻辑 符合 常理 黄淑兰 理解 儿子 问 便 说道 说 事实 摆在 眼前 三口 组 住 吉会 三井 后台 想 吞并 四叔 严 也益 公司 扩充 日本 制药 界 实力 有什么 龙刚 说道 妈妈 想想 三井 姑父 五天 药业 下手 三知瑞 父亲 疼责 制药 下手 非要 四叔 严 也益 下手 黄淑兰 听 愣住 回答 五天 信雄 听 说道 想 是因为 三井 具备 实力 收购 五天 药业 妈妈 三知瑞 生意场 竞争对手 疼责 制药 想不通 龙刚 听 姑父 说 便 说道 四叔 严 也益 公司 三井 收购 成功 母亲 姑父 公司 构成威胁 五天 信雄 陷入 沉思 龙劲冬 说道 刚儿 想 三井 必胜 把握 收购 想 先 吃掉 吃大 龙刚 摇摇头 四叔 公司 规模 很大 收购 拿出 现金 这样的话 三井 陷入 被动局面 想 傻 地步 弱点 暴露 敌人 龙劲冬 无话可说 承认 龙刚 说 一点 道理 生意场 讲究 实力 精明 实力 吃掉 拿出 现金 收购 别家 公司 实力 短时间 之内 得不到 扩充 对手 反收购 例子 商场 比比皆是 龙刚 沉思 一会儿 说道 想 三井 把握 五天 药业 和三知瑞 公司 做 目的 想要 反收购 时 实力 暴露 这样一来 付出 想像中 是一个 可怕 圈套 暴露 弱点 吸引 敌人 进攻 再来一个 反击 头脑 的人 想 出 计谋 龙刚 思索 着为 背后 操纵 的人 是一个 的人 处心积虑 玄武 双灵 妖邪 徒 听 号召 简单 想要 摧毁 龙氏 家族 龙刚 脑海 里 快速 翻腾 更 问量 父亲 一百一十 九 龙劲秋 死 睁开眼 时 躺 一张 舒服 靠背椅 房间 里 充满 成熟 女人 特有 芳香 晕过去 中年 美妇 林荫 此刻 正 面带笑容 看着 醒 声音 温柔 雌性 龙劲秋 脖子 看着 笑 道 舍不得 杀 喜欢 林荫 看着 男人 笑脸 粉脸 一抹 红晕 娇声道 秋郎 真的 龙劲秋 听 秋郎 便 呆住 生命 女人 最怕 见到 女人 实在 对不起 女人 女人 名字 东方闻樱 林荫 娇柔 身躯 转 男人 面前 转 圈 面对 男人 时 脸 换成 一个人 脸 张 脸 张 脸 不知 美 几倍 天上 仙女 娇艳动人 诱人 酥 骨 龙劲秋 看着 仿佛 时光 回到 二十年 前 是一个 美丽 夏天 刚满 二十岁 龙劲秋 身负 霍家 绝学 霍家 日本 三井 家 恩怨 义无反顾 踏上 寻仇 路 南海 海边 龙劲秋 二岁 绝世 美女 东方闻樱 也许 少年郎 俊雅 风 打动 十八岁 美少女 春心 也许 少年人 知 不想 未来 性格 龙劲秋 美少女 东方闻樱 美色 深深 迷惑 离家 结婚 妻子 黄淑兰 娇妻 一位 美 方物 绝代佳人 东方闻樱 身上 特有 娇媚 态 吸引 龙劲秋 地方 娇妻 黄淑兰 那种 气质 高贵 尤如 寒雪 梅花 人物 东方闻樱 却是 那种 尤如 娇媚 茉莉 人物 两种 性格 风格 美女 龙劲秋 义无反顾 迷恋 新鲜 刺激 感觉 娇淫 喘息 夜晚 龙劲秋 着实 尝够 绝 美少女 新鲜 玉体 人生 历程 前所未有 极致 新鲜 过后 龙劲秋 发觉 美少女 普通人 四大家族 东方 一门 传人 自小 便 四大家族 北郭 无敌 订 娃娃亲 便 离开 东方闻樱 记得 夜晚 东方闻樱 恨 恨 说道 龙劲秋 恨 我会 一辈子 恨 此时此刻 龙劲秋 真不知道 面对 女人 只能 尴尬 勉强 笑 道 闻儿 东方闻樱 听 男人 闻儿 浑身 颤 这是 男人 恩爱 唤 想着 两人 无比 缠绵 夜晚 心 痛起来 混蛋 闻儿 杀 东方闻樱 泪水 禁不住 夺眶而出 面对 夺走 处子 身 玩完 抛弃 男人 分不清 爱 恨 此刻 怀中 掏出 一把 明晃晃 小刀 龙劲秋 刀 东方 一门 特有 鑫 月 刀 刀 锋利 无比 杀人 血 沾 刀 刀 太 快 快 血流 速度 快 龙劲秋 对不起 负心人 要死 刀 命中注定 闭 双眼 等待 想 尝尝 鑫 月 刀 插进 心脏 是一种 感觉 很凉 很痛 住手 娇美 声音 响起 龙劲秋 睁开眼 便 绝 美的 女人 一身 黑色 制服 长长的 秀发 披散 双肩 丰满 身段 完美 曲线 修长 玉腿 白色 高 细带 凉鞋 一双 晶莹 玉趾 诱人 极 要救 东方闻樱 听 鑫 月 刀 便 瞬间 消失 手里 转身 女人 低下 了头 女人 广沫桐 轻盈 步伐 缓缓 走到 龙劲秋 面前 一阵 暗涌 脸上 映出 男人 脸 想到 怀里 时刻 广沫桐 发现自己 失态 摆手 东方闻樱 说道 想 杀 作用 小姐 错 东方闻樱 态度 龙劲秋 实在 不解 年纪 女人 三十出头 东方闻樱 二岁 四十多岁 美少妇 恭敬 奇 怪 龙劲秋 不用 猜 告诉 配合 广沫桐 龙劲秋 想 反对 点点头 说道 说 配合 广沫桐 龙劲秋 面前 软座 缓缓 坐 轻扬 玉手 脸上 一抹 红晕 娇声道 时 我会 告诉 做 告诉 龙刚 思索 五天 信义 外面 四个 儿子 女儿 女儿 没 受伤 四个 儿子 挂 彩 直气 哇哇大叫 龙至清 护士 此刻 作用 受伤 的人 包扎 成 工作 小精灵 鬼 龙至灵 偎 母亲 怀里 睡着 晚上 大战 龙 龟 蛇 乱七八糟 东西 小小年纪 外面 吵杂 声音 够 受 已快 近 午夜 不想 睡 怪 黄淑兰 一看 怀中 女儿 真得快 睡着 便 龙劲夏 说道 二姐 累 事 明天 龙劲夏 点点头 安排 住宿 事 五天 信雄 当初 建 庭院 之时 便 住宿 事 他家 房子 开 一家 高级 酒店 三层楼 高 占地面积 确实 吓人 几百人 住 一点 不在话下 一楼 住 稻川 帮众 二楼 住 龙劲东 一家 黄淑兰 一家 五天 信雄 做 睡 三 楼 东西 走廊 建筑 一间 一间 客房 东边 走 西边 十几分钟 可想而知 房子 一间 夫妻 黄淑兰 龙 刚 抱 妹妹 二楼 睡觉 三个 儿子 早点 睡 龙劲夏 安排 五天 信义 的人 来到 二楼 龙刚 卧室 里 便 问道 妹妹 睡着 龙刚 点点头 正好 温小蝶 走 龙劲夏 一看 便 说道 小蝶 龙刚 睡 一间 龙刚 听 愣 温小蝶 听 粉脸 便 红 龙劲夏 温小蝶 龙至贤 妻子 龙刚 妻子 安排 睡在 房间 龙至贤 敢 安排 温小蝶 听 红着脸 说道 姑妈 搞错 四弟 想 说 丈夫 龙至贤 走 手上 端 脸盆 热水 温小蝶 羞 红了脸 说话 快速 一间 卧室 龙至贤 听到 姑妈 说 姑妈 和龙刚 愣 便 笑 道 姑妈 四弟 龙劲夏 粉脸 热 笑 道 没什么 没什么 快 休息 龙至贤 笑 点点头 温小蝶 卧室 把门 关上 龙刚 尴尬 姑妈 笑了笑 说道 姑妈 休息 说完 便 无人 卧室 龙劲夏 想 真的 想 那前 天龙 刚 温小蝶 睡 房间 怎么回事 乱 龙劲夏 摇摇头 想 快步 三 楼 走 龙刚 躺 卧室 双人床 双手 枕头 看着 雪白 天花板 思绪万千 有人 敲门 龙刚 懒懒 起身 打开门 只见 外面 站 的人 绝美 绝 美的 表姐 五天 美 只见 一身 白色 睡衣 乌黑 秀发 披散 双肩 丰满 坚挺 玉女峰 极低 睡衣 雪 白如玉 股肤 道 深不见底 山谷 暴露 男人 眼下 柳腰 睡裙 原因 看不清楚 那双 修长 玉腿 确实 男人 命 龙刚 呆呆 看着 美艳 仙女 表姐 做 五天 美羞 红着脸 伸出 纤纤玉手 男人 身体 推开 便 卧室 龙刚 呆呆 看着 绝 美的 表姐 身边 走过 充满 无穷 诱惑力 处子 香熏 体内 欲火 暴发出来 慢慢 关上 道 打开 大门 走廊 东边 黄凤英 看着 五天 美 爱人 弟弟 房间 说不出 滋味 难过 时 袁衣紫 揽住 香 肩 耳边 轻声 说道 老公 疼 就让 姐姐 疼 黄凤英 听 粉脸 羞红 低下头去 袁衣紫娇 笑 一手 牵住 黄凤英 纤纤玉手 卧室 龙刚 看着 坐在 床边 娇美 无限 表姐 五天 美 女人 最美
2017-12-25 15:47:30,943 - INFO - webService.py - getParagraphList - 135 - 分段长度为：42
2017-12-25 15:47:30,975 - INFO - webService.py - getDocSexProba - 112 - 色情分类概率是：0.468767, 模型分类结果：0, 分词结果：师傅 墨子 说 一段话 恶制 恶 以毒攻毒 金身 破窍 皇形 霸业 唯 墨 千秋万代 浩气长存 想到 龙刚 盘膝而坐 神功 行大 周天之 礼 再行 三十六 小周天 礼 调息 打坐 境界 黄凤英 看着 爱人 弟弟 盘膝而坐 不一会儿 便 见 头顶 冉冉升起 一股 白烟 不由 惊叫 一声 袁衣紫 沉浸 男人 淫 弄 幻想 空间 时 听到 尖叫声 男人 回头一看 呆呆 傻立
2017-12-25 15:47:31,003 - INFO - webService.py - getDocSexProba - 112 - 色情分类概率是：0.670115, 模型分类结果：1, 分词结果：只见 龙刚 头顶 白烟 越来越 浓 渐渐 半空 之中 气袋 白烟 不停 的往 气袋 里 冲去 越来越 浓 白色 气球 实心 那种 这一 奇异 现象 玄火久 田 长野 幸一 看在眼里 却是 心惊肉跳 龙 刚 修练 神功 黑 墨子 冰光 神功 武功 专 体内 金光 青龙 修练 白色 气球 打入 金光 青龙 体内 金光 青龙 便 霸道 四神 首 东方 青龙
2017-12-25 15:47:31,050 - INFO - webService.py - getDocSexProba - 112 - 色情分类概率是：0.234823, 模型分类结果：0, 分词结果：龙刚 呼出 一口气 龙吟 一声 只见 头顶 十余米 气球 便 快速 天空 中 三只 巨型 火龟 缠战 金光 青龙 飞去 金光 青龙 闪身 避过 巨型 火龟 裂火 张开 龙口 白色 气球 吸入 肚内 一瞬间 见 风吹 云动 金光 青龙 涨 一部 只见 口吐 一股 白光 苍冰 遇风 转化成 冰之狂 岚 泰山压顶 势 三只 巨型 火龟 覆灭 这一 巨变 所有人 呆 立 仰天 看着 如梦如幻 景象 玄火久 田 一看 更是 呆呆 动弹 听 师傅 说 无论如何 金光 青龙 吸食 冰光 神功 气球 死路一条 不想 呈现 面前 呆若木鸡
2017-12-25 15:47:31,082 - INFO - webService.py - getDocSexProba - 112 - 色情分类概率是：0.264363, 模型分类结果：0, 分词结果：金光 青龙 覆灭 三只 巨型 火龟 仰头 一声 龙吟 极快 速 向龙刚 俯身 龙刚 张开 双臂 迎接 金光 青龙 转头 扑 长蛇 一道 白光 苍冰 转化成 冰之狂 岚 长 蛇口 吐 黑云 意欲 反抗 之际 冰之狂 岚 击中 七寸 要害 一眨眼 便烟 消 灰灭 五条 黑色 恶龙 金光 青龙 畏惧 率先 刺入 龙刚 体内 消失 不见 龙刚 一阵 难过 双 膝 跪 双手 撑 金光 青龙 见 便 尤如 闪电 刺入 龙刚 体内
2017-12-25 15:47:31,106 - INFO - webService.py - getDocSexProba - 112 - 色情分类概率是：0.310567, 模型分类结果：0, 分词结果：龙刚 体内 金光 青龙 五条 黑色 恶龙 缠斗 总算 收服 恢复 绝佳 状态 龙刚 慢慢 站 起身 双眼 闪 出 一道 凌厉 剑光 玄火久 田 一看 仿佛 刺中 手 捂 心脏 往后 倒退 三步 一口 鲜血 狂涌 出 长野 幸 连忙 扶住 看着 龙刚 龙刚 盯 绝 美的 妇人 怀里 娇媚 淫 呻 身下 娇欢 转展 女人 是一个 蛇蝎心肠 女人 正 名字 不谋而合 灵蛇
2017-12-25 15:47:31,144 - INFO - webService.py - getDocSexProba - 112 - 色情分类概率是：0.234372, 模型分类结果：0, 分词结果：龙刚 一步步 逼近 两人 四个 白衣 忍者 飞身 挡 龙刚 身前 玄火久 田 徒弟 此刻 师傅 难 袖手旁观 龙刚 对手 精神 值得 表扬 长野 幸一 道 龙刚 恨 杀 杀 龙刚 仰天 长 笑 一声 杀 哈哈哈 笑 中 带着 恨意 让人 听 耳里 实在 好受 龙 刚正 欲 说话 美女 晴子 拦在 面前 娇美 脸蛋 泪花 让人 一看 禁不住 怜香惜玉 情
2017-12-25 15:47:31,171 - INFO - webService.py - getDocSexProba - 112 - 色情分类概率是：0.942057, 模型分类结果：1, 分词结果：刚 求求 饶 母亲 福田 晴子 流着泪 哀求 龙刚 龙刚 看着 美女 晴子 哭泣 神情 心头 一动 缓缓 伸出手 轻轻 擦拭 娇嫩 脸蛋 泪花 轻声道 妹妹 放心 杀 母亲 福田 晴子 听 男人 内心 着实 兴奋 转身 看着 母亲 道 妈妈 回来 长野 幸一 冷笑 一声 说道 龙刚 得意 太 早 父亲 落到 手里 救 说完 便 扶 玄火久 田 四个 白衣 忍者 说道 走
2017-12-25 15:47:31,190 - INFO - webService.py - getDocSexProba - 112 - 色情分类概率是：0.215467, 模型分类结果：0, 分词结果：四个 白衣 忍者 低头 应道 说完 便 怀里 掏出 东西 地上 砸 一团 浓烟 升起 烟消云散 便 玄武 双灵 四个 白衣 忍者 身影 黑衣 忍者 紫衣 忍者 悄悄的 退出 五天 家 离开 之时 尸体 带走 训练有素 福田 晴子 呆呆 站立 母亲 变 一个人 男人 在一起 画面 不停 脑海 里 翻腾
2017-12-25 15:47:31,207 - INFO - webService.py - getDocSexProba - 112 - 色情分类概率是：0.967417, 模型分类结果：1, 分词结果：龙刚 来到 美女 晴子 身边 揽住 香 肩 温柔 说道 母亲 回来 福田 晴子 再也 控制 不住 激动 扑入 男人 怀里 痛哭 龙刚 抚摸 美女 晴子 柔顺 秀发 安慰 男人 温柔 抚慰 美女 晴子 哭声 便 越来越 真的 伤心 男人 母亲 之间 做 抉择 想 义无反顾 选择 男人 女人 龙 刚 想着 长野 幸一 临走 说 那句话 父亲 落 手里 目的 简单 对付
2017-12-25 15:47:31,230 - INFO - webService.py - getDocSexProba - 112 - 色情分类概率是：0.906234, 模型分类结果：1, 分词结果：理由 搭 上边 目的 龙刚 想起 母亲 说 一段话 醒悟 之间 转头 袁衣紫 说道 衣紫 姐姐 袁衣紫 看着 男人 抱 美女 晴子 安慰 舒服 心想 担惊受怕 安慰 安慰 正 想着 听到 男人 感觉 男人 挂念 不由 粉脸 红 娇声道 事 龙刚 揽 美女 晴子 来到 面前 说道 说 三口 组 的人 想想 会派
2017-12-25 15:47:31,265 - INFO - webService.py - getDocSexProba - 112 - 色情分类概率是：0.932752, 模型分类结果：1, 分词结果：袁衣紫 听 沉思 说道 猜 不出 问问 凉子 一点 龙刚 想 想 说道 问 麻烦 先 照顾 晴子 说完 龙刚 离开 美女 晴子 大屋 走 一场 大战 稻川 的人 伤亡 惨重 五天 信义 四个 儿子 挂 彩 还好 帮手 非死不可 收拾 战局 事 本来 人满为患 庭院 此刻 稀稀 松松 躺 坐 受伤 人大 呻吟
2017-12-25 15:47:31,302 - INFO - webService.py - getDocSexProba - 112 - 色情分类概率是：0.756970, 模型分类结果：1, 分词结果：龙至忠 龙至贤 紧 娇妻 生怕 离开 先 冲出去 第一 龙刚 内心深处 一种 莫名 感觉 一种 说不出来 感觉 丁柔 一眼 温小蝶 温小蝶 一眼 丁柔 两个 女人 说话 达成 默契 保守 秘密 龙刚 客厅 绝 美的 表姐 五天 美 正 瞪 眼睛 看着 美丽 眼睛 里 仿佛 装 感觉 身子 飘起来 一个人 挡 五天 美的 视线 之中 娇蛮 可爱 美艳 动人 表妹 五天 丽奈
2017-12-25 15:47:31,334 - INFO - webService.py - getDocSexProba - 112 - 色情分类概率是：0.536182, 模型分类结果：1, 分词结果：怪物 五天 丽奈 第一句 话 就让 龙刚 哭笑不得 说 龙刚 不答 反 问道 一头 怪物 五天 丽 奈 嘟 艳丽 樱桃小嘴 薄薄的 红唇 挑逗 男人 龙刚 看在眼里 真 想 一把 搂 吻 够 客厅 里 的人 包括 亲生 母亲 和亲 妹妹 在内 不想 做 强忍 住 体内 欲火 笑 道 说 说完 身边 走过 径直 母亲 姑妈 走
2017-12-25 15:47:31,351 - INFO - webService.py - getDocSexProba - 112 - 色情分类概率是：0.996924, 模型分类结果：1, 分词结果：一百一十 八 坐在 舒服 汽车 后座 龙劲秋 看着 两边 美艳 妇人 笑 道 阶下囚 告诉 林荫 妩媚 之极 笑了笑 成熟 丰满 娇躯 进 男人 那双 尽显 淫媚 风情 美目 盯 男人 英俊 脸庞 娇声道 劲秋 想 告诉 别急 说完 林荫 伸出 纤纤玉手 男人 宽厚 胸脯 轻柔 抚摸 是一种 引诱 一种 挑逗 男人 胯下 之物 蠢蠢欲动
2017-12-25 15:47:31,379 - INFO - webService.py - getDocSexProba - 112 - 色情分类概率是：0.759594, 模型分类结果：1, 分词结果：林兰 一副 冷若冰霜 样子 厌恶 叫道 姐姐 林荫 听 妹妹 叫声 一眼 便 坐正 身子 龙劲秋 不解 看着 美少妇 说道 讨厌 男人 林兰 尖叫 道 讨厌 男人 讨厌 讨厌 讨厌 林兰 表现 龙劲秋 感到 意外 强笑道 楼上 林兰 听 凶狠 看着 龙劲秋 冷冷的 说道 姐姐 碰 臭男人
2017-12-25 15:47:31,422 - INFO - webService.py - getDocSexProba - 112 - 色情分类概率是：0.999037, 模型分类结果：1, 分词结果：原来如此 龙劲秋 明白 英俊 脸上 充满 笑容 笑 不准 笑 林兰 看着 男人 笑 更 厌恶 明白 脸会 红 龙劲秋 笑 更 欢 做 所有人 想不到 动作 林兰 生气 时 龙劲秋 便 抱 螓着 狠狠 吻住 娇润 樱桃小嘴 极快 速度 顶开 紧咬 银牙 勾住 香润 丁信子 狂 吸 林兰 男人 动作 吓呆了 娇美 脸蛋 红晕 呼吸困难 芳心 乱 跳 却是 人才 特别 男人 身上 股 成熟 阳刚 气味 直 熏得 全身 软弱无力 纤纤玉手 做 毫无意义 反抗 只能 证明 一点 初次 男人 接吻 发现 龙劲秋 感到 兴奋 时间 享受 美少妇 香 醉人 香舌 甜美 口水
2017-12-25 15:47:31,469 - INFO - webService.py - getDocSexProba - 112 - 色情分类概率是：0.927819, 模型分类结果：1, 分词结果：林荫 看着 男人 强 吻 妹妹 愣住 实在 想不到 男人 做 事 面 快 疯 掉 愣 片刻 便 抓住 男人 头发 往后 拉 林兰 陶醉 倒 软座 呼吸 急促 粉脸 通红 一双 美目 喷出 火 烧死 男人 死死的 盯 男人 龙劲秋 笑 道 吃醋 这句话 林荫 说 林荫 美艳 脸蛋 泛起 一股 异样 神情 龙劲秋 感觉 迟 林荫 掌切 咽喉 部位 龙劲秋 闭上 眼 倒入 林荫 怀里
2017-12-25 15:47:31,496 - INFO - webService.py - getDocSexProba - 112 - 色情分类概率是：0.578020, 模型分类结果：1, 分词结果：林兰 看着 姐姐 惊 声道 姐姐 他杀 林荫 冷眼 看着 妹妹 喜欢 林兰 听 粉脸 更 红 怒嗔道 姐姐 说 爱 的人 林荫 冷 眼看 了看 妹妹 喜欢 说完 便 转过 头 林兰 愣住 嘴 说 内心深处 升起 一股 莫名 感觉 男人 舌头 真得好 特别 那种 滋味 真 让人 难忘 想 忘 忘不了
2017-12-25 15:47:31,529 - INFO - webService.py - getDocSexProba - 112 - 色情分类概率是：0.518450, 模型分类结果：1, 分词结果：住 吉会 总部 西口 茂 会客室 里 坐 四个 西口 茂 之外 三口 组 神户 分会 会长 浅野博 地医 山工 制药 株式会社 社长 三井 秋野 一个人 却是 女人 黑色 秀发 瀑布 直顺 披散 双肩 高挑 身材 显出 无限 诱人 味道 浑身 散发出 一股 成熟 妇人 特有 韵味 龙劲冬 女秘书 广沫桐 西口 茂 煮 茶水 慢慢 倒入 小壶 之内 功夫茶 修行 浅野博 咳嗽 一声 说道 不知 三井 社长 玄火 有什么 期盼
2017-12-25 15:47:31,565 - INFO - webService.py - getDocSexProba - 112 - 色情分类概率是：0.037866, 模型分类结果：0, 分词结果：三井 秋野 眉头一皱 缓缓 说道 消息 玄火 长野 夫人 带着 白衣 社 四大 刀客 退出 五天 家 浅野博 笑了笑 预料 见识 过龙刚 武功 玄火 长野 妖法 对付 龙刚 方法 行不通 三井 秋野 听 看着 浅野博 低下头去 说道 聆听 浅 野 会长 教诲 请 多多指教 西口 茂 倒 四杯 功夫茶 逐一 递给 三 茶杯 递到 美女 广沫桐 手中 时 顿 小姐 请 恕 招待不周
2017-12-25 15:47:31,600 - INFO - webService.py - getDocSexProba - 112 - 色情分类概率是：0.092445, 模型分类结果：0, 分词结果：广沫桐 美丽 脸蛋 丝毫 表情 接过 功夫茶 一饮而尽 三井 秋野 广沫桐 想到 住 吉会 会长 会客室 外人 西口 茂 恭敬 不由 敬意 浅野博 眯着 眼睛 慢慢 喝 功夫茶 赞叹 道 茶 茶 广沫桐 看着 浅野博 说 说 计划 浅野博 广沫桐 弯 弯腰 缓缓 说道 早 五年 前 龙氏 家族 做 安排 广沫桐 转过 脸 三个 男人 怀里 慢慢 掏出 银 盒子 丁 一声 打开 盒子 香烟 女性 香烟
2017-12-25 15:47:31,639 - INFO - webService.py - getDocSexProba - 112 - 色情分类概率是：0.229155, 模型分类结果：0, 分词结果：广沫桐 伸出 纤纤玉手 拈起 一根 香烟 放入 鲜红 樱唇 之中 西口 茂 很适 相的 点着 火 广沫桐 深吸 一口 烟 说道 三井 秀明 在世 找到 对付 龙氏 家族 哪时 布置 局 三井 秋野 听 广沫桐 说出 父亲 名子 下倒 大感 意外 听 父亲 说 女人 广沫桐 转头 一眼 三井 秋野 说道 父亲 告诉 单独 这是 规矩
2017-12-25 15:47:31,692 - INFO - webService.py - getDocSexProba - 112 - 色情分类概率是：0.130990, 模型分类结果：0, 分词结果：浅野博 笑 道 小姐 早 做 安排 不用 费 手脚 广沫桐 听 笑 道 说 隐藏 深 谢谢 叔叔 浅野博 听 广沫桐 弯 弯腰 说道 小姐 服务 三口 组 荣幸 三井 秋野 黑社会 人物 却是 仗 黑社会 力量 稳 坐 日本 第一 制药 公司 头把交椅 黑社会 里 名人 三口 组 若头 浅 野见 住 吉会 会长 西口 茂 两大 帮会 可谓 日本 三大 帮会 老大 老二 样子 美丽 女人 敬畏 三分 女人 来历 不小 三口 组 住 吉会 头号人物 面前 趾高气扬 普通人
2017-12-25 15:47:31,721 - INFO - webService.py - getDocSexProba - 112 - 色情分类概率是：0.037071, 模型分类结果：0, 分词结果：广沫桐 看穿 三井 秋野 心思 笑 道 算是 客人 父亲 去世 做事 宗旨 收 钱 办完 事 父亲 去世 铲除 龙氏 家族 三井 秋野 听 广沫桐 深深 鞠了一躬 低着头 说道 麻烦 小姐 广沫桐 空 茶杯 放在 茶几 之上 站 起身 说道 龙劲秋 迎接 龙 家 头号人物 龙刚 母亲 身边 坐下 黄淑兰 看着 儿子 欣喜 极 刚儿 没事
2017-12-25 15:47:31,763 - INFO - webService.py - getDocSexProba - 112 - 色情分类概率是：0.003811, 模型分类结果：0, 分词结果：龙刚 笑 道 妈 放心 儿子 本事 妈妈 件 想 问问 黄淑兰 笑 道 有什么 事 问 龙刚 说道 记得 上次 四叔 家 说 三井 地医 山工 收购 四叔 严 也益 父亲 催成 三 知 瑞 疼责 制药 合并 回事 黄淑兰 听 说道 回事 龙刚 想 想 说道 总 有什么 地方 说 做法 符合 逻辑 符合 常理
2017-12-25 15:47:31,809 - INFO - webService.py - getDocSexProba - 112 - 色情分类概率是：0.009142, 模型分类结果：0, 分词结果：黄淑兰 理解 儿子 问 便 说道 说 事实 摆在 眼前 三口 组 住 吉会 三井 后台 想 吞并 四叔 严 也益 公司 扩充 日本 制药 界 实力 有什么 龙刚 说道 妈妈 想想 三井 姑父 五天 药业 下手 三知瑞 父亲 疼责 制药 下手 非要 四叔 严 也益 下手 黄淑兰 听 愣住 回答 五天 信雄 听 说道 想 是因为 三井 具备 实力 收购 五天 药业 妈妈 三知瑞 生意场 竞争对手 疼责 制药 想不通
2017-12-25 15:47:31,834 - INFO - webService.py - getDocSexProba - 112 - 色情分类概率是：0.008015, 模型分类结果：0, 分词结果：龙刚 听 姑父 说 便 说道 四叔 严 也益 公司 三井 收购 成功 母亲 姑父 公司 构成威胁 五天 信雄 陷入 沉思 龙劲冬 说道 刚儿 想 三井 必胜 把握 收购 想 先 吃掉 吃大 龙刚 摇摇头 四叔 公司 规模 很大 收购 拿出 现金 这样的话 三井 陷入 被动局面 想 傻 地步 弱点 暴露 敌人
2017-12-25 15:47:31,863 - INFO - webService.py - getDocSexProba - 112 - 色情分类概率是：0.052013, 模型分类结果：0, 分词结果：龙劲冬 无话可说 承认 龙刚 说 一点 道理 生意场 讲究 实力 精明 实力 吃掉 拿出 现金 收购 别家 公司 实力 短时间 之内 得不到 扩充 对手 反收购 例子 商场 比比皆是 龙刚 沉思 一会儿 说道 想 三井 把握 五天 药业 和三知瑞 公司 做 目的 想要 反收购 时 实力 暴露 这样一来 付出 想像中
2017-12-25 15:47:31,889 - INFO - webService.py - getDocSexProba - 112 - 色情分类概率是：0.168765, 模型分类结果：0, 分词结果：是一个 可怕 圈套 暴露 弱点 吸引 敌人 进攻 再来一个 反击 头脑 的人 想 出 计谋 龙刚 思索 着为 背后 操纵 的人 是一个 的人 处心积虑 玄武 双灵 妖邪 徒 听 号召 简单 想要 摧毁 龙氏 家族 龙刚 脑海 里 快速 翻腾 更 问量 父亲 一百一十 九
2017-12-25 15:47:31,916 - INFO - webService.py - getDocSexProba - 112 - 色情分类概率是：0.960665, 模型分类结果：1, 分词结果：龙劲秋 死 睁开眼 时 躺 一张 舒服 靠背椅 房间 里 充满 成熟 女人 特有 芳香 晕过去 中年 美妇 林荫 此刻 正 面带笑容 看着 醒 声音 温柔 雌性 龙劲秋 脖子 看着 笑 道 舍不得 杀 喜欢 林荫 看着 男人 笑脸 粉脸 一抹 红晕 娇声道 秋郎 真的 龙劲秋 听 秋郎 便 呆住 生命 女人 最怕 见到 女人 实在 对不起 女人 女人 名字 东方闻樱
2017-12-25 15:47:31,951 - INFO - webService.py - getDocSexProba - 112 - 色情分类概率是：0.640348, 模型分类结果：1, 分词结果：林荫 娇柔 身躯 转 男人 面前 转 圈 面对 男人 时 脸 换成 一个人 脸 张 脸 张 脸 不知 美 几倍 天上 仙女 娇艳动人 诱人 酥 骨 龙劲秋 看着 仿佛 时光 回到 二十年 前 是一个 美丽 夏天 刚满 二十岁 龙劲秋 身负 霍家 绝学 霍家 日本 三井 家 恩怨 义无反顾 踏上 寻仇 路 南海 海边 龙劲秋 二岁 绝世 美女 东方闻樱 也许 少年郎 俊雅 风 打动 十八岁 美少女 春心 也许 少年人 知 不想 未来 性格 龙劲秋 美少女 东方闻樱 美色 深深 迷惑 离家 结婚 妻子 黄淑兰
2017-12-25 15:47:31,984 - INFO - webService.py - getDocSexProba - 112 - 色情分类概率是：0.903963, 模型分类结果：1, 分词结果：娇妻 一位 美 方物 绝代佳人 东方闻樱 身上 特有 娇媚 态 吸引 龙劲秋 地方 娇妻 黄淑兰 那种 气质 高贵 尤如 寒雪 梅花 人物 东方闻樱 却是 那种 尤如 娇媚 茉莉 人物 两种 性格 风格 美女 龙劲秋 义无反顾 迷恋 新鲜 刺激 感觉 娇淫 喘息 夜晚 龙劲秋 着实 尝够 绝 美少女 新鲜 玉体 人生 历程 前所未有 极致 新鲜 过后 龙劲秋 发觉 美少女 普通人 四大家族 东方 一门 传人 自小 便 四大家族 北郭 无敌 订 娃娃亲 便 离开 东方闻樱 记得 夜晚 东方闻樱 恨 恨 说道 龙劲秋 恨 我会 一辈子 恨
2017-12-25 15:47:32,017 - INFO - webService.py - getDocSexProba - 112 - 色情分类概率是：0.710599, 模型分类结果：1, 分词结果：此时此刻 龙劲秋 真不知道 面对 女人 只能 尴尬 勉强 笑 道 闻儿 东方闻樱 听 男人 闻儿 浑身 颤 这是 男人 恩爱 唤 想着 两人 无比 缠绵 夜晚 心 痛起来 混蛋 闻儿 杀 东方闻樱 泪水 禁不住 夺眶而出 面对 夺走 处子 身 玩完 抛弃 男人 分不清 爱 恨 此刻 怀中 掏出 一把 明晃晃 小刀 龙劲秋 刀 东方 一门 特有 鑫 月 刀 刀 锋利 无比 杀人 血 沾 刀 刀 太 快 快 血流 速度 快
2017-12-25 15:47:32,037 - INFO - webService.py - getDocSexProba - 112 - 色情分类概率是：0.998144, 模型分类结果：1, 分词结果：龙劲秋 对不起 负心人 要死 刀 命中注定 闭 双眼 等待 想 尝尝 鑫 月 刀 插进 心脏 是一种 感觉 很凉 很痛 住手 娇美 声音 响起 龙劲秋 睁开眼 便 绝 美的 女人 一身 黑色 制服 长长的 秀发 披散 双肩 丰满 身段 完美 曲线 修长 玉腿 白色 高 细带 凉鞋 一双 晶莹 玉趾 诱人 极 要救
2017-12-25 15:47:32,063 - INFO - webService.py - getDocSexProba - 112 - 色情分类概率是：0.677689, 模型分类结果：1, 分词结果：东方闻樱 听 鑫 月 刀 便 瞬间 消失 手里 转身 女人 低下 了头 女人 广沫桐 轻盈 步伐 缓缓 走到 龙劲秋 面前 一阵 暗涌 脸上 映出 男人 脸 想到 怀里 时刻 广沫桐 发现自己 失态 摆手 东方闻樱 说道 想 杀 作用 小姐 错 东方闻樱 态度 龙劲秋 实在 不解 年纪 女人 三十出头 东方闻樱 二岁 四十多岁 美少妇 恭敬 奇 怪
2017-12-25 15:47:32,086 - INFO - webService.py - getDocSexProba - 112 - 色情分类概率是：0.666189, 模型分类结果：1, 分词结果：龙劲秋 不用 猜 告诉 配合 广沫桐 龙劲秋 想 反对 点点头 说道 说 配合 广沫桐 龙劲秋 面前 软座 缓缓 坐 轻扬 玉手 脸上 一抹 红晕 娇声道 时 我会 告诉 做 告诉 龙刚 思索 五天 信义 外面 四个 儿子 女儿 女儿 没 受伤 四个 儿子 挂 彩 直气 哇哇大叫
2017-12-25 15:47:32,117 - INFO - webService.py - getDocSexProba - 112 - 色情分类概率是：0.370391, 模型分类结果：0, 分词结果：龙至清 护士 此刻 作用 受伤 的人 包扎 成 工作 小精灵 鬼 龙至灵 偎 母亲 怀里 睡着 晚上 大战 龙 龟 蛇 乱七八糟 东西 小小年纪 外面 吵杂 声音 够 受 已快 近 午夜 不想 睡 怪 黄淑兰 一看 怀中 女儿 真得快 睡着 便 龙劲夏 说道 二姐 累 事 明天
2017-12-25 15:47:32,163 - INFO - webService.py - getDocSexProba - 112 - 色情分类概率是：0.140137, 模型分类结果：0, 分词结果：龙劲夏 点点头 安排 住宿 事 五天 信雄 当初 建 庭院 之时 便 住宿 事 他家 房子 开 一家 高级 酒店 三层楼 高 占地面积 确实 吓人 几百人 住 一点 不在话下 一楼 住 稻川 帮众 二楼 住 龙劲东 一家 黄淑兰 一家 五天 信雄 做 睡 三 楼 东西 走廊 建筑 一间 一间 客房 东边 走 西边 十几分钟 可想而知 房子 一间 夫妻
2017-12-25 15:47:32,209 - INFO - webService.py - getDocSexProba - 112 - 色情分类概率是：0.773089, 模型分类结果：1, 分词结果：黄淑兰 龙 刚 抱 妹妹 二楼 睡觉 三个 儿子 早点 睡 龙劲夏 安排 五天 信义 的人 来到 二楼 龙刚 卧室 里 便 问道 妹妹 睡着 龙刚 点点头 正好 温小蝶 走 龙劲夏 一看 便 说道 小蝶 龙刚 睡 一间 龙刚 听 愣 温小蝶 听 粉脸 便 红 龙劲夏 温小蝶 龙至贤 妻子 龙刚 妻子 安排 睡在 房间 龙至贤 敢 安排
2017-12-25 15:47:32,252 - INFO - webService.py - getDocSexProba - 112 - 色情分类概率是：0.134582, 模型分类结果：0, 分词结果：温小蝶 听 红着脸 说道 姑妈 搞错 四弟 想 说 丈夫 龙至贤 走 手上 端 脸盆 热水 温小蝶 羞 红了脸 说话 快速 一间 卧室 龙至贤 听到 姑妈 说 姑妈 和龙刚 愣 便 笑 道 姑妈 四弟 龙劲夏 粉脸 热 笑 道 没什么 没什么 快 休息 龙至贤 笑 点点头 温小蝶 卧室 把门 关上 龙刚 尴尬 姑妈 笑了笑 说道 姑妈 休息
2017-12-25 15:47:32,296 - INFO - webService.py - getDocSexProba - 112 - 色情分类概率是：0.985939, 模型分类结果：1, 分词结果：说完 便 无人 卧室 龙劲夏 想 真的 想 那前 天龙 刚 温小蝶 睡 房间 怎么回事 乱 龙劲夏 摇摇头 想 快步 三 楼 走 龙刚 躺 卧室 双人床 双手 枕头 看着 雪白 天花板 思绪万千 有人 敲门 龙刚 懒懒 起身 打开门 只见 外面 站 的人 绝美 绝 美的 表姐 五天 美 只见 一身 白色 睡衣 乌黑 秀发 披散 双肩 丰满 坚挺 玉女峰 极低 睡衣 雪 白如玉 股肤 道 深不见底 山谷 暴露 男人 眼下 柳腰 睡裙 原因 看不清楚 那双 修长 玉腿 确实 男人 命
2017-12-25 15:47:32,321 - INFO - webService.py - getDocSexProba - 112 - 色情分类概率是：0.990260, 模型分类结果：1, 分词结果：龙刚 呆呆 看着 美艳 仙女 表姐 做 五天 美羞 红着脸 伸出 纤纤玉手 男人 身体 推开 便 卧室 龙刚 呆呆 看着 绝 美的 表姐 身边 走过 充满 无穷 诱惑力 处子 香熏 体内 欲火 暴发出来 慢慢 关上 道 打开 大门 走廊 东边 黄凤英 看着 五天 美 爱人 弟弟 房间 说不出 滋味 难过 时 袁衣紫 揽住 香 肩 耳边 轻声 说道 老公 疼 就让 姐姐 疼
