2017-12-22 10:21:05,160 - INFO - webService.py - istext - 125 - 用户上传文本: 郁纤纤心底一颤，惊叫道：“不要……”她怎么可以被他侮辱，被这个她打心里厌恶的男人侮辱，她还要嫁给徐宇辰的，若真的被他侮辱了，宇辰还会要她吗？她还能如愿将母亲救出那个牢笼吗……
 “不可以……”郁纤纤惊慌出声，腰身不停的扭动。
 眼前的女人突然剧烈的挣扎起来，纤瘦的腰不停的晃动，乔晔寒虽然将她的牛仔裤拉链给拉了开，然而由于她乱动，以至于他怎么都无法将那条碍眼的牛仔裤脱下来。
 拉着她的裤腰扯了半响，乔晔寒抬起头对着她惊慌失措的小脸，气急败坏的吼道：“你他妈的以后给我穿裙子。”
 郁纤纤愣了愣，随即压下心中的恐慌，定定的看着他，用尽量平稳的口气开口道：“你这样对我，被唐显成知道了，他一定会杀了你。”
 “呵……”只见他的唇边骤然溢出一抹嘲讽，抬起手轻轻的摩挲着她的粉嫩的樱唇，淡淡的开口，“和唐显成那个老家伙比起来，妹妹不觉得便宜哥哥会更好些么，最起码哥哥会对你温柔一点。”说完，附在她耳侧，轻咬着她的耳垂，邪邪的笑道，“而且哥哥保证会让你更舒服。”
 说着，嘴角渐渐浮起一抹邪笑，随即揽着她的肩一把将她压倒在地上。
 “乔晔寒，你不得好死。”骤然被她紧紧的压在地上，郁纤纤心底一惊，冷冷的看着他，心里恐惧到了极点。
 这个少年比唐显成更可怕，唐显成看她的眼神中只有欲，而他看她的眼神中不仅有欲，还有一丝她看不懂的情绪，好像是……毁灭。
 衬衣的纽扣全部被他扯落，散了一地。他的大手继而又毫不留情的扯开了那抹小小的束缚，雪白的上半身顿时全部暴露在空气中，他的视线下。
 看着眼前大片的莹白，以及莹白上那两颗诱人的红果，乔晔寒眸色沉了沉，俯首就咬在其中的一颗红果上。
 “不要……”
 郁纤纤惊呼一声，极度的羞耻感让她不停的扭动身体，想让那抹羞人的东西逃离他的视线，却只是徒然，剧烈的摩擦反而更加撩起了身上男人的欲望。
 “好甜……”半响，乔晔寒抬起头，唇角沾染着几抹银丝，深沉的眼眸定定的看着她，声音沙哑的开口，“你的味道真的好美。”
 不可否认，她的味道是莫莹那个女人没法比的。才只是吻了吻她胸前的柔软便让他欲罢不能，他不敢想象进入她的身体会是什么样感觉，突然，心里有些许期待。
 垂首看去，她的牛仔裤拉链已全部拉开，里面是一袭蕾丝，她穿的应该是蕾丝小裤裤。
 “妹妹……”他抬起头，看着她羞愤的脸颊，邪邪的笑道，“其实哥哥忘记了告诉你，你还是穿裙子好看些。”
 “无耻、下流，乔晔寒……”郁纤纤冷冷的怒视着他，语气冷到了极点，“你今日若是敢碰我，我做鬼也不会放过你。”
 “呵呵……”乔晔寒轻声笑了笑，“好啊，你最好做鬼也缠着我……”
 说着，俯首又将她胸前另一颗红果含入口中，灵巧的大手也不闲着，拉着她的裤腰缓缓的向下扯。
 一阵急促的脚步声骤然传来，郁纤纤的心中顿时闪过一抹希望，急忙的转头看去，朦胧的视线中，只见一袭瘦削颀长的身影飞快的朝这边跑来。
 唇角骤然溢出一抹冷笑，郁纤纤看着他冷冷的开口：“乔晔寒，你会为此付出代价。”
 她虽然憎恨厌恶唐显成，但是她同样厌恶身上的这个少年，唐显成有势力，她斗不过，但是她一样可以利用唐显成将这个少年除掉。
 眼前人影一晃，身上猛然一轻，郁纤纤来不及查看情况，急忙拉紧风衣外套，将自己裹得紧紧的。
 再转首看去，只见乔晔寒和唐轩宁的脸上都挂了彩。只是唐轩宁的伤势更重一些，嘴角和额头都有青紫的迹象。
 “乔晔寒……”唐轩宁冷冷的看着他，沉声开口，“我说过，要是你再碰纤纤，我一定让你滚出唐家。”
 只见乔晔寒不在意的笑了笑，看向郁纤纤，嘴角的笑容意味深长：“弟弟，你不觉得妹妹很惹人疼爱么？”
 “纤纤有我们爱就足够了，不需要你来爱。”
 “哦……”乔晔寒长长的哦了一声，唇角的笑容越发的意味深长，“也对，我们那位慈祥的爸爸那么疼爱纤纤，纤纤有了爸爸的爱恐怕就已经知足了，是吧，妹妹？”
 “你是什么意思？”唐轩宁眉头顿时一皱，定定的看着他，总觉得他话里有话。
 “轩宁哥……”郁纤纤上前拉住他，看着乔晔寒，冷冷的开口，“哥，不要理他，他是个疯子。”说完，拉着他转身就走，她到底还是不希望唐轩宁知道真相，毕竟他是无辜的，禽兽的那个只是他的父亲。
 “郁纤纤……”
 身后骤然响起了乔晔寒冰冷的声音，她的身形顿了顿，却没有回头。
 “以后被人压在身下，可别指望我再出现。”
 郁纤纤唇角骤然溢出一抹讽刺，呵？指望他出现？指望他出现做什么？冷眼看她被强暴，亦或是欣赏她被强暴？他在她心中无非也是一个禽兽，人渣，半点也改观不得。
 看着那袭仓促逃走的背影，乔晔寒唇角骤然扯出一抹冷笑，郁纤纤，迟早我乔晔寒会将你拉下地狱。
 “寒少爷……”
 福妈站在房门口，看着静静倚在窗台边的清瘦少年，心头顿时紧了紧。这个少年身上的气息和当年那个被唐显成软禁的女人身上的气息是如此的相似，同样冷清得让人不敢靠近，在那股冷清的掩盖下则是浓浓的忧伤与怨恨。
 “福妈？”乔晔寒转过身，看着神情呆滞的她，淡笑道，“找我有什么事情吗？”
 福妈顿时回过神来，有些尴尬的笑了笑：“唐先生让您去书房一趟。”都过了这么多年，她对那个女人的记忆还是这样的深刻。眼前这个少年真的好像她。
 “好，我马上过去。”
 乔晔寒在书房门口顿了顿，视线瞥向缓缓朝这边走来的纤瘦身影，邪魅的笑道：“这么晚了，妹妹也是来找爸爸的？”
 郁纤纤淡淡的瞥了他一眼，并没有做声，只是抬手轻轻的按了按墙上的门铃，心里不免又有些疑惑，唐显成同时叫上她和乔晔寒做什么。
 半响，书房的门自动移开，乔晔寒和郁纤纤先后踏进房门，随即，书房的门又轻轻合上。乍一看这扇门，真有点像古代时候的石门密道。
 “爸，您找我？”
 乔晔寒和郁纤纤同时出声，两人皆恭敬的站在书桌前。
 “认清这个人的样子。”唐显成将一张照片放在书桌上，视线直直的看向乔晔寒，脸上一片严肃。
 乔晔寒定定的看着书桌上的照片，照片上是一个年约四十岁的中年男人，体型微胖，面容平凡。
 “他叫陈易，是这一届商会主席的入围人选，也是爸爸最强劲的对手。”说完，看向乔晔寒，脸上带着一丝虚伪的慈笑，“爸爸很想成为这一届的商会主席，晔寒应该知道怎么做了吧？”
2017-12-22 10:21:05,419 - INFO - webService.py - istext - 127 - 分词之后长度: 696
2017-12-22 10:21:05,431 - INFO - webService.py - getDocSexProba - 118 - 色情分类概率是：0.083446, 模型分类结果：0, 分词结果：郁 纤纤 心底 颤 惊叫 道 侮辱 厌恶 男人 侮辱 嫁给 徐宇辰 真的 侮辱 宇辰 如愿 母亲 救出 牢笼 郁 纤纤 惊慌 出 声 腰身 不停 扭动 眼前 女人 剧烈 挣扎 纤瘦 腰 不停 晃动 乔晔寒 牛仔裤 拉链 拉 开 乱动 那条 碍眼 牛仔裤 脱下来 拉 裤腰 扯 半响 乔晔寒 抬起 头 对着 惊慌失措 脸 气急败坏 吼道 他妈的 穿 裙子 郁 纤纤 愣 愣 随即 压 心中 恐慌 定定 看着 平稳 口气 开口 道 唐显成 杀 只见 唇边 骤然 溢出 一抹 嘲讽 抬起 手 轻轻 摩挲 粉嫩 樱唇 淡淡的 开口 和唐 显成 老家伙 妹妹 便宜 哥哥 更好 最起码 哥哥 温柔 一点 说完 附 耳 侧 轻咬 耳垂 邪 邪 笑道 哥哥 保证 让你 更 舒服 说 嘴角 渐渐 浮起 一抹 邪 笑 随即 揽 肩 一把 压倒 地上 乔晔寒 不得好死 骤然 紧紧 压 地上 郁 纤纤 心底 惊 冷冷的 看着 恐惧 极点 少年 唐显成 更 可怕 唐显成 眼神 中 欲 眼神 中 欲 一丝 看不懂 情绪 好像 毁灭 衬衣 纽扣 扯落 散 一地 大手 毫不留情 扯开 抹 小小的 束缚 雪白 上半身 暴露 空气 中 视线 看着 眼前 大片 莹白 莹 白 两颗 诱人 红果 乔晔寒 眸色 沉 沉 俯首 咬 一颗 红果 郁 纤纤 惊呼 一声 羞耻感 不停 扭动 身体 想 抹 羞 东西 逃离 视线 徒然 剧烈 摩擦 撩起 身上 男人 欲望 甜 半响 乔晔寒 抬起 头 唇角 沾染 几抹 银丝 深沉 眼眸 定定 看着 声音 沙哑 开口 味道 真的 美 不可否认 味道 莫莹 女人 没法 吻 吻 胸前 柔软 便 欲罢不能 想象 身体 感觉 些许 期待 垂首 牛仔裤 拉链 拉开 袭 蕾丝 穿 蕾丝 裤裤 妹妹 抬起 头 看着 羞愤 脸颊 邪 邪 笑道 哥哥 忘记 告诉 穿 裙子 好看 无耻 下流 乔晔寒 郁 纤纤 冷冷的 怒视 语气 冷 极点 今日 敢 碰 做鬼 放过 乔晔寒 轻声 笑了笑 做鬼 缠 说 俯首 胸前 一颗 红果 含入口中 灵巧 大手 闲着 拉 裤腰 缓缓的 向下 扯 一阵 急促 脚步声 骤然 传来 郁 纤纤 心中 闪过 一抹 希望 急忙 转头 朦胧 视线 中 只见 袭 瘦削 颀长 身影 飞快 跑 唇角 骤然 溢出 一抹 冷笑 郁 纤纤 看着 冷冷的 开口 乔晔寒 付出代价 憎恨 厌恶 唐显成 厌恶 身上 少年 唐显成 势力 斗不过 利用 唐显成 少年 除掉 眼前 人影 一晃 身上 一轻 郁 纤纤 查看 情况 急忙 拉紧 风衣 外套 裹 紧紧 转首 看去 只见 乔晔寒 唐轩宁 脸上 挂 彩 唐轩宁 伤势 更 重 嘴角 额头 青紫 迹象 乔晔寒 唐轩宁 冷冷的 看着 沉声 开口 说 碰 纤纤 让你 滚出 唐家 只见 乔晔寒 不在意 笑了笑 郁 纤纤 嘴角 笑容 意味深长 弟弟 妹妹 惹 疼爱 纤纤 爱 足够 爱 乔晔寒 长长的 一声 唇角 笑容 越发 意味深长 那位 慈祥 爸爸 疼爱 纤纤 纤纤 爸爸 爱 知足 妹妹 唐轩宁 眉头 皱 定定 看着 总 话里有话 轩 宁哥 郁 纤纤 上前 拉住 看着 乔晔寒 冷冷的 开口 哥 理 是个 疯子 说完 拉 转身 走 希望 唐轩宁 真相 无辜 禽兽 父亲 郁 纤纤 身后 骤然 响起 乔晔寒 冰冷 声音 身形 顿 顿 回头 人压 身下 指望 郁 纤纤 唇角 骤然 溢出 一抹 讽刺 指望 指望 做 冷 眼看 强暴 欣赏 强暴 心中 无非 是一个 禽兽 人渣 半点 改观 看着 袭 仓促 逃走 背影 乔晔寒 唇角 骤然 扯 出 一抹 冷笑 郁 纤纤 乔晔 寒会 拉 地狱 寒 少爷 福妈 站 房门口 看着 静静 倚 窗台 清瘦 少年 心头 紧 紧 少年 身上 气息 当年 唐显成 软禁 女人 身上 气息 冷清 让人 靠近 那股 冷清 掩盖 浓浓的 忧伤 怨恨 福妈 乔晔寒 转过身 看着 神情 呆滞 淡 笑 道 找 有什么 事情 福妈 回过 神 尴尬 笑了笑 唐 书房 一趟 多年 女人 记忆 深刻 眼前 少年 真的 好像 乔晔寒 书房 门口 顿 顿 视线 瞥 缓缓 走来 纤瘦 身影 邪魅 笑道 这么晚 妹妹 找 爸爸 郁 纤纤 淡淡的 瞥 一眼 做 声 抬手 轻轻 按了 墙上 门铃 疑惑 唐显成 乔晔寒 做 半响 书房 门 自动 移开 乔晔寒 郁 纤纤 踏进 房门 随即 书房 门 轻轻 合 乍一看 扇门 真 有点像 古代 石门 密 道 爸 找 乔晔寒 郁 纤纤 出 声 两人 皆 恭敬 站 书桌 前 认清 样子 唐显成 一张 照片 放在 书桌上 视线 直直的 乔晔寒 脸上 严肃 乔晔寒 定定 看着 书桌上 照片 照片 是一个 年 约 四十岁 中年男人 体型 微胖 面容 平凡 陈易 一届 商会 主席 入围 人选 爸爸 强劲 对手 说完 乔晔寒 脸上 带着一丝 虚伪 慈笑 爸爸 想 一届 商会 主席 晔 寒 做
