2017-12-27 10:29:34,020 - INFO - webService.py - istext - 142 - 用户上传文本: 亮的光芒，自然那不是灯光的光芒，而是刀锋折射远处灯光的光芒，只见他的身体左右翻飞躲闪着那要命的光芒，还不忘给予还击，从来不用兵器的龙至诚自担任龙凤山庄的安全保卫工作之后，便将一把软剑缠于腰际，此时他便将软剑从腰间抽了出来，剑光与刀光所到之处，便发出了金鸣般的声响。
　　龙至忠一看大哥和来犯之敌交上手了，连忙从身后抽出了自己惯用的金铁戒尺，这戒尺钢硬无比，也锐利锋芒，此时电话已经接通了，他只能以戒尺指向前方进行防守，同时大声叫道：「快派人到龙凤山庄来！我是龙至忠！」
　　龙至忠刚说完这句话，便从旁边冲上来三个黑衣人，他们个个手执东洋刀，几乎是同一时刻将刀刺向龙至忠，好象要将他一举置于死地一样，龙至忠一看连忙将手中的戒尺环身一绕，只听到「当当当」三声脆耳的声音同时响起，龙至忠的身体也向后方退出一步，躲过了三名黑衣人的同时进攻。
　　龙至诚则是力战四名黑衣人，以他的武功如果单对单的话则可稳操胜券，但现在是一对四，自然打成了平手，但这已经足以让龙至诚感到担心了，因为他知道一向冲锋打头阵的都不是最厉害的敌人，现在四个黑衣人便已经将自己围住了，那如果还有更厉害的敌人在后面的话，他想不到自己还有什么办法可以全身而退。
　　他这一担心便不由自主的心急起来，想要一举将这四个黑衣人斩杀于剑下，所以进攻的招式也更为凌厉凶猛起来。
　　龙至忠一看自己面对的三名黑衣人武功都不软，自己一时之间还很难将他们全部打倒，一想到山庄里的亲人都是女流之辈，便不由的神情紧张起来，连忙发出了一声响天彻地的龙吟之声，他这是发出警报好让山庄里的人做好准备，同时也更加凶狠的冲向了三个黑衣人，希望能够尽快将他们打倒。
　　虽然龙至诚和龙至忠两人都急于想要将来犯之敌打倒，但事于愿违，他们越是心急上火的想要打倒对方，却不想对方的实力也在隐隐的增加，因为他们都是穿着相同的黑衣，只露出两个眼睛，再配以他们鬼蜮般的身法，时进时退，时而交叉进攻，时而滚地挥刃，让龙至诚和龙至忠两人是上窜下跳的从进攻转为防守，而且更让他们心惊的时，他们发觉自己好象不是面对七个黑衣人而是面对很多黑衣人，因为他们退下去之后冲上来的黑衣人手中的兵器都不一样了，有的拿着长刀，有的拿着短剑，有时四个人，有时五个人，有时又只有三个人，这让他们觉得好象黑衣人越来越多。
　　就在龙至诚和龙至忠两人疲于防守之际，从黑夜深处传来一声长长的啸声，然后那些黑衣人便悄然的退去了，龙至诚和龙至忠两人一看连忙背靠背的站在一起急促的喘息着，同时也将手中的兵器处于戒备当中。
　　「嘿嘿，嘿嘿，嘿嘿」几声鬼笑之后，从黑夜之中涌出来数十个黑衣人，龙至诚和龙至忠一看脸色大变，神情也更为紧张起来，现在他们才知道原来对方是以车轮之术先将自己的体力消耗大半，然后在一举进攻，这实在是高明的手段。
　　只见一个身材高大的黑衣人慢步向前走了几步，对着龙至诚冷笑道：「你们已经没有力气了，还是乖乖受死吧！」
　　龙至忠一听便气恼的叫道：「贼子休想！」
　　黑衣人没有生气又是一声冷笑，「我本想给你们留个全尸，如果你们还不收手的话，便要你们魂飞烟灭！」
　　龙至诚喘息着说道：「少说废话，来吧！」
　　黑衣人点点头，「好，我就成全你们！」
　　他说完，便把手一挥，只见从他身后左右两侧便冲出十个黑衣人挥着长刀便向龙至诚和龙至忠冲去，龙至诚和龙至忠一看便同时大叫一声，不退反进的迎了上去，就在他们快与黑衣人打斗在一起之时，就见到数十道寒芒闪过，那十名黑衣人便纷纷发出一声惨叫，身体往后摔倒而去。
　　这突然急转的局势让龙至诚和龙至忠以及那个带头的黑衣人都是一愣，好在他们并没有愣多久，便看见了那发出寒芒之人，龙至诚一看心里不由的一喜，龙至忠看着来人也露出了笑容。原来那发出寒芒之人正是龙至诚的妻子何冰艳，还有龙至忠的妻子丁柔，跟着她们来的还有东方闻樱和黄凤英等人。
　　东方闻樱一献身便走到龙至诚和龙至忠面前轻声问道：「你们没受伤吧！」
　　龙至诚和龙至忠一听连忙对她说道：「谢二妈，我们没有受伤！」
　　东方闻樱听了他们的话后便点点头，然后看向那带头的黑衣人，「你们是什么人？竟敢到龙凤山庄来撒野！」
　　带头的黑衣人一看来的都是女人，起初的一愣之后便冷笑道：「原来龙刚的女人身手都还不错，好好好，今晚我可要大开杀戒了！」
　　何冰艳这时也走到东方闻樱身边对那带头的黑衣人冷冷的说道：「你们有种侵犯我龙凤山庄，为何不敢以真面目见人？」
　　带头的黑衣人笑了笑，「嘿嘿，见是肯定要见的，我只怕你见了我之后便会再也舍不得离开我了！嘿嘿！」
　　说话之余一双色眼紧盯着绝美之极的何冰艳看，尤其是朝她那胸前丰满坚挺的双峰望去。
　　何冰艳一听粉脸一阵羞红转即又变成雪白，那是羞愤的原因，自从被龙刚收服之后，何冰艳的武功不退返进，她本就是有着深厚武功底蕴的人，而且出自名师门下，再经过龙刚的一番点拨，现在她的武功已经隐然在龙氏一族里属于一流高手了。
　　何冰艳杀心一起，便双掌凝聚全身的功力，挥拳向那带头的黑衣人冲去，擒贼先擒王，这是对战致胜的不二法门，何冰艳仗着自己武功高强想先将这带头的黑衣人制服，那样便可以轻松化解这场危机。
　　那带头的黑衣人一看何冰艳进攻的招式，也不敢轻视，只见他猛的一下高高跃起，身体腾空之时便翻转了一下身体，变成头下脚上，而且手中已经多了一把光芒更盛的长刀，直向何冰艳刺去。
　　何冰艳一看黑衣人的进攻，心里也不敢大意轻敌，虽然她手中没有兵器，可是她能利用一切可用之物做为兵器，其中又善于用身体做为兵器，手和脚便是她惯用的兵器。只见她挥掌变拳，身体后仰，前膝微弯，后腿挺真，宛如仰天射躬之势，玉掌化为粉拳状冲向天际，就好象一柄巨锤砸向天空一般，那股强大的内劲足以摧毁任何事物。
　　这是何冰艳跟从龙刚之后第一次出手，她对自己原来的功力便已经很有信心了，现在加上龙刚的密授，那功力自然而然的就更上一层楼了，所以她也不知道自己这一拳打出去的力道究竟有多大，好在这个结果没有花多大的功夫，她便知道了。
　　带头的黑衣人本来依仗具高临下的攻击势态一来可以提高攻击力，二来提高自己的气势，可当他的身体在距离何冰艳一丈之内时，便感觉到一股强大的劲力涌向自己，就好象自己的身体被一透明的气波挡住了下降的趋势，这还不是最关键的，最关键的是那股气波越来越强，已经隐隐有将他的身体往天空压去之势，这让他不由的内心大骇，同时更加用尽全身的功力贯注于手中的兵器之上，好象要穿透那强大的气波。
　　（四百一十三）凤吟天下
　　何冰艳的武功得到了提高这一点是别人都不知道的，但当她施展出自己的武功之时，别人便知道了。带头的黑衣人本以为龙刚不在龙凤山庄那便没有一个人是自己的对手，可他却忽略了还有一个何冰艳。
　　带头的黑衣人用尽全身的内力想要穿透何冰艳那强大的气波，却只能是差之一毫，反而让他感觉到有一丝恐惧的是，从何冰艳强大所波涌来的内力却是越来越重，这一点让他感到有些的后怕，所以他做了一个常人都想不到的决定。
　　何冰艳全力迎向带头的黑衣人，本想凭借自己的武功足以应付，可是她也忽略了一点，敌人的实力远非她所想像的那么不堪一击，而且最重要的一点就是她应敌的经验不足，这也是因为她本就出手的机会不多造成的，以前每次有什么危险之时，龙刚总是能够解决一切，所以她根本不需要出手，但现在龙刚不在，她只有出手，虽然在实力方面看来她已经完全阻止了带头黑衣人的，可她也没想到带头黑衣人竟然会突然做出一个她意想不到的决定，那就是改变进攻方向，这一点着实让她无以应对。
　　带头的黑衣人一看自己不能制服何冰艳，却立刻将手中的兵器横刺向站在何冰艳身边的东方闻樱。
　　这一下突然变故，不仅让何冰艳感到无以应对，就连经验丰富的东方闻樱也一时间傻了眼，因为自此她被龙刚收服之后，每次自己与男人颠鸾倒凤之际，自己身体内的真力便会消失一分，这一点就好象与那丽丝一般，所以这段时间以来她的武功下降非常快，虽然她是四大家族的传人，虽然她有精妙的招式，可是内力不济就根本无法与之抗衡，再加上带头黑衣人与何冰艳内力拼搏之机按常理来说他根本无法分身有术的，所以才会让她的防备有所松懈，现在这带头的黑衣人突然向她刺来，这着实让她愣在当场无法应对。
　　带头的黑衣人不仅武功高绝，而且智谋超强，尤其是这与敌交手的经验十分丰富，声东击西，避重就轻的战术运用的非常好，这也足以证明他是一个阴险狠毒的人，虽然他与何冰艳在对仗，可他早就在刚才与何冰艳说话之际，将这些人打量了一番，在他看来虽然东方闻樱很有威严气势好象是领军人物似的，但她的实力却是最弱的，所以他早就在与何冰艳对仗之初便想好了应对之策，如果不能将何冰艳制服，便改而进攻最弱的人，也就是东方闻樱。
　　东方闻樱愣在哪里眼睁睁的看着那黑衣人手中的利器刺向自己的身体，不知是被这突然的变故惊呆了还是被黑衣人的出手吓呆了，反正她就是无以应对的象个镖靶似的站在那里任由黑衣人刺向自己。
　　何冰艳苦于全身内力都集中于一处，根本无法顾及旁边的人，而这带头的黑衣人又奸滑的突然改变进攻方向，让她也是无法去救东方闻樱，一双美目里不禁露出恐惧的神情，樱桃小嘴也已经张开欲警示之，可是带头黑衣人的速度实在太快，她根本就没能喊出来，便已经看到黑衣人手中的利器刺入了东方闻樱的衣服里。
　　就在所以人都惊讶而欲大声呼叫之时，就在带头的黑衣人看着自己手中的刀尖刺入东方闻樱的衣服之内，好象已经感觉到自己手中的刀刺进了这绝美妇人柔嫩的肌肤之中时，便听到远空突然传来一声刺耳的凤吟声，这声音好象极具杀伤力似的，直穿进带头黑衣人的耳孔之内。
　　「啊！」
　　的一声惨叫，带头黑衣人只觉得自己的手腕一软，手中的尖刀立刻撒手，紧跟着双手紧捂着双耳一阵猛抓猛挠，好象耳朵里有什么东西在咬着他似的，让他难过之极。
　　这又一次的突然变故让所有人都惊呆住了，何冰艳却是突然兴奋起来，因为她听得出来这声凤吟声是谁发出的，立刻转头看去，只见从黑暗中慢慢走出一个十分美丽的女人，正是绝美少妇龙玉兰。
　　龙玉兰走到东方闻樱身边轻轻扶着她的玉体，轻声说道：「妈，你没事吧！」
　　东方闻樱刚才的确吓坏了，当她眼睁睁的看着黑衣人的刀尖刺穿自己的衣服之时好象以为自己就要死去了，那种恐惧感可以说是旁人根本无法领会到的，但就在她仿佛觉得自己的心有一种疼痛的感觉之时，一声凤吟让她又立刻恢复了，那种心好象被刀刺穿的感觉也消失了，所以说她根本没有受伤，只不过是衣服被刀刺破了而已。
　　「嗯，兰儿，妈妈没事！」
　　东方闻樱微笑着对女儿说道。
　　何冰艳和其他众女都围着龙玉兰，「玉兰姐，刚才那声凤吟是你发出的吧！」
　　龙玉兰看着何冰艳笑着点点头，「是呀，刚才我去洗澡了，不知道发生了什么事，等我出来之后，听大妈说有人来我们龙凤山庄捣乱，所以我便出来了，等我快到的时候，看到这个贼子正用刀杀我妈，我一时情急便将刚儿教我的' 凤吟天下' 用了出来，呵呵，没想到还真管用！」
　　龙玉兰说完便看向那还在猛抓猛挠的黑衣人，众女看着他如此痛苦的模样，不由都有些不解，黄凤英最是好奇的问道：「玉兰姐姐，你这凤吟声怎么会让他如此这般模样！」
　　龙玉兰笑了笑，「起实我也不知道他为什么会这样，但我想一定是我这凤吟声刺入了他的耳朵里，才会让他如此难受吧！」
　　这时那个带头黑衣人实在忍受不住双耳内的难受之感，仰天一声怒吼，紧跟着举起双手使劲朝自己的双耳拍去，龙玉兰等人一看都吓了一跳，要知道这人体的生死大穴就在双耳之旁，他这等功力高绝之人一拍下去，那还不等于是自杀呀。
　　那带头黑衣人双掌猛的拍向自己的双耳，然后又是一声朝天怒吼，众女都被他这种自绝的样子吓坏了，然后就见那带头的黑衣人慢慢平静了下来，他慢慢抬起头恨恨的看向龙玉兰，「今日一战你毁我双耳，他日我要你龙凤山庄所有人都碎尸万断！」
　　龙玉兰一听黑衣人如此邪恶凶狠，便厉声说道：「大胆贼子，今日你还想活着离开我龙凤山庄吗？」
　　她的话一落，便见从龙凤山庄外面冲进来很多人，何冰艳一看不由的大喜，因为她一眼就认出了冲进来的那些男人正是龙刚「墨龙会」的人，而那领头的正是猫眼和李胜。
　　带头的黑衣人一看突然之间冲进来这么多男人，他便知道自己今夜的行动完全失败了，一种恼羞成怒的感觉涌上心头，他恨恨的对龙玉兰说道：「哼，就凭你这些人能够拦得了我吗，真是笑话！」
　　说完他便将手一挥，只见在他身后的黑衣人便立刻与猫眼和李胜他们战在了一起。
　　龙玉兰一看黑衣人开战了，于是便也拧身冲向了那带头的黑衣人，何冰艳和黄凤黄一看自然也加入了战团，因为这带头黑衣人的武功实在高张，他刚才双掌猛击自己的双耳太阳穴这样都没有死，便可知他的武功有多高了，所以龙玉兰一扑向他，何冰艳也自然加入其中，两女同时进攻，一时间也让那黑衣人疲于应对。
　　而猫眼和李胜他们一与黑衣人战在一起便如同砍瓜的西刀似的，虽然猫眼和李胜他们才总共九个人，而实际作战的也只有李胜在内的八个人，猫眼的武功实在很低，他冲到东方闻樱这边便守在前面，这是他最在行的了。
　　李胜是龙刚一手调教出来的高手，龙刚为了让「墨龙会」能够在都江立足，自知单凭自己一人之力是不可能做到的，所以便传授了他们一些武功，而这些武功大多都来自于「龙皇秘笈」，所以说李胜这八人的武功足以以一抵百，那些黑衣人虽然招式奇特，但与「龙皇秘笈」上的武功相比，却根本是不足以相提并论，所以李胜他们才会象砍西瓜的刀似的，如风卷残云般的就将那些黑衣人全部解决掉了。所有的战斗开始的快，结束的也快，就只剩下龙玉兰和何冰艳激斗那带头的黑衣人。
　　带头的黑衣人虽然疲于应对龙玉兰和何冰艳这两大高手，但他眼观四路，也早就发现自己的人全部都阵亡了，这让他更是心寒不已，本来光凭一个何冰艳他便无法制服，现在又多了一个龙玉兰，那他更是无法制服了，更令他没想到的是，龙刚手下的这八个看不起眼的手下竟然比自己的人要厉害的不止一百倍，他们八个人在瞬间便杀了自己四十多个手下，这无论是形势还是从实力上都已经落败下风了，现在他只有一个选择，那就是逃。
　　可现在他想要逃也是一件十分困难的事了，因为前有龙玉兰和何冰艳，后有李胜八人，无论他想要从哪里逃都将是十分困难的，而且必须是要付出代价的，他越想越后怕，越想越急，在应对龙玉兰和何冰艳的进攻之时便越来越弱，到最后根本无法应对，只能处处受制了。
　　也就在这个时候，突然从龙凤山庄外面又冲进来一大批黑衣人，带头的黑衣人一看顿时内心大喜，知道自己今日终于可以逃得一死，所以他在兴奋之情下猛的向龙玉兰和何冰艳两人进攻了两招，随即便如流星一般向后疾射，真是拼了命的逃。
　　李胜等八人与那些黑衣人战斗不到十分钟，便丝毫不损的解决了他们，可惜的是让那带头的黑衣人混乱逃走了。龙玉兰和何冰艳也想追，可是被几个黑衣人挡住了，等她们杀了黑衣人那带头的黑衣人便无影无踪了。
　　等到所有黑衣人都倒下之后，龙玉兰和何冰艳都微微有些喘息，她们有些恨恨的盯着那远处的夜色，龙玉兰恨恨的说道：「气死我了，让那贼子逃走了！」
　　何冰艳也有些遗憾的说道：「是呀，今日让他逃走，他日不知道又会掀起什么风波！」
　　这时李胜等人走了过来，何冰艳一看李胜便说道：「谢谢你们了！」
　　李胜一听连忙双手一拱低头说道：「嫂夫人过讲了，保护龙凤山庄是我们义不容辞的事！」
　　这时猫眼走了过来，「嫂夫人，不知道庄里可有人受伤，我立刻叫医生来！」
　　何冰艳摇摇头，「还好没人受伤，你现在赶快通知龙刚，就说山庄出事了，让他尽快回来！」
　　猫眼一听愣了一下，因为只有他知道龙刚现在在做什么，可是他又无法对何冰艳说，只好连忙说道：「是的，大嫂，我马上就去通知大哥！」
　　（四百一十四）淫邪调教（1）
　　龙刚此时只觉得自己体内那股淫毒越来越汹涌，好象要将自己的五脏六腑都吞噬了，而身下美少女胡青青那越来越高亢的淫浪呻吟声更是刺激着他那原始兽欲的暴涨。
　　龙刚淫邪的将美艳成熟的师姐墨雨幸搂在怀里，淫声对她说道：「乖幸儿，你看晴儿和晶儿她们多好呀！」
　　一边说着一边用手握着美妇人胸前的雪白玉乳揉捏着。
　　美妇人墨雨幸羞红了粉脸顺着男人的话往旁边看去，只见自己的女儿晴子与美妇人张晶正缠绵悱恻的舌吻着，这种淫乱的景象让她觉得自己体内的血液都快要沸腾了，一颗芳心更是狂跳不已，而此时龙刚又继续在她耳边淫声说道：「乖幸儿，看着晴儿和晶儿，难道你不想和青儿也这样吗，」
　　美妇人一听男人的淫话粉脸更加羞红起来，母女同淫的性刺激让她觉得身体里狂涌的淫情再也不受控制了，她那已经泛红的美目直射向龙刚身下淫声浪吟着的可爱美少女胡青青，就在她还有所挣扎之际，男人的一只大手便按在了她的螓首之上慢慢往美少女的粉脸压去。
　　如花蕾一般的美少女胡青青虽然一边承受着男人胯下兽性巨龙的摧残，一边发出淫媚之极的浪吟之声，可她的一双美目却并没有完全闭合，从她那微微眨开的眼帘之中便看到成熟美妇人墨雨幸被男人按着往自己压来，顿时觉得身体里的春情欲火腾的一下燃烧到最高点，因为她从没有和母亲以外的女人有过亲密的身体接触，今天这样四女同床共伺男人已经是破天荒的第一次了，虽然她早知道会有今天，可是现在马上那禁忌的同性性爱便要降临在她的身上，这让她觉得自己的一颗芳心快要爆炸了，一双无助的玉手半合着主动抱住了美妇人黑雨幸的玉脖，红润的樱唇半张着，螓首微仰，等待着那激动人心的一刻到来。
　　成熟美妇人墨雨幸虽然是被男人半强迫的压向美少女，可是现在她一看美少女竟然如此放得开而且如此主动，倒让她觉得自己身为长辈反而有些放不开了，于是便双手捧着可爱美少女的螓首将自己的红润樱唇完全吻住了美少女那微微开启正在等待着的娇嫩樱唇，当四片红唇完全而紧密的粘合在一起之时，那出于本能的反应，美妇人便将自己的香舌伸进了美少女的檀口之内，刹那间又一次激情的母女组合开始了香艳刺激而又缠绵悱恻的舌吻。
　　现在的龙刚看着大床之上两对母女互相交颈而又缠绵的舌吻之时，这种壮观的场面让他觉得一种无比的自豪感，放眼天下也只有他龙刚一人可以令这娇美如花艳色群芳的两对母女同时在自己的胯下承欢，而那种母女交换的同性性爱快感又更加刺激着他体内正不断膨胀甚至快要爆炸的兽性淫毒。
　　******************************************************
    美少妇袁衣紫从「紫菲兰」名店走出来的时候，双颊羞红无限，一边往轿车走一边在心里暗骂着「这个大色魔，真是羞死人家了，竟然要人家来买那种东西，真是个绝世大淫魔！」
　　她手上擒着的两袋东西打开车门之后，便将东西放在车后座之上，然后发动轿车朝前驶去。
　　刚才龙刚吩咐她办几件事，而现在她正是在办第一件事，接下来要办的事便是到公司去接今天的女主角美少女张琳，这可是龙刚吩咐过的今天要办的主要大事，她当然不会忘了，而且去接张琳之前还必须为她买几件衣服。女人买衣服当然是最在行的了，好在所有跟龙刚的女人基本上都是标准的衣服架子，无论买什么衣服都能合身，只差那款式各有所爱了。
　　当袁衣紫将轿车停在公司楼下的路边之时，就看见一个身材高挑穿着一身淡绿色连衣裙的美少女站在公司门口左看右看的，她一看便笑了笑，也难怪龙刚会说那种话了，这美少女的确是一个标准的美人胚子，就以自己从前的眼光来看吧，也一定会是自己喜爱的那种类型，所以她从车上下来，向那美少女招了招手。
　　那美少女不是别人正是张琳，她从医院看过弟弟之后，便回家换了一身衣服，没敢把今天发生的事告诉父母亲，深怕他们知道后又不知道会惹出什么事来，而且刚才龙刚说了要带她去见未来的婆婆的小姑子，所以换了件平时爱穿的连衣裙赶到了公司，龙刚本说是要陪她吃饭的，可后来又说到家里吃，只让她在公司门口等他来接，所以她便在这里等了。
　　张琳正焦急怎么龙刚还没来呢，却看见一个美少妇正对自己招手，虽然她不认识这个美少妇，可是她认识那辆轿车，正是龙刚的车子，于是便朝袁衣紫走来。
　　「呵呵，你是张琳妹妹吧？」
　　袁衣紫满脸微笑的对张琳笑道。
　　张琳也抱以微笑面对着袁衣紫点点头，「我就是，请问你是……」
　　「呵呵，我是你衣紫姐姐，来吧，是龙刚让我来接你的！」
　　袁衣紫说着对张琳招招手，示意她上车。张琳一看犹豫了一下，本想问为什么龙刚不亲自来的，但一想龙刚可能临时有事吧，反正这车子是他的，那这个美少妇一定也是龙刚的家人了，于是便笑着上了车。
　　袁衣紫坐回车子里后，看了看美少女张琳，笑道：「妹妹长得真是好看，难怪我们龙刚会看上你！」
　　美少女张琳一听粉脸一阵羞红，「哪里了，其实我还没有姐姐好看！」
　　说完低下头去，用手梳了梳自己的秀发，以此来掩饰羞涩的表情。袁衣紫一看她如此害羞的模样，一想到等下即将要发生的事不由的偷偷笑了笑，她一边开着车子带着美少女张琳向墨雨幸在半山的别墅驶去，一边拿出手机按了一下，然后便说道：「我们在来的路上了！」
　　*********************************************************
    在被红色暗光所笼罩又被成熟女人和美少女体香充斥的的卧室里，龙刚正压在美艳熟妇墨雨幸的雪白胴体之上快速挺动着，他那胯下兽性而坚硬的巨龙大力的抽插着美妇人娇嫩而又紧窄的蜜洞幽径，同时一边狂吻着可爱美少女胡青青的娇嫩红唇吸吮着她檀口之内柔嫩的芳香小舌，贪婪的吸吮着美少女的香唾。
　　「嗯，嗯，啊，啊，刚儿，啊，老公，啊，好，好舒服，啊，啊！」
　　成熟美妇人墨雨幸高仰着螓首，美目微闭，浪吟着享受男人对自己身心的征伐，十分羞涩于与亲生女儿一同伺候男人的美妇人，此时完全抛弃了人伦常纲，全身心的沉浸在男女淫欲交欢的无限刺激快感之中。
　　龙刚淫淫的松开怀中的美少女，看向被自己淫弄的已经高潮迭起的美妇师姐，那种变异的爱恋感便越发的强烈，在受到美妇师姐淫媚浪吟的刺激之下，他那胯下兽性巨龙更加快速更加凶狠的向前挺动抽插着她那成熟而又娇嫩，淫湿而又紧窄的蜜洞幽径，每一下深深的插入都仿佛要将自己的巨龙龙首刺穿她那蜜洞花心深处的娇嫩子宫肉壁，每一下抽出总要摩擦着那娇嫩的蜜洞幽径肉壁，那种肉与肉紧密相连的刺激快感让龙刚觉得浑身都舒爽得好象快要升入仙境了。
　　而就在男人的身边，美少女晴子则快乐的享受着成熟美妇人张晶的香舌为自己下身蜜洞的伺候，已经很久没有这种被同性用香舌亲吻下身蜜洞的晴子，也仿佛要升入仙境一般，淫媚浪吟声此起彼伏，一双玉手用力无力的按着埋首于自己双腿之间美妇人的螓首，雪白的玉臀好象也已经完全悬空了，好象恨不得要美妇人的香舌完全插入自己的蜜洞花心最深处似的，玉臀带着节奏的微微上下抛动着。
　　龙刚抬头望美少女晴子看去，发现她好象很享受被同性伺候似的，于是便将怀中的美少女青青推向她，并淫声说道：「乖青儿，去亲亲你的晴儿姐姐吧！」
　　已经在这淫乱景象中完全迷失了自我的可爱美少女胡青青此时完全已经没有了自主能力，不是被男人肆意淫弄就是被女人捏乳亲吻，现在听到男人要自己去亲吻晴子，便乖乖听话的将身体侧压在美少女晴子的身上，自己胸前那尖挺的雪白玉乳正好顶在晴子胸前一对丰满玉乳之上，当四乳相接摩擦之时，两个美少女的香唇和香舌也完全融为一体了。
　　就在龙刚直起腰身双手搂着美妇师姐墨雨幸的纤细柳腰，准备对她实施更强劲一轮攻击的时候，放在床边案几上的手机便响了，龙刚随手取过手机接通来电，听到里面传来美少妇袁衣紫的声音「我们在来的路上了！」，便淫声笑道：「知道了，辛苦紫儿姐姐了！等下老公我会重重有赏的！呵呵！」
　　电话那头的袁衣紫当然听得出来龙刚所谓的「重重有赏」是指什么了，不由的粉脸一阵羞红，她不经意的侧头看向坐在自己旁边的美少女张琳，发现她正好也向自己望来，于是便娇声嗔道：「大坏蛋，奖赏就免了，我怕到时候就轮不到我了，呵呵！」
　　美少女张琳一听袁衣紫的话突然觉得有一种莫名的羞涩感涌上心头，好象袁衣紫的话是指自己似的，所以当她看到袁衣紫投来那火辣辣的眼神之时，便觉得自己的芳心一阵乱跳，赶紧将螓首转向另一边，假装去看车外的风景，其实自己的魂儿完全都飘到龙刚身边去了。
　　龙刚挂了电话之后，便将手机扔到一边，继续用双手搂着美妇师姐的柳腰，将自己胯下那兽性而又坚硬无比的巨龙深深插入她的蜜洞花心深处直顶在那娇嫩的子宫肉壁之上，一阵旋转似的研磨，紧跟着便开始了大力而又快速无比的抽插，对美妇师姐勾人魂魄的玉体进行着不可饶恕的征伐，只让美妇人墨雨幸那淫媚的浪吟声更加大声的从她那樱桃小嘴和琼鼻深处蹦发出来。
　　（
2017-12-27 10:29:35,149 - INFO - webService.py - istext - 144 - 分词之后长度: 2768
2017-12-27 10:29:35,277 - INFO - webService.py - getDocSexProba - 112 - 色情分类概率是：0.985775, 模型分类结果：1, 分词结果：亮 光芒 自然 灯光 光芒 刀锋 折射 远处 灯光 光芒 只见 身体 翻飞 躲闪 要命 光芒 忘 给予 还击 从来不 兵器 龙 至诚 担任 龙凤 山庄 保卫工作 便 一把 软剑 缠于 腰际 便 软 剑 腰间 抽 剑光 刀光 所到之处 便 发出 金鸣 声响 龙至忠 一看 大哥 来犯之敌 交上 手 连忙 身后 抽出 惯用 金铁 戒尺 戒尺 钢硬 无比 锐利 锋芒 电话 接通 只能 戒尺 指向 前方 防守 大声 道 快 派 龙凤 山庄 龙至忠 龙至忠 刚 说完 这句话 便 旁边 冲上来 三个 黑衣人 个个 手执 东洋刀 时刻 将刀 刺向 龙至忠 一举 置于死地 龙至忠 一看 连忙 手中 戒尺 环身 绕 听到 当当 三声 脆耳 声音 响起 龙至忠 身体 后方 退出 一步 躲过 三名 黑衣人 进攻 龙 至诚 力战 四名 黑衣人 武功 单对单 稳操胜券 一对 四 自然 打成 平手 足以 龙 至诚 感到 担心 一向 冲锋 打头阵 厉害 敌人 四个 黑衣人 便 围住 更 厉害 敌人 想不到 办法 全身而退 这一 担心 便 不由自主 心急 想要 一举 四个 黑衣人 斩杀 剑 进攻 招式 凌厉 凶猛 龙至忠 一看 面对 三名 黑衣人 武功 不软 一时之间 难 打倒 想到 山庄 里 亲人 女流之辈 便 不由 神情 紧张 连忙 发出 声响 天彻地 龙吟 声 这是 发出 警报 山庄 里 的人 做好 凶狠 冲向 三个 黑衣人 希望 打倒 龙 至诚 龙至忠 两人 急于 想要 来犯之敌 打倒 事 愿违 心急 上火 想要 打倒 不想 实力 隐隐 增加 穿着 黑衣 露出 两个 眼睛 再配 鬼蜮 身法 时 进时 退 时而 交叉 进攻 时而 滚地 挥刃 龙 至诚 龙至忠 两人 上窜下跳 进攻 转为 防守 更 心惊 时 发觉 面对 七个 黑衣人 面对 黑衣人 退下去 冲上来 黑衣人 手中 兵器 长 刀 短剑 四个 五个 三个 黑衣人 越来越 龙 至诚 龙至忠 两人 疲于 防守 之际 黑夜 深处 传来 一声 长长的 啸声 黑衣人 便 悄然 退去 龙 至诚 龙至忠 两人 连忙 站 在一起 急促 喘息 手中 兵器 处于 戒备 几声 鬼 笑 黑夜 之中 涌出来 数十个 黑衣人 龙 至诚 龙至忠 一看 脸色 变 神情 紧张 车轮 之术 先 体力 消耗 大半 一举 进攻 实在 高明 手段 只见 身材高大 黑衣人 慢步 向前走 几步 对着 龙 至诚 冷笑 道 力气 乖乖 受死 龙至忠 听 便 气恼 叫道 贼子 休想 黑衣人 生气 一声 冷笑 想 留 全尸 收手 便 魂飞烟灭 龙 至诚 喘息 说道 少说废话 黑衣人 点点头 成全 说完 便 把手 挥 只见 身后 两侧 便 冲出 十个 黑衣人 挥 长 刀 便 龙 至诚 龙至忠 冲去 龙 至诚 龙至忠 一看 便 大叫 一声 不退反进 迎 快 黑衣人 打斗 在一起 时 见到 数十道 寒芒 闪过 十名 黑衣人 便 纷纷 发出 一声 惨叫 身体 往后 摔倒 急转 局势 龙 至诚 龙至忠 带头 黑衣人 愣 愣 多久 便 发出 寒芒 龙 至诚 不由 一喜 龙至忠 看着 露出 笑容 发出 寒芒 龙 至诚 妻子 何冰 艳 龙至忠 妻子 丁柔 跟着 东方闻樱 黄凤英 东方闻樱 献身 便 走 龙 至诚 龙至忠 面前 轻声 问道 没 受伤 龙 至诚 龙至忠 听 连忙 说道 谢 二妈 受伤 东方闻樱 听 便 点点头 看向 带头 黑衣人 竟敢 龙凤 山庄 撒野 带头 黑衣人 女人 愣 便 冷笑 道 龙刚 女人 身手 不错 好好 今晚 可要 大开杀戒 何冰 艳 走到 东方闻樱 身边 带头 黑衣人 冷冷的 说道 有种 侵犯 龙凤 山庄 真面目 见 带头 黑衣人 笑了笑 见 肯定 要见 见 便 再也 舍不得 离开 说话 余 一双 色眼 紧盯 绝美 之极 何冰 艳 胸前 丰满 坚挺 双峰 望去 何冰 艳 听 粉脸 一阵 羞红 转即 雪白 羞愤 原因 龙刚 收服 何冰 艳 武功 不退 返进 深厚 武功 底蕴 的人 出自 名师 门下 龙刚 点拨 武功 隐然 龙氏一族 里 一流 高手 何冰 艳 杀心 便 双 掌 凝聚 全身 功力 挥拳 带头 黑衣人 擒贼先擒王 这是 战 致胜 不二法门 何冰 艳仗 武功 高强 想 先 带头 黑衣人 制服 便 轻松 化解 这场 危机 带头 黑衣人 何冰 艳 进攻 招式 轻视 只见 猛的 高高 跃起 身体 腾空 之时 便 翻转 身体 头 下脚 手中 一把 光芒 更 盛 长刀 直 何冰 艳 刺去 何冰 艳 一看 黑衣人 进攻 大意 轻敌 手中 兵器 利用 可用 物 做 兵器 善于 身体 做 兵器 手 脚 便是 惯用 兵器 只见 挥 掌变 拳 身体 后仰 前 膝 微弯 后腿 挺 真 宛如 仰天 射 躬 势 玉掌 化为 粉拳 状 冲向 天际 柄 巨 锤 砸 天空 股 强大 内劲 足以 摧毁 任何事物 这是 何冰 艳 龙刚 第一次 出手 功力 便 信心 龙刚 密授 功力 自然而然 更上一层楼 一拳 力道 花 功夫 便 带头 黑衣人 本来 依仗 具高 临下 攻击 势态 提高 攻击力 提高 气势 可当 身体 距离 何冰 艳 一丈 之内 时 便 感觉 一股 强大 劲力 涌向 身体 透明 气波 挡住 下降 趋势 关键 关键 那股 气波 越来越 强 隐隐 身体 天空 压去 势 不由 内心 大骇 用尽 全身 功力 贯注 手中 兵器 之上 穿透 强大 气波 四百 一十三 凤吟 天下 何冰 艳 武功 提高 一点 但当 施展 出 武功 时 便 带头 黑衣人 龙刚 龙凤 山庄 便 一个人 对手 忽略 何冰 艳 带头 黑衣人 用尽 全身 内力 想要 穿透 何冰 艳 强大 气波 只能 差 毫 感觉 一丝 恐惧 何冰 艳 强大 所波 涌来 内力 却是 越来越重 一点 感到 后怕 做 常人 想不到 何冰 艳 迎 带头 黑衣人 想 武功 足以 应付 忽略 一点 敌人 实力 远非 想像 不堪一击 一点 应敌 经验不足 是因为 出手 机会 每次 有什么 危险 时 龙刚 解决 出手 龙刚 出手 实力 阻止 带头 黑衣人 没想到 带头 黑衣人 做出 意想不到 改变 进攻 方向 一点 着实 无以 应对 带头 黑衣人 制服 何冰 艳 手中 兵器 横 刺向 站 何冰 艳 身边 东方闻樱 这一下 变故 何冰 艳 感到 无以 应对 经验丰富 东方闻樱 一时间 傻了眼 自此 龙刚 收服 每次 男人 颠鸾倒凤 之际 身体 真力 便 消失 一分 一点 那丽丝 段时间 武功 下降 快 四大家族 传人 精妙 招式 内力 不济 根本无法 抗衡 带头 黑衣人 何冰 艳 内力 拼搏 机 常理 根本无法 分身 有术 防备 松懈 带头 黑衣人 刺来 着实 愣 应对 带头 黑衣人 武功 高 绝 智谋 超强 敌 交手 经验 声东击西 避重就轻 战术 足以 证明 是一个 阴险 狠毒 的人 何冰 艳 对仗 早就 何冰 艳 说话 之际 打量 东方闻樱 威严 气势 领军人物 实力 却是 最弱 早就 何冰 艳 对仗 初 便 想 应对 策 何冰 艳 制服 便 改 进攻 最弱 的人 东方闻樱 东方闻樱 愣 眼睁睁 看着 黑衣人 手中 利器 刺向 身体 不知 变故 惊呆 黑衣人 出手 吓呆了 反正 无以 应对 象 个镖 靶 站 任由 黑衣人 刺向 何冰 艳 苦于 全身 内力 一处 根本无法 顾及 旁边 的人 带头 黑衣人 奸滑 改变 进攻 方向 救 东方闻樱 一双 美目 里 不禁 露出 恐惧 神情 樱桃小嘴 张开 欲 警示 带头 黑衣人 速度 实在 太 快 没能 喊出来 便 黑衣人 手中 利器 刺入 东方闻樱 衣服 里 惊讶 欲 大声 呼叫 时 带头 黑衣人 看着 手中 刀尖 刺入 东方闻樱 衣服 之内 感觉 手中 刀 刺进 绝 美妇人 柔嫩 肌肤 之中 时 便 听到 远空 传来 一声 刺耳 凤吟声 声音 极具 杀伤力 直 穿 进 带头 黑衣人 耳孔 之内 一声 惨叫 带头 黑衣人 手腕 软 手中 尖刀 撒手 紧跟着 双手 紧 捂着 双耳 一阵 猛抓 猛 挠 耳朵 里 有什么 东西 咬 难过 极 变故 所有人 惊呆 住 何冰 艳 却是 兴奋 听得出来 声 凤吟声 发出 转头 只见 黑暗 中 慢慢 走出 美丽 女人 绝 美少妇 龙 玉兰 龙 玉兰 走 东方闻樱 身边 轻轻 扶 玉体 轻声 说道 妈 没事 东方闻樱 吓坏 眼睁睁 看着 黑衣人 刀尖 刺穿 衣服 时 死去 那种 恐惧感 说 根本无法 领会到 仿佛 心 一种 疼痛 感觉 时 一声 凤吟 恢复 那种 心 刀 刺穿 感觉 消失 说 受伤 只不过 衣服 刀 刺破 兰儿 妈妈 没事 东方闻樱 微笑 女儿 说道 何冰 艳 众女 围着 龙 玉兰 玉兰 姐 声 凤吟 发出 龙 玉兰 看着 何冰 艳 笑 点点头 洗澡 发生 事 听 大妈 说 有人 龙凤 山庄 捣乱 便 快 贼子 正 刀 杀 我妈 情急 便 刚儿 教 凤吟 天下 没想到 真 管用 龙 玉兰 说完 便 猛抓 猛挠 黑衣人 众女 看着 痛苦 模样 不由 不解 黄凤英 好奇 问道 玉兰 姐姐 凤吟声 如此这般 模样 龙 玉兰 笑了笑 起实 想 凤吟声 刺入 耳朵 里 难受 带头 黑衣人 实在 忍受 不住 双耳 难受 感 仰天 一声 怒吼 紧跟着 举起 双手 使劲 双耳 拍 龙 玉兰 一看 吓了一跳 人体 生死 大穴 双耳 旁 功力 高绝 拍下去 自杀 带头 黑衣人 双掌猛 拍向 双耳 一声 天 怒吼 众女 自绝 样子 吓坏 见 带头 黑衣人 慢慢 平静 慢慢 抬起 头 恨 恨 看向 龙 玉兰 今日 一战 毁 双耳 日 龙凤 山庄 所有人 碎 尸 万断 龙 玉兰 听 黑衣人 邪恶 凶狠 便 厉声 说道 大胆 贼子 今日 想 活着 离开 龙凤 山庄 落 便 见 龙凤 山庄 外面 冲进来 何冰 艳 一看 不由 大喜 一眼 认出 冲进来 男人 龙刚 墨龙 的人 领头 猫眼 李胜 带头 黑衣人 之间 冲进来 男人 便 今夜 失败 一种 恼羞成怒 感觉 涌 心头 恨 恨 对龙 玉兰 说道 拦 笑话 说完 便 手一挥 只见 身后 黑衣人 便 猫眼 李胜 战在 龙 玉兰 黑衣人 开战 便 拧 身 冲向 带头 黑衣人 何冰 艳 黄凤黄 一看 自然 战团 带头 黑衣人 武功 实在 高 张 双掌猛 击 双耳 太阳穴 死 便 可知 武功 高 龙 玉兰 扑 何冰 艳 自然 两 女 进攻 一时间 黑衣人 疲于 应对 猫眼 李胜 黑衣人 战 在一起 便 砍瓜 西刀 猫眼 李胜 总共 九个 作战 李胜 在内 八个 猫眼 武功 实在 低 冲到 东方闻樱 便 守 这是 在行 李胜 龙刚 一手 调教 高手 龙刚 墨龙 都江 立足 自知 单凭 力 便 传授 武功 武功 龙皇 秘笈 说 李胜 八人 武功 足以 抵 百 黑衣人 招式 奇特 龙皇 秘笈 武功 相比 不足以 相提并论 李胜 象 砍 西瓜 刀 风卷残云 黑衣人 解决 掉 快 结束 快 剩下 龙 玉兰 何冰 艳 激斗 带头 黑衣人 带头 黑衣人 疲于 应对 龙 玉兰 何冰 艳 两大 高手 眼观四路 早就 发现自己 的人 阵亡 更是 心寒 本来 光 何冰 艳 便 制服 龙 玉兰 那他 更是 制服 更 令 没想到 龙刚 手下 八个 不起眼 手下 的人 厉害 一百倍 八个 瞬间 便 杀 四十多个 手下 无论是 形势 实力 落败 下风 选择 逃 想要 逃 一件 十分困难 事 前 龙 玉兰 何冰 艳 李胜 八 想要 逃 十分困难 付出代价 越 想 越 后怕 越 想 越 急 应对 龙 玉兰 何冰 艳 进攻 之时 便 越来越 弱 根本无法 应对 只能 受制 龙凤 山庄 外面 冲进来 一大批 黑衣人 带头 黑衣人 内心 大喜 今日 终于 逃 一死 兴奋 情 猛的 龙 玉兰 何冰 艳 两人 进攻 两招 随即 便 流星 疾射 拼了命 逃 李胜 八人 黑衣人 不到 十分钟 便 丝毫 不损 解决 可惜 带头 黑衣人 混乱 逃走 龙 玉兰 何冰 艳 想 追 几个 黑衣人 挡住 杀 黑衣人 带头 黑衣人 便 无影无踪 黑衣人 倒下 龙 玉兰 何冰 艳 微微 喘息 恨 恨 盯 远处 夜色 龙 玉兰 恨 恨 说道 气死我了 贼子 逃走 何冰 艳 遗憾 说道 今日 逃走 日 掀起 风波 李胜 走 何冰 艳 一看 李胜 便 说道 谢谢你们 李胜 听 连忙 双手 拱 低头 说道 嫂夫人 讲 保护 龙凤 山庄 义不容辞 事 猫眼 走 嫂夫人 庄里可 有人 受伤 医生 何冰 艳 摇摇头 还好 没 受伤 通知 龙刚 说 山庄 出事 回来 猫眼 听 愣 龙刚 做 何冰 艳 说 只好 连忙 说道 大嫂 通知 大哥 四百 十四 淫邪 调教 龙刚 体内 那股 淫毒 越来越 汹涌 五脏六腑 吞噬 身下 美少女 胡 青青 越来越 高亢 淫浪 呻吟声 更是 刺激 原始 兽欲 暴涨 龙刚 淫邪 美艳 成熟 师姐 墨雨幸 搂 怀里 淫声 说道 乖幸 晴儿 晶儿 说 手握着 美妇人 胸前 雪白 玉乳 揉捏 美妇人 墨雨幸 羞红 粉脸 男人 旁边 只见 女儿 晴子 美妇人 张晶正 缠绵悱恻 舌 吻 淫乱 景象 体内 血液 沸腾 一颗 芳心 更是 狂 跳 龙刚 耳边 淫声 说道 乖幸 看着 晴儿 晶儿 不想 青儿 美妇人 听 男人 淫话 粉脸 羞红 母女 同淫 性刺激 身体 里 狂涌 淫情 再也 受 控制 泛红 美目 直射 向龙刚 身下 淫 声浪 吟 可爱 美少女 胡 青青 挣扎 之际 男人 一只 手 便 螓首 之上 慢慢 美少女 粉脸 压去 花蕾 美少女 胡 青青 承受 男人 胯下 兽性 巨龙 摧残 发出 淫媚 极的 浪吟 声 一双 美目 闭合 微微 眨开 眼帘 之中 便 成熟 美妇人 墨雨幸 男人 按着 压来 身体 里 春 情欲 火腾 燃烧 最高点 母亲 女人 亲密 身体 接触 四 女 同床 共 伺 男人 破天荒 第一次 早 会有 禁忌 同性 性爱 便 降临 身上 一颗 芳心 爆炸 一双 无助 玉手 半 合 主动 抱住 美妇人 黑雨幸 玉 脖 红润 樱唇 半张 螓首微仰 等待 激动人心 一刻 到来 成熟 美妇人 墨雨幸 男人 半 强迫 压向 美少女 一看 美少女 放得 开 主动 倒 身为 长辈 放不开 便 双手 捧 可爱 美少女 螓首将 红润 樱唇 吻住 美少女 微微 开启 等待 娇嫩 樱唇 四片 红唇 紧密 粘合 在一起 时 本能 美妇人 便 香舌 伸进 美少女 檀口 之内 刹那间 激情 母女 组合 香艳 刺激 缠绵悱恻 舌吻 龙 刚 看着 大床 之上 两对 母女 交颈 缠绵 舌吻 时 壮观 场面 一种 无比 自豪感 放眼 天下 龙 刚 令 娇美 花 艳色 群芳 两对 母女 胯下 承欢 那种 母女 交换 同性 性爱 快感 刺激 体内 正 膨胀 爆炸 兽性 淫毒 美少妇 袁衣紫 紫菲兰 名店 走 双颊 羞红 无限 轿车 走 暗骂 色魔 羞死 买 那种 东西 绝世 淫 魔 手上 擒 两袋 东西 打开 车门 便 东西 放在 车 后座 之上 发动 轿车 前 驶去 龙刚 吩咐 办 几件事 办 第一件 事 要办 事 便是 公司 接 女主角 美少女 张琳 龙刚 吩咐 要办 大事 忘 接 张琳 买 几件 衣服 女人 买 衣服 在行 龙刚 女人 标准 衣服 架子 买 衣服 合身 差 款式 各有所爱 袁衣紫 轿车 停 公司 楼下 路边 时 身材 高挑 穿着 一身 淡绿色 连衣裙 美少女 站 公司 门口 左 右 一看 便 笑了笑 龙刚 说 那种 话 美少女 是一个 标准 美人 胚子 从前 眼光 喜爱 那种 类型 车上 美少女 招 招手 美少女 张琳 医院 看过 弟弟 便 回家 换 一身 衣服 没 敢 发生 事 告诉 父母亲 深怕 惹出 事来 龙刚 说 带 见 未来 婆婆 小姑子 换 件 平时 爱 穿 连衣裙 赶到 公司 龙刚 说 陪 吃饭 说 家里 吃 公司 门口 接 便 张琳正 焦急 龙刚 没来 美少妇 正 招手 美少妇 辆 轿车 龙刚 车子 便 袁衣紫 走来 张琳 妹妹 袁衣紫 满脸 微笑 张琳 笑 道 张琳 抱 微笑 面对 袁衣紫 点点头 请问 衣 紫 姐姐 龙 刚 接 袁衣紫 说 张琳 招招手 示意 上车 张琳 一看 犹豫 想 问 龙刚 想 龙刚 临时 有事 反正 车子 美少妇 龙刚 家人 便 笑 车 袁衣紫 坐回 车子 里后 美少女 张琳 笑 道 妹妹 长 好看 龙刚 美少女 张琳 听 粉脸 一阵 羞红 姐姐 好看 说完 低下头去 手 梳 梳 秀发 以此 掩饰 羞涩 表情 袁衣紫 一看 害羞 模样 想到 发生 事 不由 偷偷 笑了笑 开 车子 带着 美少女 张琳 墨雨幸 半山 别墅 驶去 拿出 手机 按了 便 说道 路上 红色 暗光 笼罩 成熟 女人 美少女 体香 充斥 的的 卧室 里 龙刚 正压 美艳 熟妇 墨雨幸 雪白 胴体 之上 快速 挺动 胯下 兽性 坚硬 巨龙 抽插 美妇人 娇嫩 紧窄 蜜洞 幽径 狂吻 可爱 美少女 胡 青青 娇嫩 红唇 吸吮 檀口 之内 柔嫩 芳香 小舌 贪婪 吸吮 美少女 香 唾 刚儿 老公 舒服 成熟 美妇人 墨雨幸 高 仰 螓首 美目 微闭 浪吟 享受 男人 身心 征伐 羞涩 亲生女儿 一同 伺候 男人 美妇人 抛弃 伦常 纲 沉浸 男女 淫欲 交欢 无限 刺激 快感 之中 龙刚 淫 淫 松开 怀中 美少女 看向 淫 弄 高潮迭起 美妇 师姐 那种 变异 爱恋 感便 越发 美妇 师姐 淫媚 浪吟 刺激 之下 胯下 兽性 巨龙 快速 凶狠 向前 挺动 抽插 成熟 娇嫩 淫湿 紧窄 蜜洞 幽径 深深 插入 仿佛 巨龙 龙首 刺穿 蜜洞 花心 深处 娇嫩 子宫 肉壁 抽出 总 摩擦 娇嫩 蜜洞 幽径 肉壁 那种 肉 肉 紧密 相连 刺激 快感 龙刚 浑身 舒爽 升入 仙境 男人 身边 美少女 晴子 快乐 享受 成熟 美妇人 张晶 香舌 下身 蜜洞 伺候 很久没 同性 香舌 亲吻 下身 蜜洞 晴子 仿佛 升入 仙境 淫媚 浪吟 声 此起彼伏 一双 玉手 用力 无力 按着 埋首 双腿 之间 美妇人 螓首 雪白 玉臀 悬空 恨不得 美妇人 香舌 插入 蜜洞 花心 最深处 玉臀 带着 节奏 微微 抛动 龙刚 抬头 美少女 晴子 发现 享受 同性 伺候 便 怀中 美少女 青青 推向 淫声 说道 乖 青儿 亲亲 晴儿 姐姐 在这 淫乱 景象 中 迷失 自我 可爱 美少女 胡 青青 自主 能力 男人 肆意 淫 弄 女人 捏 乳 亲吻 听到 男人 亲吻 晴子 便 乖乖 听话 身体 侧压 美少女 晴子 身上 胸前 尖挺 雪白 玉乳 正好 顶 晴子 胸前 一对 丰满 玉乳 之上 当四 乳 相接 摩擦 时 两个 美少女 香唇 香舌 融为一体 龙 刚直 腰身 双手 搂 美妇 师姐 墨雨幸 纤细 柳腰 实施 更 强劲 一轮 攻击 放在 床边 案几 手机 便 响 龙刚 随手 取过 手机 接通 来电 听到 传来 美少妇 袁衣紫 声音 路上 便 淫 声 笑 道 辛苦 紫儿 姐姐 老公 我会 重重 有赏 电话 头 袁衣紫 听得出来 龙刚 重重 赏 指 不由 粉脸 一阵 羞红 侧头 看向 坐在 旁边 美少女 张琳 发现 正好 望来 便 娇声 嗔道 大坏蛋 奖赏 免 怕 到时候 轮不到 美少女 张琳 听 袁衣紫 一种 莫名 羞涩 感涌 心头 袁衣紫 指 袁衣紫 投来 火辣辣 眼神 时 便 芳心 一阵 乱 跳 赶紧 螓首 转向 另一边 假装 车外 风景 魂儿 飘到 龙刚 身边 龙刚 挂 电话 便 手机 扔 双手 搂 美妇 师姐 柳腰 胯下 兽性 坚硬无比 巨龙 深深 插入 蜜洞 花心 深处 直顶 娇嫩 子宫 肉壁 之上 一阵 旋转 研磨 紧跟着 便 快速 无比 抽插 美妇 师姐 勾 魂魄 玉体 饶恕 征伐 美妇人 墨雨幸 淫媚 浪吟 声 大声 樱桃小嘴 和琼鼻 深处 蹦 发出
2017-12-27 10:29:35,281 - INFO - webService.py - getParagraphList - 135 - 分段长度为：39
2017-12-27 10:29:35,312 - INFO - webService.py - getDocSexProba - 112 - 色情分类概率是：0.138577, 模型分类结果：0, 分词结果：亮 光芒 自然 灯光 光芒 刀锋 折射 远处 灯光 光芒 只见 身体 翻飞 躲闪 要命 光芒 忘 给予 还击 从来不 兵器 龙 至诚 担任 龙凤 山庄 保卫工作 便 一把 软剑 缠于 腰际 便 软 剑 腰间 抽 剑光 刀光 所到之处 便 发出 金鸣 声响 龙至忠 一看 大哥 来犯之敌 交上 手 连忙 身后 抽出 惯用 金铁 戒尺 戒尺 钢硬 无比 锐利 锋芒 电话 接通 只能 戒尺 指向 前方 防守 大声 道 快 派 龙凤 山庄
2017-12-27 10:29:35,343 - INFO - webService.py - getDocSexProba - 112 - 色情分类概率是：0.035614, 模型分类结果：0, 分词结果：龙至忠 龙至忠 刚 说完 这句话 便 旁边 冲上来 三个 黑衣人 个个 手执 东洋刀 时刻 将刀 刺向 龙至忠 一举 置于死地 龙至忠 一看 连忙 手中 戒尺 环身 绕 听到 当当 三声 脆耳 声音 响起 龙至忠 身体 后方 退出 一步 躲过 三名 黑衣人 进攻 龙 至诚 力战 四名 黑衣人 武功 单对单 稳操胜券 一对 四 自然 打成 平手 足以 龙 至诚 感到 担心 一向 冲锋 打头阵 厉害 敌人 四个 黑衣人 便 围住 更 厉害 敌人 想不到 办法 全身而退
2017-12-27 10:29:35,395 - INFO - webService.py - getDocSexProba - 112 - 色情分类概率是：0.053121, 模型分类结果：0, 分词结果：这一 担心 便 不由自主 心急 想要 一举 四个 黑衣人 斩杀 剑 进攻 招式 凌厉 凶猛 龙至忠 一看 面对 三名 黑衣人 武功 不软 一时之间 难 打倒 想到 山庄 里 亲人 女流之辈 便 不由 神情 紧张 连忙 发出 声响 天彻地 龙吟 声 这是 发出 警报 山庄 里 的人 做好 凶狠 冲向 三个 黑衣人 希望 打倒 龙 至诚 龙至忠 两人 急于 想要 来犯之敌 打倒 事 愿违 心急 上火 想要 打倒 不想 实力 隐隐 增加 穿着 黑衣 露出 两个 眼睛 再配 鬼蜮 身法 时 进时 退 时而 交叉 进攻 时而 滚地 挥刃 龙 至诚 龙至忠 两人 上窜下跳 进攻 转为 防守 更 心惊 时 发觉 面对 七个 黑衣人 面对 黑衣人 退下去 冲上来 黑衣人 手中 兵器 长 刀 短剑 四个 五个 三个 黑衣人 越来越
2017-12-27 10:29:35,420 - INFO - webService.py - getDocSexProba - 112 - 色情分类概率是：0.219845, 模型分类结果：0, 分词结果：龙 至诚 龙至忠 两人 疲于 防守 之际 黑夜 深处 传来 一声 长长的 啸声 黑衣人 便 悄然 退去 龙 至诚 龙至忠 两人 连忙 站 在一起 急促 喘息 手中 兵器 处于 戒备 几声 鬼 笑 黑夜 之中 涌出来 数十个 黑衣人 龙 至诚 龙至忠 一看 脸色 变 神情 紧张 车轮 之术 先 体力 消耗 大半 一举 进攻 实在 高明 手段
2017-12-27 10:29:35,468 - INFO - webService.py - getDocSexProba - 112 - 色情分类概率是：0.072258, 模型分类结果：0, 分词结果：只见 身材高大 黑衣人 慢步 向前走 几步 对着 龙 至诚 冷笑 道 力气 乖乖 受死 龙至忠 听 便 气恼 叫道 贼子 休想 黑衣人 生气 一声 冷笑 想 留 全尸 收手 便 魂飞烟灭 龙 至诚 喘息 说道 少说废话 黑衣人 点点头 成全 说完 便 把手 挥 只见 身后 两侧 便 冲出 十个 黑衣人 挥 长 刀 便 龙 至诚 龙至忠 冲去 龙 至诚 龙至忠 一看 便 大叫 一声 不退反进 迎 快 黑衣人 打斗 在一起 时 见到 数十道 寒芒 闪过 十名 黑衣人 便 纷纷 发出 一声 惨叫 身体 往后 摔倒
2017-12-27 10:29:35,512 - INFO - webService.py - getDocSexProba - 112 - 色情分类概率是：0.147221, 模型分类结果：0, 分词结果：急转 局势 龙 至诚 龙至忠 带头 黑衣人 愣 愣 多久 便 发出 寒芒 龙 至诚 不由 一喜 龙至忠 看着 露出 笑容 发出 寒芒 龙 至诚 妻子 何冰 艳 龙至忠 妻子 丁柔 跟着 东方闻樱 黄凤英 东方闻樱 献身 便 走 龙 至诚 龙至忠 面前 轻声 问道 没 受伤 龙 至诚 龙至忠 听 连忙 说道 谢 二妈 受伤
2017-12-27 10:29:35,538 - INFO - webService.py - getDocSexProba - 112 - 色情分类概率是：0.017309, 模型分类结果：0, 分词结果：东方闻樱 听 便 点点头 看向 带头 黑衣人 竟敢 龙凤 山庄 撒野 带头 黑衣人 女人 愣 便 冷笑 道 龙刚 女人 身手 不错 好好 今晚 可要 大开杀戒 何冰 艳 走到 东方闻樱 身边 带头 黑衣人 冷冷的 说道 有种 侵犯 龙凤 山庄 真面目 见 带头 黑衣人 笑了笑 见 肯定 要见 见 便 再也 舍不得 离开
2017-12-27 10:29:35,572 - INFO - webService.py - getDocSexProba - 112 - 色情分类概率是：0.591543, 模型分类结果：1, 分词结果：说话 余 一双 色眼 紧盯 绝美 之极 何冰 艳 胸前 丰满 坚挺 双峰 望去 何冰 艳 听 粉脸 一阵 羞红 转即 雪白 羞愤 原因 龙刚 收服 何冰 艳 武功 不退 返进 深厚 武功 底蕴 的人 出自 名师 门下 龙刚 点拨 武功 隐然 龙氏一族 里 一流 高手 何冰 艳 杀心 便 双 掌 凝聚 全身 功力 挥拳 带头 黑衣人 擒贼先擒王 这是 战 致胜 不二法门 何冰 艳仗 武功 高强 想 先 带头 黑衣人 制服 便 轻松 化解 这场 危机
2017-12-27 10:29:35,622 - INFO - webService.py - getDocSexProba - 112 - 色情分类概率是：0.163019, 模型分类结果：0, 分词结果：带头 黑衣人 何冰 艳 进攻 招式 轻视 只见 猛的 高高 跃起 身体 腾空 之时 便 翻转 身体 头 下脚 手中 一把 光芒 更 盛 长刀 直 何冰 艳 刺去 何冰 艳 一看 黑衣人 进攻 大意 轻敌 手中 兵器 利用 可用 物 做 兵器 善于 身体 做 兵器 手 脚 便是 惯用 兵器 只见 挥 掌变 拳 身体 后仰 前 膝 微弯 后腿 挺 真 宛如 仰天 射 躬 势 玉掌 化为 粉拳 状 冲向 天际 柄 巨 锤 砸 天空 股 强大 内劲 足以 摧毁 任何事物
2017-12-27 10:29:35,672 - INFO - webService.py - getDocSexProba - 112 - 色情分类概率是：0.169799, 模型分类结果：0, 分词结果：这是 何冰 艳 龙刚 第一次 出手 功力 便 信心 龙刚 密授 功力 自然而然 更上一层楼 一拳 力道 花 功夫 便 带头 黑衣人 本来 依仗 具高 临下 攻击 势态 提高 攻击力 提高 气势 可当 身体 距离 何冰 艳 一丈 之内 时 便 感觉 一股 强大 劲力 涌向 身体 透明 气波 挡住 下降 趋势 关键 关键 那股 气波 越来越 强 隐隐 身体 天空 压去 势 不由 内心 大骇 用尽 全身 功力 贯注 手中 兵器 之上 穿透 强大 气波
2017-12-27 10:29:35,696 - INFO - webService.py - getDocSexProba - 112 - 色情分类概率是：0.076908, 模型分类结果：0, 分词结果：四百 一十三 凤吟 天下 何冰 艳 武功 提高 一点 但当 施展 出 武功 时 便 带头 黑衣人 龙刚 龙凤 山庄 便 一个人 对手 忽略 何冰 艳 带头 黑衣人 用尽 全身 内力 想要 穿透 何冰 艳 强大 气波 只能 差 毫 感觉 一丝 恐惧 何冰 艳 强大 所波 涌来 内力 却是 越来越重 一点 感到 后怕 做 常人 想不到
2017-12-27 10:29:35,710 - INFO - webService.py - getDocSexProba - 112 - 色情分类概率是：0.101251, 模型分类结果：0, 分词结果：何冰 艳 迎 带头 黑衣人 想 武功 足以 应付 忽略 一点 敌人 实力 远非 想像 不堪一击 一点 应敌 经验不足 是因为 出手 机会 每次 有什么 危险 时 龙刚 解决 出手 龙刚 出手 实力 阻止 带头 黑衣人 没想到 带头 黑衣人 做出 意想不到 改变 进攻 方向 一点 着实 无以 应对
2017-12-27 10:29:35,736 - INFO - webService.py - getDocSexProba - 112 - 色情分类概率是：0.064646, 模型分类结果：0, 分词结果：带头 黑衣人 制服 何冰 艳 手中 兵器 横 刺向 站 何冰 艳 身边 东方闻樱 这一下 变故 何冰 艳 感到 无以 应对 经验丰富 东方闻樱 一时间 傻了眼 自此 龙刚 收服 每次 男人 颠鸾倒凤 之际 身体 真力 便 消失 一分 一点 那丽丝 段时间 武功 下降 快 四大家族 传人 精妙 招式 内力 不济 根本无法 抗衡 带头 黑衣人 何冰 艳 内力 拼搏 机 常理 根本无法 分身 有术 防备 松懈 带头 黑衣人 刺来 着实 愣 应对
2017-12-27 10:29:35,755 - INFO - webService.py - getDocSexProba - 112 - 色情分类概率是：0.114298, 模型分类结果：0, 分词结果：带头 黑衣人 武功 高 绝 智谋 超强 敌 交手 经验 声东击西 避重就轻 战术 足以 证明 是一个 阴险 狠毒 的人 何冰 艳 对仗 早就 何冰 艳 说话 之际 打量 东方闻樱 威严 气势 领军人物 实力 却是 最弱 早就 何冰 艳 对仗 初 便 想 应对 策 何冰 艳 制服 便 改 进攻 最弱 的人 东方闻樱
2017-12-27 10:29:35,770 - INFO - webService.py - getDocSexProba - 112 - 色情分类概率是：0.257361, 模型分类结果：0, 分词结果：东方闻樱 愣 眼睁睁 看着 黑衣人 手中 利器 刺向 身体 不知 变故 惊呆 黑衣人 出手 吓呆了 反正 无以 应对 象 个镖 靶 站 任由 黑衣人 刺向 何冰 艳 苦于 全身 内力 一处 根本无法 顾及 旁边 的人 带头 黑衣人 奸滑 改变 进攻 方向 救 东方闻樱 一双 美目 里 不禁 露出 恐惧 神情 樱桃小嘴 张开 欲 警示 带头 黑衣人 速度 实在 太 快 没能 喊出来 便 黑衣人 手中 利器 刺入 东方闻樱 衣服 里
2017-12-27 10:29:35,794 - INFO - webService.py - getDocSexProba - 112 - 色情分类概率是：0.546393, 模型分类结果：1, 分词结果：惊讶 欲 大声 呼叫 时 带头 黑衣人 看着 手中 刀尖 刺入 东方闻樱 衣服 之内 感觉 手中 刀 刺进 绝 美妇人 柔嫩 肌肤 之中 时 便 听到 远空 传来 一声 刺耳 凤吟声 声音 极具 杀伤力 直 穿 进 带头 黑衣人 耳孔 之内 一声 惨叫 带头 黑衣人 手腕 软 手中 尖刀 撒手 紧跟着 双手 紧 捂着 双耳 一阵 猛抓 猛 挠 耳朵 里 有什么 东西 咬 难过 极
2017-12-27 10:29:35,811 - INFO - webService.py - getDocSexProba - 112 - 色情分类概率是：0.871807, 模型分类结果：1, 分词结果：变故 所有人 惊呆 住 何冰 艳 却是 兴奋 听得出来 声 凤吟声 发出 转头 只见 黑暗 中 慢慢 走出 美丽 女人 绝 美少妇 龙 玉兰 龙 玉兰 走 东方闻樱 身边 轻轻 扶 玉体 轻声 说道 妈 没事 东方闻樱 吓坏 眼睁睁 看着 黑衣人 刀尖 刺穿 衣服 时 死去 那种 恐惧感 说 根本无法 领会到 仿佛 心 一种 疼痛 感觉 时 一声 凤吟 恢复 那种 心 刀 刺穿 感觉 消失 说 受伤 只不过 衣服 刀 刺破
2017-12-27 10:29:35,853 - INFO - webService.py - getDocSexProba - 112 - 色情分类概率是：0.590615, 模型分类结果：1, 分词结果：兰儿 妈妈 没事 东方闻樱 微笑 女儿 说道 何冰 艳 众女 围着 龙 玉兰 玉兰 姐 声 凤吟 发出 龙 玉兰 看着 何冰 艳 笑 点点头 洗澡 发生 事 听 大妈 说 有人 龙凤 山庄 捣乱 便 快 贼子 正 刀 杀 我妈 情急 便 刚儿 教 凤吟 天下 没想到 真 管用 龙 玉兰 说完 便 猛抓 猛挠 黑衣人 众女 看着 痛苦 模样 不由 不解 黄凤英 好奇 问道 玉兰 姐姐 凤吟声 如此这般 模样
2017-12-27 10:29:35,904 - INFO - webService.py - getDocSexProba - 112 - 色情分类概率是：0.220118, 模型分类结果：0, 分词结果：龙 玉兰 笑了笑 起实 想 凤吟声 刺入 耳朵 里 难受 带头 黑衣人 实在 忍受 不住 双耳 难受 感 仰天 一声 怒吼 紧跟着 举起 双手 使劲 双耳 拍 龙 玉兰 一看 吓了一跳 人体 生死 大穴 双耳 旁 功力 高绝 拍下去 自杀 带头 黑衣人 双掌猛 拍向 双耳 一声 天 怒吼 众女 自绝 样子 吓坏 见 带头 黑衣人 慢慢 平静 慢慢 抬起 头 恨 恨 看向 龙 玉兰 今日 一战 毁 双耳 日 龙凤 山庄 所有人 碎 尸 万断
2017-12-27 10:29:35,929 - INFO - webService.py - getDocSexProba - 112 - 色情分类概率是：0.102997, 模型分类结果：0, 分词结果：龙 玉兰 听 黑衣人 邪恶 凶狠 便 厉声 说道 大胆 贼子 今日 想 活着 离开 龙凤 山庄 落 便 见 龙凤 山庄 外面 冲进来 何冰 艳 一看 不由 大喜 一眼 认出 冲进来 男人 龙刚 墨龙 的人 领头 猫眼 李胜 带头 黑衣人 之间 冲进来 男人 便 今夜 失败 一种 恼羞成怒 感觉 涌 心头 恨 恨 对龙 玉兰 说道 拦 笑话
2017-12-27 10:29:35,979 - INFO - webService.py - getDocSexProba - 112 - 色情分类概率是：0.148367, 模型分类结果：0, 分词结果：说完 便 手一挥 只见 身后 黑衣人 便 猫眼 李胜 战在 龙 玉兰 黑衣人 开战 便 拧 身 冲向 带头 黑衣人 何冰 艳 黄凤黄 一看 自然 战团 带头 黑衣人 武功 实在 高 张 双掌猛 击 双耳 太阳穴 死 便 可知 武功 高 龙 玉兰 扑 何冰 艳 自然 两 女 进攻 一时间 黑衣人 疲于 应对 猫眼 李胜 黑衣人 战 在一起 便 砍瓜 西刀 猫眼 李胜 总共 九个 作战 李胜 在内 八个 猫眼 武功 实在 低 冲到 东方闻樱 便 守 这是 在行
2017-12-27 10:29:36,016 - INFO - webService.py - getDocSexProba - 112 - 色情分类概率是：0.093977, 模型分类结果：0, 分词结果：李胜 龙刚 一手 调教 高手 龙刚 墨龙 都江 立足 自知 单凭 力 便 传授 武功 武功 龙皇 秘笈 说 李胜 八人 武功 足以 抵 百 黑衣人 招式 奇特 龙皇 秘笈 武功 相比 不足以 相提并论 李胜 象 砍 西瓜 刀 风卷残云 黑衣人 解决 掉 快 结束 快 剩下 龙 玉兰 何冰 艳 激斗 带头 黑衣人
2017-12-27 10:29:36,064 - INFO - webService.py - getDocSexProba - 112 - 色情分类概率是：0.158818, 模型分类结果：0, 分词结果：带头 黑衣人 疲于 应对 龙 玉兰 何冰 艳 两大 高手 眼观四路 早就 发现自己 的人 阵亡 更是 心寒 本来 光 何冰 艳 便 制服 龙 玉兰 那他 更是 制服 更 令 没想到 龙刚 手下 八个 不起眼 手下 的人 厉害 一百倍 八个 瞬间 便 杀 四十多个 手下 无论是 形势 实力 落败 下风 选择 逃 想要 逃 一件 十分困难 事 前 龙 玉兰 何冰 艳 李胜 八 想要 逃 十分困难 付出代价 越 想 越 后怕 越 想 越 急 应对 龙 玉兰 何冰 艳 进攻 之时 便 越来越 弱 根本无法 应对 只能 受制
2017-12-27 10:29:36,095 - INFO - webService.py - getDocSexProba - 112 - 色情分类概率是：0.072106, 模型分类结果：0, 分词结果：龙凤 山庄 外面 冲进来 一大批 黑衣人 带头 黑衣人 内心 大喜 今日 终于 逃 一死 兴奋 情 猛的 龙 玉兰 何冰 艳 两人 进攻 两招 随即 便 流星 疾射 拼了命 逃 李胜 八人 黑衣人 不到 十分钟 便 丝毫 不损 解决 可惜 带头 黑衣人 混乱 逃走 龙 玉兰 何冰 艳 想 追 几个 黑衣人 挡住 杀 黑衣人 带头 黑衣人 便 无影无踪
2017-12-27 10:29:36,123 - INFO - webService.py - getDocSexProba - 112 - 色情分类概率是：0.292707, 模型分类结果：0, 分词结果：黑衣人 倒下 龙 玉兰 何冰 艳 微微 喘息 恨 恨 盯 远处 夜色 龙 玉兰 恨 恨 说道 气死我了 贼子 逃走 何冰 艳 遗憾 说道 今日 逃走 日 掀起 风波 李胜 走 何冰 艳 一看 李胜 便 说道 谢谢你们 李胜 听 连忙 双手 拱 低头 说道 嫂夫人 讲 保护 龙凤 山庄 义不容辞 事 猫眼 走 嫂夫人 庄里可 有人 受伤 医生
2017-12-27 10:29:36,143 - INFO - webService.py - getDocSexProba - 112 - 色情分类概率是：0.985733, 模型分类结果：1, 分词结果：何冰 艳 摇摇头 还好 没 受伤 通知 龙刚 说 山庄 出事 回来 猫眼 听 愣 龙刚 做 何冰 艳 说 只好 连忙 说道 大嫂 通知 大哥 四百 十四 淫邪 调教 龙刚 体内 那股 淫毒 越来越 汹涌 五脏六腑 吞噬 身下 美少女 胡 青青 越来越 高亢 淫浪 呻吟声 更是 刺激 原始 兽欲 暴涨
2017-12-27 10:29:36,170 - INFO - webService.py - getDocSexProba - 112 - 色情分类概率是：0.998095, 模型分类结果：1, 分词结果：龙刚 淫邪 美艳 成熟 师姐 墨雨幸 搂 怀里 淫声 说道 乖幸 晴儿 晶儿 说 手握着 美妇人 胸前 雪白 玉乳 揉捏 美妇人 墨雨幸 羞红 粉脸 男人 旁边 只见 女儿 晴子 美妇人 张晶正 缠绵悱恻 舌 吻 淫乱 景象 体内 血液 沸腾 一颗 芳心 更是 狂 跳 龙刚 耳边 淫声 说道 乖幸 看着 晴儿 晶儿 不想 青儿
2017-12-27 10:29:36,220 - INFO - webService.py - getDocSexProba - 112 - 色情分类概率是：0.999989, 模型分类结果：1, 分词结果：美妇人 听 男人 淫话 粉脸 羞红 母女 同淫 性刺激 身体 里 狂涌 淫情 再也 受 控制 泛红 美目 直射 向龙刚 身下 淫 声浪 吟 可爱 美少女 胡 青青 挣扎 之际 男人 一只 手 便 螓首 之上 慢慢 美少女 粉脸 压去 花蕾 美少女 胡 青青 承受 男人 胯下 兽性 巨龙 摧残 发出 淫媚 极的 浪吟 声 一双 美目 闭合 微微 眨开 眼帘 之中 便 成熟 美妇人 墨雨幸 男人 按着 压来 身体 里 春 情欲 火腾 燃烧 最高点 母亲 女人 亲密 身体 接触 四 女 同床 共 伺 男人 破天荒 第一次 早 会有 禁忌 同性 性爱 便 降临 身上 一颗 芳心 爆炸 一双 无助 玉手 半 合 主动 抱住 美妇人 黑雨幸 玉 脖 红润 樱唇 半张 螓首微仰 等待 激动人心 一刻 到来
2017-12-27 10:29:36,254 - INFO - webService.py - getDocSexProba - 112 - 色情分类概率是：0.999958, 模型分类结果：1, 分词结果：成熟 美妇人 墨雨幸 男人 半 强迫 压向 美少女 一看 美少女 放得 开 主动 倒 身为 长辈 放不开 便 双手 捧 可爱 美少女 螓首将 红润 樱唇 吻住 美少女 微微 开启 等待 娇嫩 樱唇 四片 红唇 紧密 粘合 在一起 时 本能 美妇人 便 香舌 伸进 美少女 檀口 之内 刹那间 激情 母女 组合 香艳 刺激 缠绵悱恻 舌吻 龙 刚 看着 大床 之上 两对 母女 交颈 缠绵 舌吻 时 壮观 场面 一种 无比 自豪感 放眼 天下 龙 刚 令 娇美 花 艳色 群芳 两对 母女 胯下 承欢 那种 母女 交换 同性 性爱 快感 刺激 体内 正 膨胀 爆炸 兽性 淫毒
2017-12-27 10:29:36,280 - INFO - webService.py - getDocSexProba - 112 - 色情分类概率是：0.635100, 模型分类结果：1, 分词结果：美少妇 袁衣紫 紫菲兰 名店 走 双颊 羞红 无限 轿车 走 暗骂 色魔 羞死 买 那种 东西 绝世 淫 魔 手上 擒 两袋 东西 打开 车门 便 东西 放在 车 后座 之上 发动 轿车 前 驶去 龙刚 吩咐 办 几件事 办 第一件 事 要办 事 便是 公司 接 女主角 美少女 张琳 龙刚 吩咐 要办 大事 忘 接 张琳 买 几件 衣服
2017-12-27 10:29:36,314 - INFO - webService.py - getDocSexProba - 112 - 色情分类概率是：0.850787, 模型分类结果：1, 分词结果：女人 买 衣服 在行 龙刚 女人 标准 衣服 架子 买 衣服 合身 差 款式 各有所爱 袁衣紫 轿车 停 公司 楼下 路边 时 身材 高挑 穿着 一身 淡绿色 连衣裙 美少女 站 公司 门口 左 右 一看 便 笑了笑 龙刚 说 那种 话 美少女 是一个 标准 美人 胚子 从前 眼光 喜爱 那种 类型 车上 美少女 招 招手
2017-12-27 10:29:36,351 - INFO - webService.py - getDocSexProba - 112 - 色情分类概率是：0.695745, 模型分类结果：1, 分词结果：美少女 张琳 医院 看过 弟弟 便 回家 换 一身 衣服 没 敢 发生 事 告诉 父母亲 深怕 惹出 事来 龙刚 说 带 见 未来 婆婆 小姑子 换 件 平时 爱 穿 连衣裙 赶到 公司 龙刚 说 陪 吃饭 说 家里 吃 公司 门口 接 便 张琳正 焦急 龙刚 没来 美少妇 正 招手 美少妇 辆 轿车 龙刚 车子 便 袁衣紫 走来
2017-12-27 10:29:36,402 - INFO - webService.py - getDocSexProba - 112 - 色情分类概率是：0.525420, 模型分类结果：1, 分词结果：张琳 妹妹 袁衣紫 满脸 微笑 张琳 笑 道 张琳 抱 微笑 面对 袁衣紫 点点头 请问 衣 紫 姐姐 龙 刚 接 袁衣紫 说 张琳 招招手 示意 上车 张琳 一看 犹豫 想 问 龙刚 想 龙刚 临时 有事 反正 车子 美少妇 龙刚 家人 便 笑 车 袁衣紫 坐回 车子 里后 美少女 张琳 笑 道 妹妹 长 好看 龙刚
2017-12-27 10:29:36,428 - INFO - webService.py - getDocSexProba - 112 - 色情分类概率是：0.683980, 模型分类结果：1, 分词结果：美少女 张琳 听 粉脸 一阵 羞红 姐姐 好看 说完 低下头去 手 梳 梳 秀发 以此 掩饰 羞涩 表情 袁衣紫 一看 害羞 模样 想到 发生 事 不由 偷偷 笑了笑 开 车子 带着 美少女 张琳 墨雨幸 半山 别墅 驶去 拿出 手机 按了 便 说道 路上
2017-12-27 10:29:36,452 - INFO - webService.py - getDocSexProba - 112 - 色情分类概率是：1.000000, 模型分类结果：1, 分词结果：红色 暗光 笼罩 成熟 女人 美少女 体香 充斥 的的 卧室 里 龙刚 正压 美艳 熟妇 墨雨幸 雪白 胴体 之上 快速 挺动 胯下 兽性 坚硬 巨龙 抽插 美妇人 娇嫩 紧窄 蜜洞 幽径 狂吻 可爱 美少女 胡 青青 娇嫩 红唇 吸吮 檀口 之内 柔嫩 芳香 小舌 贪婪 吸吮 美少女 香 唾 刚儿 老公 舒服 成熟 美妇人 墨雨幸 高 仰 螓首 美目 微闭 浪吟 享受 男人 身心 征伐 羞涩 亲生女儿 一同 伺候 男人 美妇人 抛弃 伦常 纲 沉浸 男女 淫欲 交欢 无限 刺激 快感 之中
2017-12-27 10:29:36,476 - INFO - webService.py - getDocSexProba - 112 - 色情分类概率是：0.999995, 模型分类结果：1, 分词结果：龙刚 淫 淫 松开 怀中 美少女 看向 淫 弄 高潮迭起 美妇 师姐 那种 变异 爱恋 感便 越发 美妇 师姐 淫媚 浪吟 刺激 之下 胯下 兽性 巨龙 快速 凶狠 向前 挺动 抽插 成熟 娇嫩 淫湿 紧窄 蜜洞 幽径 深深 插入 仿佛 巨龙 龙首 刺穿 蜜洞 花心 深处 娇嫩 子宫 肉壁 抽出 总 摩擦 娇嫩 蜜洞 幽径 肉壁 那种 肉 肉 紧密 相连 刺激 快感 龙刚 浑身 舒爽 升入 仙境
2017-12-27 10:29:36,490 - INFO - webService.py - getDocSexProba - 112 - 色情分类概率是：0.999991, 模型分类结果：1, 分词结果：男人 身边 美少女 晴子 快乐 享受 成熟 美妇人 张晶 香舌 下身 蜜洞 伺候 很久没 同性 香舌 亲吻 下身 蜜洞 晴子 仿佛 升入 仙境 淫媚 浪吟 声 此起彼伏 一双 玉手 用力 无力 按着 埋首 双腿 之间 美妇人 螓首 雪白 玉臀 悬空 恨不得 美妇人 香舌 插入 蜜洞 花心 最深处 玉臀 带着 节奏 微微 抛动 龙刚 抬头 美少女 晴子 发现 享受 同性 伺候 便 怀中 美少女 青青 推向 淫声 说道 乖 青儿 亲亲 晴儿 姐姐
2017-12-27 10:29:36,519 - INFO - webService.py - getDocSexProba - 112 - 色情分类概率是：0.999789, 模型分类结果：1, 分词结果：在这 淫乱 景象 中 迷失 自我 可爱 美少女 胡 青青 自主 能力 男人 肆意 淫 弄 女人 捏 乳 亲吻 听到 男人 亲吻 晴子 便 乖乖 听话 身体 侧压 美少女 晴子 身上 胸前 尖挺 雪白 玉乳 正好 顶 晴子 胸前 一对 丰满 玉乳 之上 当四 乳 相接 摩擦 时 两个 美少女 香唇 香舌 融为一体 龙 刚直 腰身 双手 搂 美妇 师姐 墨雨幸 纤细 柳腰 实施 更 强劲 一轮 攻击 放在 床边 案几 手机 便 响 龙刚 随手 取过 手机 接通 来电 听到 传来 美少妇 袁衣紫 声音 路上
2017-12-27 10:29:36,561 - INFO - webService.py - getDocSexProba - 112 - 色情分类概率是：0.685947, 模型分类结果：1, 分词结果：便 淫 声 笑 道 辛苦 紫儿 姐姐 老公 我会 重重 有赏 电话 头 袁衣紫 听得出来 龙刚 重重 赏 指 不由 粉脸 一阵 羞红 侧头 看向 坐在 旁边 美少女 张琳 发现 正好 望来 便 娇声 嗔道 大坏蛋 奖赏 免 怕 到时候 轮不到 美少女 张琳 听 袁衣紫 一种 莫名 羞涩 感涌 心头 袁衣紫 指 袁衣紫 投来 火辣辣 眼神 时 便 芳心 一阵 乱 跳 赶紧 螓首 转向 另一边 假装 车外 风景 魂儿 飘到 龙刚 身边
